TN:
SF:src/App.tsx
FN:3,App
FNF:1
FNH:0
FNDA:0,App
DA:4,0
LF:1
LH:0
BRF:0
BRH:0
end_of_record
TN:
SF:src/api/client.ts
FN:147,(anonymous_0)
FN:156,(anonymous_1)
FN:190,(anonymous_2)
FN:217,(anonymous_3)
FN:219,(anonymous_4)
FN:230,(anonymous_5)
FN:236,(anonymous_6)
FN:240,(anonymous_7)
FN:245,(anonymous_8)
FN:250,(anonymous_9)
FN:256,(anonymous_10)
FN:260,(anonymous_11)
FN:264,(anonymous_12)
FN:268,(anonymous_13)
FN:272,(anonymous_14)
FN:278,(anonymous_15)
FN:283,(anonymous_16)
FN:287,(anonymous_17)
FN:291,(anonymous_18)
FN:297,(anonymous_19)
FN:306,(anonymous_20)
FN:310,(anonymous_21)
FN:314,(anonymous_22)
FN:318,(anonymous_23)
FN:324,(anonymous_24)
FN:328,(anonymous_25)
FN:332,(anonymous_26)
FN:349,(anonymous_27)
FN:358,(anonymous_28)
FN:362,(anonymous_29)
FN:366,(anonymous_30)
FN:370,(anonymous_31)
FN:376,(anonymous_32)
FN:380,(anonymous_33)
FN:384,(anonymous_34)
FN:401,(anonymous_35)
FN:408,(anonymous_36)
FN:419,(anonymous_37)
FN:424,(anonymous_38)
FN:428,(anonymous_39)
FN:433,(anonymous_40)
FN:437,(anonymous_41)
FN:443,(anonymous_42)
FN:447,(anonymous_43)
FN:451,(anonymous_44)
FN:468,(anonymous_45)
FN:477,(anonymous_46)
FN:481,(anonymous_47)
FN:485,(anonymous_48)
FN:489,(anonymous_49)
FN:495,(anonymous_50)
FN:504,(anonymous_51)
FN:508,(anonymous_52)
FN:512,(anonymous_53)
FN:529,(anonymous_54)
FN:538,(anonymous_55)
FN:542,(anonymous_56)
FN:546,(anonymous_57)
FN:550,(anonymous_58)
FN:556,(anonymous_59)
FN:560,(anonymous_60)
FN:564,(anonymous_61)
FN:581,(anonymous_62)
FN:590,(anonymous_63)
FN:594,(anonymous_64)
FN:598,(anonymous_65)
FN:602,(anonymous_66)
FN:608,(anonymous_67)
FN:612,(anonymous_68)
FN:616,(anonymous_69)
FN:633,(anonymous_70)
FN:637,(anonymous_71)
FN:641,(anonymous_72)
FN:647,(anonymous_73)
FN:656,(anonymous_74)
FN:660,(anonymous_75)
FN:664,(anonymous_76)
FN:668,(anonymous_77)
FN:674,(anonymous_78)
FN:678,(anonymous_79)
FN:682,(anonymous_80)
FN:699,(anonymous_81)
FN:703,(anonymous_82)
FN:707,(anonymous_83)
FN:713,(anonymous_84)
FN:718,(anonymous_85)
FN:722,(anonymous_86)
FN:726,(anonymous_87)
FN:730,(anonymous_88)
FN:736,(anonymous_89)
FN:740,(anonymous_90)
FN:744,(anonymous_91)
FN:750,(anonymous_92)
FN:755,(anonymous_93)
FN:759,(anonymous_94)
FN:763,(anonymous_95)
FN:773,(anonymous_96)
FN:778,(anonymous_97)
FN:782,(anonymous_98)
FN:786,(anonymous_99)
FN:790,(anonymous_100)
FN:796,(anonymous_101)
FN:800,(anonymous_102)
FN:806,(anonymous_103)
FN:810,(anonymous_104)
FN:814,(anonymous_105)
FN:818,(anonymous_106)
FN:822,(anonymous_107)
FN:826,(anonymous_108)
FN:830,(anonymous_109)
FN:834,(anonymous_110)
FN:840,(anonymous_111)
FN:844,(anonymous_112)
FN:848,(anonymous_113)
FN:852,(anonymous_114)
FN:858,(anonymous_115)
FN:862,(anonymous_116)
FN:866,(anonymous_117)
FN:870,(anonymous_118)
FN:880,(anonymous_119)
FN:886,(anonymous_120)
FN:893,(anonymous_121)
FN:898,(anonymous_122)
FN:910,(anonymous_123)
FN:917,(anonymous_124)
FN:927,(anonymous_125)
FN:952,(anonymous_126)
FN:983,(anonymous_127)
FN:998,(anonymous_128)
FN:1014,(anonymous_129)
FN:1030,(anonymous_130)
FN:1046,(anonymous_131)
FN:1060,(anonymous_132)
FN:1075,(anonymous_133)
FN:1123,(anonymous_134)
FN:1237,(anonymous_135)
FN:1250,(anonymous_136)
FN:1268,(anonymous_137)
FN:1281,(anonymous_138)
FN:1296,(anonymous_139)
FN:1309,(anonymous_140)
FN:1320,(anonymous_141)
FN:1329,(anonymous_142)
FN:1344,(anonymous_143)
FN:1351,(anonymous_144)
FN:1360,(anonymous_145)
FN:1369,(anonymous_146)
FN:1380,(anonymous_147)
FN:1391,(anonymous_148)
FN:1402,(anonymous_149)
FN:1413,(anonymous_150)
FN:1424,(anonymous_151)
FN:1431,(anonymous_152)
FNF:153
FNH:0
FNDA:0,(anonymous_0)
FNDA:0,(anonymous_1)
FNDA:0,(anonymous_2)
FNDA:0,(anonymous_3)
FNDA:0,(anonymous_4)
FNDA:0,(anonymous_5)
FNDA:0,(anonymous_6)
FNDA:0,(anonymous_7)
FNDA:0,(anonymous_8)
FNDA:0,(anonymous_9)
FNDA:0,(anonymous_10)
FNDA:0,(anonymous_11)
FNDA:0,(anonymous_12)
FNDA:0,(anonymous_13)
FNDA:0,(anonymous_14)
FNDA:0,(anonymous_15)
FNDA:0,(anonymous_16)
FNDA:0,(anonymous_17)
FNDA:0,(anonymous_18)
FNDA:0,(anonymous_19)
FNDA:0,(anonymous_20)
FNDA:0,(anonymous_21)
FNDA:0,(anonymous_22)
FNDA:0,(anonymous_23)
FNDA:0,(anonymous_24)
FNDA:0,(anonymous_25)
FNDA:0,(anonymous_26)
FNDA:0,(anonymous_27)
FNDA:0,(anonymous_28)
FNDA:0,(anonymous_29)
FNDA:0,(anonymous_30)
FNDA:0,(anonymous_31)
FNDA:0,(anonymous_32)
FNDA:0,(anonymous_33)
FNDA:0,(anonymous_34)
FNDA:0,(anonymous_35)
FNDA:0,(anonymous_36)
FNDA:0,(anonymous_37)
FNDA:0,(anonymous_38)
FNDA:0,(anonymous_39)
FNDA:0,(anonymous_40)
FNDA:0,(anonymous_41)
FNDA:0,(anonymous_42)
FNDA:0,(anonymous_43)
FNDA:0,(anonymous_44)
FNDA:0,(anonymous_45)
FNDA:0,(anonymous_46)
FNDA:0,(anonymous_47)
FNDA:0,(anonymous_48)
FNDA:0,(anonymous_49)
FNDA:0,(anonymous_50)
FNDA:0,(anonymous_51)
FNDA:0,(anonymous_52)
FNDA:0,(anonymous_53)
FNDA:0,(anonymous_54)
FNDA:0,(anonymous_55)
FNDA:0,(anonymous_56)
FNDA:0,(anonymous_57)
FNDA:0,(anonymous_58)
FNDA:0,(anonymous_59)
FNDA:0,(anonymous_60)
FNDA:0,(anonymous_61)
FNDA:0,(anonymous_62)
FNDA:0,(anonymous_63)
FNDA:0,(anonymous_64)
FNDA:0,(anonymous_65)
FNDA:0,(anonymous_66)
FNDA:0,(anonymous_67)
FNDA:0,(anonymous_68)
FNDA:0,(anonymous_69)
FNDA:0,(anonymous_70)
FNDA:0,(anonymous_71)
FNDA:0,(anonymous_72)
FNDA:0,(anonymous_73)
FNDA:0,(anonymous_74)
FNDA:0,(anonymous_75)
FNDA:0,(anonymous_76)
FNDA:0,(anonymous_77)
FNDA:0,(anonymous_78)
FNDA:0,(anonymous_79)
FNDA:0,(anonymous_80)
FNDA:0,(anonymous_81)
FNDA:0,(anonymous_82)
FNDA:0,(anonymous_83)
FNDA:0,(anonymous_84)
FNDA:0,(anonymous_85)
FNDA:0,(anonymous_86)
FNDA:0,(anonymous_87)
FNDA:0,(anonymous_88)
FNDA:0,(anonymous_89)
FNDA:0,(anonymous_90)
FNDA:0,(anonymous_91)
FNDA:0,(anonymous_92)
FNDA:0,(anonymous_93)
FNDA:0,(anonymous_94)
FNDA:0,(anonymous_95)
FNDA:0,(anonymous_96)
FNDA:0,(anonymous_97)
FNDA:0,(anonymous_98)
FNDA:0,(anonymous_99)
FNDA:0,(anonymous_100)
FNDA:0,(anonymous_101)
FNDA:0,(anonymous_102)
FNDA:0,(anonymous_103)
FNDA:0,(anonymous_104)
FNDA:0,(anonymous_105)
FNDA:0,(anonymous_106)
FNDA:0,(anonymous_107)
FNDA:0,(anonymous_108)
FNDA:0,(anonymous_109)
FNDA:0,(anonymous_110)
FNDA:0,(anonymous_111)
FNDA:0,(anonymous_112)
FNDA:0,(anonymous_113)
FNDA:0,(anonymous_114)
FNDA:0,(anonymous_115)
FNDA:0,(anonymous_116)
FNDA:0,(anonymous_117)
FNDA:0,(anonymous_118)
FNDA:0,(anonymous_119)
FNDA:0,(anonymous_120)
FNDA:0,(anonymous_121)
FNDA:0,(anonymous_122)
FNDA:0,(anonymous_123)
FNDA:0,(anonymous_124)
FNDA:0,(anonymous_125)
FNDA:0,(anonymous_126)
FNDA:0,(anonymous_127)
FNDA:0,(anonymous_128)
FNDA:0,(anonymous_129)
FNDA:0,(anonymous_130)
FNDA:0,(anonymous_131)
FNDA:0,(anonymous_132)
FNDA:0,(anonymous_133)
FNDA:0,(anonymous_134)
FNDA:0,(anonymous_135)
FNDA:0,(anonymous_136)
FNDA:0,(anonymous_137)
FNDA:0,(anonymous_138)
FNDA:0,(anonymous_139)
FNDA:0,(anonymous_140)
FNDA:0,(anonymous_141)
FNDA:0,(anonymous_142)
FNDA:0,(anonymous_143)
FNDA:0,(anonymous_144)
FNDA:0,(anonymous_145)
FNDA:0,(anonymous_146)
FNDA:0,(anonymous_147)
FNDA:0,(anonymous_148)
FNDA:0,(anonymous_149)
FNDA:0,(anonymous_150)
FNDA:0,(anonymous_151)
FNDA:0,(anonymous_152)
DA:148,0
DA:149,0
DA:150,0
DA:151,0
DA:163,0
DA:164,0
DA:165,0
DA:169,0
DA:170,0
DA:174,0
DA:175,0
DA:179,0
DA:180,0
DA:183,0
DA:189,0
DA:190,0
DA:191,0
DA:195,0
DA:196,0
DA:197,0
DA:199,0
DA:202,0
DA:204,0
DA:205,0
DA:208,0
DA:210,0
DA:211,0
DA:213,0
DA:218,0
DA:219,0
DA:220,0
DA:221,0
DA:224,0
DA:225,0
DA:231,0
DA:237,0
DA:241,0
DA:242,0
DA:246,0
DA:247,0
DA:251,0
DA:257,0
DA:261,0
DA:265,0
DA:269,0
DA:273,0
DA:279,0
DA:280,0
DA:284,0
DA:288,0
DA:292,0
DA:302,0
DA:303,0
DA:307,0
DA:311,0
DA:315,0
DA:319,0
DA:325,0
DA:329,0
DA:339,0
DA:354,0
DA:355,0
DA:359,0
DA:363,0
DA:367,0
DA:371,0
DA:377,0
DA:381,0
DA:391,0
DA:402,0
DA:409,0
DA:420,0
DA:421,0
DA:425,0
DA:429,0
DA:430,0
DA:434,0
DA:438,0
DA:444,0
DA:448,0
DA:458,0
DA:473,0
DA:474,0
DA:478,0
DA:482,0
DA:486,0
DA:490,0
DA:496,0
DA:505,0
DA:509,0
DA:519,0
DA:534,0
DA:535,0
DA:539,0
DA:543,0
DA:547,0
DA:551,0
DA:557,0
DA:561,0
DA:571,0
DA:586,0
DA:587,0
DA:591,0
DA:595,0
DA:599,0
DA:603,0
DA:609,0
DA:613,0
DA:623,0
DA:634,0
DA:638,0
DA:642,0
DA:652,0
DA:653,0
DA:657,0
DA:661,0
DA:665,0
DA:669,0
DA:675,0
DA:679,0
DA:689,0
DA:700,0
DA:704,0
DA:708,0
DA:714,0
DA:715,0
DA:719,0
DA:723,0
DA:727,0
DA:731,0
DA:737,0
DA:741,0
DA:745,0
DA:751,0
DA:752,0
DA:756,0
DA:760,0
DA:764,0
DA:774,0
DA:775,0
DA:779,0
DA:783,0
DA:787,0
DA:791,0
DA:797,0
DA:801,0
DA:807,0
DA:811,0
DA:815,0
DA:819,0
DA:823,0
DA:827,0
DA:831,0
DA:835,0
DA:841,0
DA:845,0
DA:849,0
DA:853,0
DA:859,0
DA:863,0
DA:867,0
DA:871,0
DA:872,0
DA:874,0
DA:881,0
DA:887,0
DA:888,0
DA:894,0
DA:895,0
DA:899,0
DA:904,0
DA:911,0
DA:918,0
DA:919,0
DA:921,0
DA:934,0
DA:935,0
DA:936,0
DA:941,0
DA:942,0
DA:945,0
DA:951,0
DA:952,0
DA:953,0
DA:956,0
DA:957,0
DA:958,0
DA:960,0
DA:963,0
DA:965,0
DA:966,0
DA:969,0
DA:971,0
DA:972,0
DA:974,0
DA:988,0
DA:989,0
DA:1004,0
DA:1019,0
DA:1036,0
DA:1051,0
DA:1065,0
DA:1088,0
DA:1089,0
DA:1094,0
DA:1095,0
DA:1099,0
DA:1100,0
DA:1104,0
DA:1112,0
DA:1122,0
DA:1123,0
DA:1124,0
DA:1127,0
DA:1128,0
DA:1129,0
DA:1132,0
DA:1133,0
DA:1134,0
DA:1136,0
DA:1137,0
DA:1138,0
DA:1139,0
DA:1141,0
DA:1142,0
DA:1143,0
DA:1145,0
DA:1146,0
DA:1148,0
DA:1149,0
DA:1150,0
DA:1151,0
DA:1152,0
DA:1153,0
DA:1154,0
DA:1155,0
DA:1158,0
DA:1159,0
DA:1160,0
DA:1162,0
DA:1164,0
DA:1169,0
DA:1171,0
DA:1173,0
DA:1174,0
DA:1176,0
DA:1180,0
DA:1181,0
DA:1182,0
DA:1184,0
DA:1186,0
DA:1187,0
DA:1189,0
DA:1191,0
DA:1192,0
DA:1194,0
DA:1196,0
DA:1197,0
DA:1200,0
DA:1206,0
DA:1208,0
DA:1209,0
DA:1211,0
DA:1215,0
DA:1222,0
DA:1223,0
DA:1228,0
DA:1241,0
DA:1255,0
DA:1272,0
DA:1286,0
DA:1287,0
DA:1300,0
DA:1314,0
DA:1321,0
DA:1334,0
DA:1335,0
DA:1345,0
DA:1352,0
DA:1361,0
DA:1370,0
DA:1384,0
DA:1395,0
DA:1406,0
DA:1417,0
DA:1425,0
DA:1435,0
LF:287
LH:0
BRDA:169,0,0,0
BRDA:169,0,1,0
BRDA:174,1,0,0
BRDA:174,1,1,0
BRDA:179,2,0,0
BRDA:179,2,1,0
BRDA:186,3,0,0
BRDA:186,3,1,0
BRDA:189,4,0,0
BRDA:189,4,1,0
BRDA:191,5,0,0
BRDA:191,5,1,0
BRDA:195,6,0,0
BRDA:195,6,1,0
BRDA:196,7,0,0
BRDA:196,7,1,0
BRDA:196,8,0,0
BRDA:196,8,1,0
BRDA:204,9,0,0
BRDA:204,9,1,0
BRDA:204,10,0,0
BRDA:204,10,1,0
BRDA:210,11,0,0
BRDA:210,11,1,0
BRDA:210,12,0,0
BRDA:210,12,1,0
BRDA:220,13,0,0
BRDA:220,13,1,0
BRDA:220,14,0,0
BRDA:220,14,1,0
BRDA:225,15,0,0
BRDA:225,15,1,0
BRDA:241,16,0,0
BRDA:241,16,1,0
BRDA:246,17,0,0
BRDA:246,17,1,0
BRDA:279,18,0,0
BRDA:279,18,1,0
BRDA:292,19,0,0
BRDA:292,19,1,0
BRDA:302,20,0,0
BRDA:302,20,1,0
BRDA:354,21,0,0
BRDA:354,21,1,0
BRDA:420,22,0,0
BRDA:420,22,1,0
BRDA:429,23,0,0
BRDA:429,23,1,0
BRDA:473,24,0,0
BRDA:473,24,1,0
BRDA:534,25,0,0
BRDA:534,25,1,0
BRDA:586,26,0,0
BRDA:586,26,1,0
BRDA:652,27,0,0
BRDA:652,27,1,0
BRDA:714,28,0,0
BRDA:714,28,1,0
BRDA:751,29,0,0
BRDA:751,29,1,0
BRDA:774,30,0,0
BRDA:774,30,1,0
BRDA:871,31,0,0
BRDA:871,31,1,0
BRDA:881,32,0,0
BRDA:881,32,1,0
BRDA:894,33,0,0
BRDA:894,33,1,0
BRDA:918,34,0,0
BRDA:918,34,1,0
BRDA:941,35,0,0
BRDA:941,35,1,0
BRDA:948,36,0,0
BRDA:948,36,1,0
BRDA:951,37,0,0
BRDA:951,37,1,0
BRDA:953,38,0,0
BRDA:953,38,1,0
BRDA:956,39,0,0
BRDA:956,39,1,0
BRDA:957,40,0,0
BRDA:957,40,1,0
BRDA:957,41,0,0
BRDA:957,41,1,0
BRDA:965,42,0,0
BRDA:965,42,1,0
BRDA:965,43,0,0
BRDA:965,43,1,0
BRDA:971,44,0,0
BRDA:971,44,1,0
BRDA:971,45,0,0
BRDA:971,45,1,0
BRDA:1094,46,0,0
BRDA:1094,46,1,0
BRDA:1099,47,0,0
BRDA:1099,47,1,0
BRDA:1122,48,0,0
BRDA:1122,48,1,0
BRDA:1124,49,0,0
BRDA:1124,49,1,0
BRDA:1128,50,0,0
BRDA:1128,50,1,0
BRDA:1139,51,0,0
BRDA:1139,51,1,0
BRDA:1143,52,0,0
BRDA:1143,52,1,0
BRDA:1149,53,0,0
BRDA:1149,53,1,0
BRDA:1151,54,0,0
BRDA:1151,54,1,0
BRDA:1153,55,0,0
BRDA:1153,55,1,0
BRDA:1153,56,0,0
BRDA:1153,56,1,0
BRDA:1153,56,2,0
BRDA:1158,57,0,0
BRDA:1158,57,1,0
BRDA:1158,58,0,0
BRDA:1158,58,1,0
BRDA:1160,59,0,0
BRDA:1160,59,1,0
BRDA:1160,59,2,0
BRDA:1160,59,3,0
BRDA:1160,59,4,0
BRDA:1160,59,5,0
BRDA:1160,59,6,0
BRDA:1162,60,0,0
BRDA:1162,60,1,0
BRDA:1162,61,0,0
BRDA:1162,61,1,0
BRDA:1165,62,0,0
BRDA:1165,62,1,0
BRDA:1166,63,0,0
BRDA:1166,63,1,0
BRDA:1173,64,0,0
BRDA:1173,64,1,0
BRDA:1173,65,0,0
BRDA:1173,65,1,0
BRDA:1181,66,0,0
BRDA:1181,66,1,0
BRDA:1186,67,0,0
BRDA:1186,67,1,0
BRDA:1191,68,0,0
BRDA:1191,68,1,0
BRDA:1191,69,0,0
BRDA:1191,69,1,0
BRDA:1191,69,2,0
BRDA:1196,70,0,0
BRDA:1196,70,1,0
BRDA:1196,71,0,0
BRDA:1196,71,1,0
BRDA:1197,72,0,0
BRDA:1197,72,1,0
BRDA:1201,73,0,0
BRDA:1201,73,1,0
BRDA:1203,74,0,0
BRDA:1203,74,1,0
BRDA:1208,75,0,0
BRDA:1208,75,1,0
BRDA:1208,76,0,0
BRDA:1208,76,1,0
BRDA:1286,77,0,0
BRDA:1286,77,1,0
BRDA:1334,78,0,0
BRDA:1334,78,1,0
BRF:165
BRH:0
end_of_record
TN:
SF:src/api/index.ts
FNF:0
FNH:0
LF:0
LH:0
BRF:0
BRH:0
end_of_record
TN:
SF:src/api/types.ts
FNF:0
FNH:0
DA:3,4
DA:25,4
DA:33,4
DA:41,4
DA:49,4
DA:56,4
DA:70,4
DA:82,4
DA:92,4
DA:101,4
DA:107,4
DA:126,4
DA:133,4
DA:149,4
DA:156,4
DA:247,4
DA:281,4
DA:288,4
DA:305,4
DA:449,4
DA:1037,4
DA:1044,4
DA:1056,4
LF:23
LH:23
BRF:0
BRH:0
end_of_record
TN:
SF:src/auth/AuthProvider.tsx
FN:20,(anonymous_0)
FN:32,(anonymous_1)
FN:37,(anonymous_2)
FN:47,(anonymous_3)
FN:55,(anonymous_4)
FN:81,(anonymous_5)
FNF:6
FNH:0
FNDA:0,(anonymous_0)
FNDA:0,(anonymous_1)
FNDA:0,(anonymous_2)
FNDA:0,(anonymous_3)
FNDA:0,(anonymous_4)
FNDA:0,(anonymous_5)
DA:17,0
DA:20,0
DA:21,0
DA:22,0
DA:23,0
DA:25,0
DA:32,0
DA:33,0
DA:34,0
DA:35,0
DA:37,0
DA:38,0
DA:39,0
DA:43,0
DA:47,0
DA:48,0
DA:49,0
DA:51,0
DA:55,0
DA:56,0
DA:57,0
DA:60,0
DA:61,0
DA:65,0
DA:67,0
DA:68,0
DA:69,0
DA:73,0
DA:75,0
DA:76,0
DA:81,0
DA:82,0
DA:83,0
DA:86,0
DA:87,0
DA:91,0
DA:93,0
DA:94,0
DA:95,0
DA:99,0
DA:101,0
DA:102,0
DA:107,0
DA:117,0
LF:44
LH:0
BRDA:22,0,0,0
BRDA:22,0,1,0
BRDA:56,1,0,0
BRDA:56,1,1,0
BRDA:56,2,0,0
BRDA:56,2,1,0
BRDA:82,3,0,0
BRDA:82,3,1,0
BRDA:82,4,0,0
BRDA:82,4,1,0
BRDA:110,5,0,0
BRDA:110,5,1,0
BRF:12
BRH:0
end_of_record
TN:
SF:src/auth/authConfig.ts
FNF:0
FNH:0
DA:3,8
DA:4,8
DA:6,8
DA:24,8
LF:4
LH:4
BRDA:3,0,0,8
BRDA:3,0,1,1
BRDA:4,1,0,8
BRDA:4,1,1,1
BRF:4
BRH:4
end_of_record
TN:
SF:src/auth/index.ts
FNF:0
FNH:0
LF:0
LH:0
BRF:0
BRH:0
end_of_record
TN:
SF:src/components/chat/index.ts
FNF:0
FNH:0
LF:0
LH:0
BRF:0
BRH:0
end_of_record
TN:
SF:src/components/chat/ChatContent/ChatContent.tsx
FN:30,(anonymous_0)
FN:56,(anonymous_1)
FN:64,(anonymous_2)
FN:72,(anonymous_3)
FN:79,(anonymous_4)
FN:85,(anonymous_5)
FN:98,(anonymous_6)
FN:105,(anonymous_7)
FN:106,(anonymous_8)
FN:112,(anonymous_9)
FN:119,(anonymous_10)
FN:120,(anonymous_11)
FN:126,(anonymous_12)
FN:132,(anonymous_13)
FN:141,(anonymous_14)
FN:176,(anonymous_15)
FN:200,(anonymous_16)
FN:201,(anonymous_17)
FN:241,(anonymous_18)
FN:256,(anonymous_19)
FN:276,(anonymous_20)
FN:303,(anonymous_21)
FN:326,(anonymous_22)
FN:332,(anonymous_23)
FN:337,(anonymous_24)
FN:342,(anonymous_25)
FN:363,(anonymous_26)
FN:391,(anonymous_27)
FN:408,(anonymous_28)
FN:418,(anonymous_29)
FN:419,(anonymous_30)
FN:446,(anonymous_31)
FN:461,(anonymous_32)
FN:474,(anonymous_33)
FN:477,(anonymous_34)
FN:478,(anonymous_35)
FN:479,(anonymous_36)
FN:480,(anonymous_37)
FN:483,(anonymous_38)
FN:486,(anonymous_39)
FN:489,(anonymous_40)
FN:490,(anonymous_41)
FN:512,(anonymous_42)
FN:534,(anonymous_43)
FN:544,(anonymous_44)
FN:561,(anonymous_45)
FN:562,(anonymous_46)
FN:577,(anonymous_47)
FN:597,(anonymous_48)
FN:629,(anonymous_49)
FN:639,(anonymous_50)
FN:656,(anonymous_51)
FN:661,(anonymous_52)
FNF:53
FNH:0
FNDA:0,(anonymous_0)
FNDA:0,(anonymous_1)
FNDA:0,(anonymous_2)
FNDA:0,(anonymous_3)
FNDA:0,(anonymous_4)
FNDA:0,(anonymous_5)
FNDA:0,(anonymous_6)
FNDA:0,(anonymous_7)
FNDA:0,(anonymous_8)
FNDA:0,(anonymous_9)
FNDA:0,(anonymous_10)
FNDA:0,(anonymous_11)
FNDA:0,(anonymous_12)
FNDA:0,(anonymous_13)
FNDA:0,(anonymous_14)
FNDA:0,(anonymous_15)
FNDA:0,(anonymous_16)
FNDA:0,(anonymous_17)
FNDA:0,(anonymous_18)
FNDA:0,(anonymous_19)
FNDA:0,(anonymous_20)
FNDA:0,(anonymous_21)
FNDA:0,(anonymous_22)
FNDA:0,(anonymous_23)
FNDA:0,(anonymous_24)
FNDA:0,(anonymous_25)
FNDA:0,(anonymous_26)
FNDA:0,(anonymous_27)
FNDA:0,(anonymous_28)
FNDA:0,(anonymous_29)
FNDA:0,(anonymous_30)
FNDA:0,(anonymous_31)
FNDA:0,(anonymous_32)
FNDA:0,(anonymous_33)
FNDA:0,(anonymous_34)
FNDA:0,(anonymous_35)
FNDA:0,(anonymous_36)
FNDA:0,(anonymous_37)
FNDA:0,(anonymous_38)
FNDA:0,(anonymous_39)
FNDA:0,(anonymous_40)
FNDA:0,(anonymous_41)
FNDA:0,(anonymous_42)
FNDA:0,(anonymous_43)
FNDA:0,(anonymous_44)
FNDA:0,(anonymous_45)
FNDA:0,(anonymous_46)
FNDA:0,(anonymous_47)
FNDA:0,(anonymous_48)
FNDA:0,(anonymous_49)
FNDA:0,(anonymous_50)
FNDA:0,(anonymous_51)
FNDA:0,(anonymous_52)
DA:30,0
DA:46,0
DA:47,0
DA:48,0
DA:49,0
DA:50,0
DA:51,0
DA:52,0
DA:53,0
DA:54,0
DA:56,0
DA:57,0
DA:58,0
DA:60,0
DA:64,0
DA:65,0
DA:66,0
DA:68,0
DA:72,0
DA:73,0
DA:74,0
DA:75,0
DA:76,0
DA:79,0
DA:80,0
DA:81,0
DA:82,0
DA:85,0
DA:86,0
DA:87,0
DA:88,0
DA:89,0
DA:91,0
DA:92,0
DA:96,0
DA:98,0
DA:99,0
DA:100,0
DA:101,0
DA:102,0
DA:104,0
DA:105,0
DA:106,0
DA:109,0
DA:112,0
DA:113,0
DA:114,0
DA:115,0
DA:116,0
DA:118,0
DA:119,0
DA:120,0
DA:123,0
DA:126,0
DA:127,0
DA:128,0
DA:132,0
DA:133,0
DA:134,0
DA:136,0
DA:137,0
DA:141,0
DA:142,0
DA:143,0
DA:145,0
DA:148,0
DA:149,0
DA:157,0
DA:158,0
DA:167,0
DA:177,0
DA:178,0
DA:179,0
DA:182,0
DA:185,0
DA:186,0
DA:187,0
DA:189,0
DA:190,0
DA:199,0
DA:200,0
DA:201,0
DA:203,0
DA:241,0
DA:256,0
DA:257,0
DA:259,0
DA:276,0
DA:303,0
DA:318,0
DA:319,0
DA:320,0
DA:321,0
DA:322,0
DA:323,0
DA:324,0
DA:326,0
DA:327,0
DA:328,0
DA:332,0
DA:333,0
DA:334,0
DA:337,0
DA:338,0
DA:339,0
DA:342,0
DA:343,0
DA:344,0
DA:345,0
DA:348,0
DA:349,0
DA:355,0
DA:363,0
DA:392,0
DA:408,0
DA:418,0
DA:420,0
DA:421,0
DA:429,0
DA:435,0
DA:447,0
DA:448,0
DA:450,0
DA:451,0
DA:454,0
DA:456,0
DA:462,0
DA:475,0
DA:477,0
DA:478,0
DA:479,0
DA:481,0
DA:484,0
DA:487,0
DA:489,0
DA:490,0
DA:513,0
DA:534,0
DA:545,0
DA:546,0
DA:548,0
DA:561,0
DA:563,0
DA:564,0
DA:577,0
DA:578,0
DA:597,0
DA:598,0
DA:599,0
DA:600,0
DA:602,0
DA:603,0
DA:605,0
DA:606,0
DA:608,0
DA:609,0
DA:611,0
DA:612,0
DA:614,0
DA:615,0
DA:617,0
DA:618,0
DA:620,0
DA:621,0
DA:623,0
DA:624,0
DA:626,0
DA:629,0
DA:630,0
DA:631,0
DA:632,0
DA:639,0
DA:640,0
DA:642,0
DA:656,0
DA:657,0
DA:659,0
DA:662,0
LF:178
LH:0
BRDA:36,0,0,0
BRDA:57,1,0,0
BRDA:57,1,1,0
BRDA:65,2,0,0
BRDA:65,2,1,0
BRDA:74,3,0,0
BRDA:74,3,1,0
BRDA:79,4,0,0
BRDA:87,5,0,0
BRDA:87,5,1,0
BRDA:99,6,0,0
BRDA:99,6,1,0
BRDA:99,7,0,0
BRDA:99,7,1,0
BRDA:101,8,0,0
BRDA:101,8,1,0
BRDA:109,9,0,0
BRDA:109,9,1,0
BRDA:113,10,0,0
BRDA:113,10,1,0
BRDA:113,11,0,0
BRDA:113,11,1,0
BRDA:115,12,0,0
BRDA:115,12,1,0
BRDA:123,13,0,0
BRDA:123,13,1,0
BRDA:127,14,0,0
BRDA:127,14,1,0
BRDA:133,15,0,0
BRDA:133,15,1,0
BRDA:143,16,0,0
BRDA:143,16,1,0
BRDA:148,17,0,0
BRDA:148,17,1,0
BRDA:157,18,0,0
BRDA:157,18,1,0
BRDA:157,19,0,0
BRDA:157,19,1,0
BRDA:177,20,0,0
BRDA:177,20,1,0
BRDA:179,21,0,0
BRDA:179,21,1,0
BRDA:180,22,0,0
BRDA:180,22,1,0
BRDA:181,23,0,0
BRDA:181,23,1,0
BRDA:182,24,0,0
BRDA:182,24,1,0
BRDA:184,25,0,0
BRDA:184,25,1,0
BRDA:189,26,0,0
BRDA:189,26,1,0
BRDA:199,27,0,0
BRDA:199,27,1,0
BRDA:201,28,0,0
BRDA:201,28,1,0
BRDA:207,29,0,0
BRDA:207,29,1,0
BRDA:208,30,0,0
BRDA:208,30,1,0
BRDA:223,31,0,0
BRDA:223,31,1,0
BRDA:223,31,2,0
BRDA:223,31,3,0
BRDA:227,32,0,0
BRDA:227,32,1,0
BRDA:227,32,2,0
BRDA:233,33,0,0
BRDA:233,33,1,0
BRDA:257,34,0,0
BRDA:257,34,1,0
BRDA:257,34,2,0
BRDA:269,35,0,0
BRDA:269,35,1,0
BRDA:319,36,0,0
BRDA:319,36,1,0
BRDA:320,37,0,0
BRDA:320,37,1,0
BRDA:327,38,0,0
BRDA:327,38,1,0
BRDA:327,39,0,0
BRDA:327,39,1,0
BRDA:343,40,0,0
BRDA:343,40,1,0
BRDA:343,41,0,0
BRDA:343,41,1,0
BRDA:348,42,0,0
BRDA:348,42,1,0
BRDA:351,43,0,0
BRDA:351,43,1,0
BRDA:352,44,0,0
BRDA:352,44,1,0
BRDA:359,45,0,0
BRDA:359,45,1,0
BRDA:385,46,0,0
BRDA:385,46,1,0
BRDA:385,46,2,0
BRDA:388,47,0,0
BRDA:388,47,1,0
BRDA:392,48,0,0
BRDA:392,48,1,0
BRDA:393,49,0,0
BRDA:393,49,1,0
BRDA:394,50,0,0
BRDA:394,50,1,0
BRDA:399,51,0,0
BRDA:399,51,1,0
BRDA:399,51,2,0
BRDA:406,52,0,0
BRDA:406,52,1,0
BRDA:406,52,2,0
BRDA:431,53,0,0
BRDA:431,53,1,0
BRDA:432,54,0,0
BRDA:432,54,1,0
BRDA:447,55,0,0
BRDA:447,55,1,0
BRDA:448,56,0,0
BRDA:448,56,1,0
BRDA:450,57,0,0
BRDA:450,57,1,0
BRDA:459,58,0,0
BRDA:459,58,1,0
BRDA:462,59,0,0
BRDA:462,59,1,0
BRDA:463,60,0,0
BRDA:463,60,1,0
BRDA:496,61,0,0
BRDA:496,61,1,0
BRDA:501,62,0,0
BRDA:501,62,1,0
BRDA:509,63,0,0
BRDA:509,63,1,0
BRDA:513,64,0,0
BRDA:513,64,1,0
BRDA:514,65,0,0
BRDA:514,65,1,0
BRDA:515,66,0,0
BRDA:515,66,1,0
BRDA:520,67,0,0
BRDA:520,67,1,0
BRDA:527,68,0,0
BRDA:527,68,1,0
BRDA:529,69,0,0
BRDA:529,69,1,0
BRDA:533,70,0,0
BRDA:533,70,1,0
BRDA:536,71,0,0
BRDA:536,71,1,0
BRDA:539,72,0,0
BRDA:539,72,1,0
BRDA:543,73,0,0
BRDA:543,73,1,0
BRDA:545,74,0,0
BRDA:545,74,1,0
BRDA:552,75,0,0
BRDA:552,75,1,0
BRDA:598,76,0,0
BRDA:598,76,1,0
BRDA:599,77,0,0
BRDA:599,77,1,0
BRDA:600,78,0,0
BRDA:600,78,1,0
BRDA:602,79,0,0
BRDA:602,79,1,0
BRDA:602,80,0,0
BRDA:602,80,1,0
BRDA:605,81,0,0
BRDA:605,81,1,0
BRDA:605,82,0,0
BRDA:605,82,1,0
BRDA:608,83,0,0
BRDA:608,83,1,0
BRDA:608,84,0,0
BRDA:608,84,1,0
BRDA:608,84,2,0
BRDA:611,85,0,0
BRDA:611,85,1,0
BRDA:611,86,0,0
BRDA:611,86,1,0
BRDA:611,86,2,0
BRDA:611,86,3,0
BRDA:614,87,0,0
BRDA:614,87,1,0
BRDA:614,88,0,0
BRDA:614,88,1,0
BRDA:614,88,2,0
BRDA:614,88,3,0
BRDA:617,89,0,0
BRDA:617,89,1,0
BRDA:617,90,0,0
BRDA:617,90,1,0
BRDA:617,90,2,0
BRDA:620,91,0,0
BRDA:620,91,1,0
BRDA:620,92,0,0
BRDA:620,92,1,0
BRDA:623,93,0,0
BRDA:623,93,1,0
BRDA:623,94,0,0
BRDA:623,94,1,0
BRDA:623,94,2,0
BRDA:623,94,3,0
BRDA:623,94,4,0
BRDA:623,94,5,0
BRDA:630,95,0,0
BRDA:630,95,1,0
BRDA:631,96,0,0
BRDA:631,96,1,0
BRDA:640,97,0,0
BRDA:640,97,1,0
BRDA:657,98,0,0
BRDA:657,98,1,0
BRDA:657,99,0,0
BRDA:657,99,1,0
BRF:215
BRH:0
end_of_record
TN:
SF:src/components/chat/ChatContent/index.ts
FNF:0
FNH:0
LF:0
LH:0
BRF:0
BRH:0
end_of_record
TN:
SF:src/components/chat/ChatEmptyState/ChatEmptyState.tsx
FN:12,(anonymous_0)
FNF:1
FNH:0
FNDA:0,(anonymous_0)
DA:12,0
DA:17,0
LF:2
LH:0
BRDA:19,0,0,0
BRDA:19,0,1,0
BRDA:21,1,0,0
BRDA:21,1,1,0
BRF:4
BRH:0
end_of_record
TN:
SF:src/components/chat/ChatEmptyState/index.ts
FNF:0
FNH:0
LF:0
LH:0
BRF:0
BRH:0
end_of_record
TN:
SF:src/components/chat/ChatHeader/ChatHeader.tsx
FN:49,(anonymous_0)
FN:65,(anonymous_1)
FN:70,(anonymous_2)
FN:81,(anonymous_3)
FN:85,(anonymous_4)
FN:96,(anonymous_5)
FN:100,(anonymous_6)
FN:110,(anonymous_7)
FN:114,(anonymous_8)
FN:125,(anonymous_9)
FN:126,(anonymous_10)
FN:143,(anonymous_11)
FN:269,(anonymous_12)
FNF:13
FNH:0
FNDA:0,(anonymous_0)
FNDA:0,(anonymous_1)
FNDA:0,(anonymous_2)
FNDA:0,(anonymous_3)
FNDA:0,(anonymous_4)
FNDA:0,(anonymous_5)
FNDA:0,(anonymous_6)
FNDA:0,(anonymous_7)
FNDA:0,(anonymous_8)
FNDA:0,(anonymous_9)
FNDA:0,(anonymous_10)
FNDA:0,(anonymous_11)
FNDA:0,(anonymous_12)
DA:49,0
DA:65,0
DA:66,0
DA:67,0
DA:68,0
DA:70,0
DA:71,0
DA:72,0
DA:73,0
DA:74,0
DA:75,0
DA:76,0
DA:78,0
DA:81,0
DA:82,0
DA:83,0
DA:85,0
DA:93,0
DA:96,0
DA:97,0
DA:100,0
DA:101,0
DA:102,0
DA:103,0
DA:104,0
DA:105,0
DA:106,0
DA:107,0
DA:110,0
DA:111,0
DA:114,0
DA:115,0
DA:116,0
DA:117,0
DA:118,0
DA:120,0
DA:124,0
DA:125,0
DA:126,0
DA:131,0
DA:132,0
DA:134,0
DA:143,0
DA:269,0
LF:44
LH:0
BRDA:54,0,0,0
BRDA:55,1,0,0
BRDA:56,2,0,0
BRDA:57,3,0,0
BRDA:71,4,0,0
BRDA:71,4,1,0
BRDA:74,5,0,0
BRDA:74,5,1,0
BRDA:82,6,0,0
BRDA:82,6,1,0
BRDA:132,7,0,0
BRDA:132,7,1,0
BRDA:138,8,0,0
BRDA:138,8,1,0
BRDA:143,9,0,0
BRDA:143,9,1,0
BRDA:156,10,0,0
BRDA:156,10,1,0
BRDA:158,11,0,0
BRDA:158,11,1,0
BRDA:161,12,0,0
BRDA:161,12,1,0
BRDA:175,13,0,0
BRDA:175,13,1,0
BRDA:177,14,0,0
BRDA:177,14,1,0
BRDA:179,15,0,0
BRDA:179,15,1,0
BRDA:180,16,0,0
BRDA:180,16,1,0
BRDA:183,17,0,0
BRDA:183,17,1,0
BRDA:189,18,0,0
BRDA:189,18,1,0
BRDA:214,19,0,0
BRDA:214,19,1,0
BRDA:216,20,0,0
BRDA:216,20,1,0
BRDA:229,21,0,0
BRDA:229,21,1,0
BRDA:236,22,0,0
BRDA:236,22,1,0
BRDA:243,23,0,0
BRDA:243,23,1,0
BRDA:247,24,0,0
BRDA:247,24,1,0
BRDA:271,25,0,0
BRDA:271,25,1,0
BRF:48
BRH:0
end_of_record
TN:
SF:src/components/chat/ChatHeader/index.ts
FNF:0
FNH:0
LF:0
LH:0
BRF:0
BRH:0
end_of_record
TN:
SF:src/components/chat/ChatInput/ChatInput.tsx
FN:34,(anonymous_0)
FN:48,(anonymous_1)
FN:57,(anonymous_2)
FN:61,(anonymous_3)
FN:75,(anonymous_4)
FN:82,(anonymous_5)
FN:89,(anonymous_6)
FN:97,(anonymous_7)
FN:103,(anonymous_8)
FN:104,(anonymous_9)
FN:109,(anonymous_10)
FN:110,(anonymous_11)
FN:110,(anonymous_12)
FN:113,(anonymous_13)
FN:119,(anonymous_14)
FN:130,(anonymous_15)
FN:135,(anonymous_16)
FN:166,(anonymous_17)
FN:170,(anonymous_18)
FN:234,(anonymous_19)
FN:258,(anonymous_20)
FN:262,(anonymous_21)
FN:267,(anonymous_22)
FN:271,(anonymous_23)
FN:276,(anonymous_24)
FNF:25
FNH:0
FNDA:0,(anonymous_0)
FNDA:0,(anonymous_1)
FNDA:0,(anonymous_2)
FNDA:0,(anonymous_3)
FNDA:0,(anonymous_4)
FNDA:0,(anonymous_5)
FNDA:0,(anonymous_6)
FNDA:0,(anonymous_7)
FNDA:0,(anonymous_8)
FNDA:0,(anonymous_9)
FNDA:0,(anonymous_10)
FNDA:0,(anonymous_11)
FNDA:0,(anonymous_12)
FNDA:0,(anonymous_13)
FNDA:0,(anonymous_14)
FNDA:0,(anonymous_15)
FNDA:0,(anonymous_16)
FNDA:0,(anonymous_17)
FNDA:0,(anonymous_18)
FNDA:0,(anonymous_19)
FNDA:0,(anonymous_20)
FNDA:0,(anonymous_21)
FNDA:0,(anonymous_22)
FNDA:0,(anonymous_23)
FNDA:0,(anonymous_24)
DA:34,0
DA:42,0
DA:43,0
DA:44,0
DA:45,0
DA:46,0
DA:48,0
DA:49,0
DA:50,0
DA:51,0
DA:52,0
DA:53,0
DA:57,0
DA:58,0
DA:61,0
DA:62,0
DA:63,0
DA:64,0
DA:66,0
DA:67,0
DA:68,0
DA:70,0
DA:71,0
DA:75,0
DA:76,0
DA:77,0
DA:78,0
DA:82,0
DA:83,0
DA:84,0
DA:85,0
DA:89,0
DA:90,0
DA:91,0
DA:92,0
DA:93,0
DA:97,0
DA:98,0
DA:99,0
DA:100,0
DA:103,0
DA:105,0
DA:109,0
DA:110,0
DA:113,0
DA:114,0
DA:115,0
DA:116,0
DA:119,0
DA:120,0
DA:121,0
DA:122,0
DA:123,0
DA:124,0
DA:125,0
DA:126,0
DA:130,0
DA:131,0
DA:132,0
DA:135,0
DA:136,0
DA:137,0
DA:138,0
DA:140,0
DA:141,0
DA:142,0
DA:146,0
DA:148,0
DA:167,0
DA:170,0
DA:234,0
DA:251,0
DA:258,0
DA:259,0
DA:260,0
DA:262,0
DA:263,0
DA:264,0
DA:266,0
DA:267,0
DA:271,0
DA:272,0
DA:273,0
DA:276,0
DA:277,0
DA:278,0
DA:279,0
DA:282,0
LF:88
LH:0
BRDA:39,0,0,0
BRDA:40,1,0,0
BRDA:50,2,0,0
BRDA:50,2,1,0
BRDA:63,3,0,0
BRDA:63,3,1,0
BRDA:63,4,0,0
BRDA:63,4,1,0
BRDA:64,5,0,0
BRDA:64,5,1,0
BRDA:64,6,0,0
BRDA:64,6,1,0
BRDA:66,7,0,0
BRDA:66,7,1,0
BRDA:70,8,0,0
BRDA:70,8,1,0
BRDA:76,9,0,0
BRDA:76,9,1,0
BRDA:76,10,0,0
BRDA:76,10,1,0
BRDA:84,11,0,0
BRDA:84,11,1,0
BRDA:90,12,0,0
BRDA:90,12,1,0
BRDA:92,13,0,0
BRDA:92,13,1,0
BRDA:125,14,0,0
BRDA:125,14,1,0
BRDA:125,15,0,0
BRDA:125,15,1,0
BRDA:125,15,2,0
BRDA:125,15,3,0
BRDA:141,16,0,0
BRDA:141,16,1,0
BRDA:146,17,0,0
BRDA:146,17,1,0
BRDA:146,17,2,0
BRDA:146,17,3,0
BRDA:150,18,0,0
BRDA:150,18,1,0
BRDA:156,19,0,0
BRDA:156,19,1,0
BRDA:164,20,0,0
BRDA:164,20,1,0
BRDA:198,21,0,0
BRDA:198,21,1,0
BRDA:224,22,0,0
BRDA:224,22,1,0
BRDA:225,23,0,0
BRDA:225,23,1,0
BRDA:235,24,0,0
BRDA:235,24,1,0
BRDA:263,25,0,0
BRDA:263,25,1,0
BRDA:272,26,0,0
BRDA:272,26,1,0
BRDA:277,27,0,0
BRDA:277,27,1,0
BRDA:278,28,0,0
BRDA:278,28,1,0
BRDA:284,29,0,0
BRDA:284,29,1,0
BRDA:284,30,0,0
BRDA:284,30,1,0
BRF:64
BRH:0
end_of_record
TN:
SF:src/components/chat/ChatInput/index.ts
FNF:0
FNH:0
LF:0
LH:0
BRF:0
BRH:0
end_of_record
TN:
SF:src/components/chat/ChatView/ChatView.tsx
FN:44,(anonymous_0)
FN:80,(anonymous_1)
FN:90,(anonymous_2)
FN:100,(anonymous_3)
FN:106,(anonymous_4)
FN:147,(anonymous_5)
FN:176,(anonymous_6)
FNF:7
FNH:0
FNDA:0,(anonymous_0)
FNDA:0,(anonymous_1)
FNDA:0,(anonymous_2)
FNDA:0,(anonymous_3)
FNDA:0,(anonymous_4)
FNDA:0,(anonymous_5)
FNDA:0,(anonymous_6)
DA:44,0
DA:75,0
DA:76,0
DA:77,0
DA:78,0
DA:80,0
DA:81,0
DA:82,0
DA:83,0
DA:84,0
DA:85,0
DA:86,0
DA:90,0
DA:91,0
DA:92,0
DA:93,0
DA:94,0
DA:95,0
DA:96,0
DA:100,0
DA:101,0
DA:102,0
DA:103,0
DA:106,0
DA:107,0
DA:108,0
DA:109,0
DA:110,0
DA:111,0
DA:113,0
DA:114,0
DA:115,0
DA:119,0
DA:121,0
LF:34
LH:0
BRDA:46,0,0,0
BRDA:47,1,0,0
BRDA:48,2,0,0
BRDA:66,3,0,0
BRDA:68,4,0,0
BRDA:69,5,0,0
BRDA:70,6,0,0
BRDA:81,7,0,0
BRDA:81,7,1,0
BRDA:85,8,0,0
BRDA:85,8,1,0
BRDA:91,9,0,0
BRDA:91,9,1,0
BRDA:95,10,0,0
BRDA:95,10,1,0
BRDA:101,11,0,0
BRDA:101,11,1,0
BRDA:107,12,0,0
BRDA:107,12,1,0
BRDA:114,13,0,0
BRDA:114,13,1,0
BRDA:114,14,0,0
BRDA:114,14,1,0
BRDA:119,15,0,0
BRDA:119,15,1,0
BRDA:119,15,2,0
BRDA:119,15,3,0
BRDA:124,16,0,0
BRDA:124,16,1,0
BRDA:130,17,0,0
BRDA:130,17,1,0
BRDA:140,18,0,0
BRDA:140,18,1,0
BRDA:147,19,0,0
BRDA:147,19,1,0
BRDA:164,20,0,0
BRDA:164,20,1,0
BRDA:169,21,0,0
BRDA:169,21,1,0
BRDA:176,22,0,0
BRDA:176,22,1,0
BRDA:186,23,0,0
BRDA:186,23,1,0
BRF:43
BRH:0
end_of_record
TN:
SF:src/components/chat/ChatView/index.ts
FNF:0
FNH:0
LF:0
LH:0
BRF:0
BRH:0
end_of_record
TN:
SF:src/components/chat/FeedbackDialog/FeedbackDialog.tsx
FN:13,(anonymous_0)
FN:21,(anonymous_1)
FN:27,(anonymous_2)
FN:54,(anonymous_3)
FNF:4
FNH:0
FNDA:0,(anonymous_0)
FNDA:0,(anonymous_1)
FNDA:0,(anonymous_2)
FNDA:0,(anonymous_3)
DA:13,0
DA:18,0
DA:19,0
DA:21,0
DA:22,0
DA:23,0
DA:24,0
DA:27,0
DA:28,0
DA:29,0
DA:32,0
DA:54,0
LF:12
LH:0
BRDA:22,0,0,0
BRDA:22,0,1,0
BRF:2
BRH:0
end_of_record
TN:
SF:src/components/chat/FeedbackDialog/index.ts
FNF:0
FNH:0
LF:0
LH:0
BRF:0
BRH:0
end_of_record
TN:
SF:src/components/common/index.ts
FNF:0
FNH:0
LF:0
LH:0
BRF:0
BRH:0
end_of_record
TN:
SF:src/components/common/AddPrincipalDialog/AddPrincipalDialog.tsx
FN:81,(anonymous_0)
FN:126,(anonymous_1)
FN:134,(anonymous_2)
FN:141,(anonymous_3)
FN:148,(anonymous_4)
FN:156,(anonymous_5)
FN:157,(anonymous_6)
FN:162,(anonymous_7)
FN:165,(anonymous_8)
FN:197,(anonymous_9)
FN:209,(anonymous_10)
FN:210,(anonymous_11)
FN:217,(anonymous_12)
FN:221,(anonymous_13)
FN:222,(anonymous_14)
FN:223,(anonymous_15)
FN:231,(anonymous_16)
FN:232,(anonymous_17)
FN:232,(anonymous_18)
FN:236,(anonymous_19)
FN:238,(anonymous_20)
FN:241,(anonymous_21)
FN:251,(anonymous_22)
FN:254,(anonymous_23)
FN:257,(anonymous_24)
FN:263,(anonymous_25)
FN:264,(anonymous_26)
FN:288,(anonymous_27)
FN:301,(anonymous_28)
FN:342,(anonymous_29)
FN:346,(anonymous_30)
FN:354,(anonymous_31)
FN:368,(anonymous_32)
FN:372,(anonymous_33)
FN:409,(anonymous_34)
FN:410,(anonymous_35)
FN:413,(anonymous_36)
FN:423,(anonymous_37)
FN:432,(anonymous_38)
FN:462,(anonymous_39)
FN:463,(anonymous_40)
FN:466,(anonymous_41)
FN:476,(anonymous_42)
FN:484,(anonymous_43)
FN:507,(anonymous_44)
FN:508,(anonymous_45)
FN:511,(anonymous_46)
FN:521,(anonymous_47)
FN:529,(anonymous_48)
FN:566,(anonymous_49)
FN:570,(anonymous_50)
FN:574,(anonymous_51)
FN:595,(anonymous_52)
FN:598,(anonymous_53)
FN:602,(anonymous_54)
FNF:55
FNH:0
FNDA:0,(anonymous_0)
FNDA:0,(anonymous_1)
FNDA:0,(anonymous_2)
FNDA:0,(anonymous_3)
FNDA:0,(anonymous_4)
FNDA:0,(anonymous_5)
FNDA:0,(anonymous_6)
FNDA:0,(anonymous_7)
FNDA:0,(anonymous_8)
FNDA:0,(anonymous_9)
FNDA:0,(anonymous_10)
FNDA:0,(anonymous_11)
FNDA:0,(anonymous_12)
FNDA:0,(anonymous_13)
FNDA:0,(anonymous_14)
FNDA:0,(anonymous_15)
FNDA:0,(anonymous_16)
FNDA:0,(anonymous_17)
FNDA:0,(anonymous_18)
FNDA:0,(anonymous_19)
FNDA:0,(anonymous_20)
FNDA:0,(anonymous_21)
FNDA:0,(anonymous_22)
FNDA:0,(anonymous_23)
FNDA:0,(anonymous_24)
FNDA:0,(anonymous_25)
FNDA:0,(anonymous_26)
FNDA:0,(anonymous_27)
FNDA:0,(anonymous_28)
FNDA:0,(anonymous_29)
FNDA:0,(anonymous_30)
FNDA:0,(anonymous_31)
FNDA:0,(anonymous_32)
FNDA:0,(anonymous_33)
FNDA:0,(anonymous_34)
FNDA:0,(anonymous_35)
FNDA:0,(anonymous_36)
FNDA:0,(anonymous_37)
FNDA:0,(anonymous_38)
FNDA:0,(anonymous_39)
FNDA:0,(anonymous_40)
FNDA:0,(anonymous_41)
FNDA:0,(anonymous_42)
FNDA:0,(anonymous_43)
FNDA:0,(anonymous_44)
FNDA:0,(anonymous_45)
FNDA:0,(anonymous_46)
FNDA:0,(anonymous_47)
FNDA:0,(anonymous_48)
FNDA:0,(anonymous_49)
FNDA:0,(anonymous_50)
FNDA:0,(anonymous_51)
FNDA:0,(anonymous_52)
FNDA:0,(anonymous_53)
FNDA:0,(anonymous_54)
DA:71,2
DA:72,2
DA:75,2
DA:81,2
DA:91,0
DA:94,0
DA:95,0
DA:96,0
DA:99,0
DA:102,0
DA:103,0
DA:104,0
DA:105,0
DA:108,0
DA:109,0
DA:110,0
DA:113,0
DA:114,0
DA:117,0
DA:120,0
DA:121,0
DA:122,0
DA:125,0
DA:127,0
DA:133,0
DA:134,0
DA:141,0
DA:148,0
DA:157,0
DA:162,0
DA:163,0
DA:165,0
DA:166,0
DA:167,0
DA:168,0
DA:170,0
DA:171,0
DA:181,0
DA:182,0
DA:183,0
DA:185,0
DA:187,0
DA:188,0
DA:189,0
DA:193,0
DA:197,0
DA:198,0
DA:199,0
DA:200,0
DA:201,0
DA:202,0
DA:203,0
DA:204,0
DA:209,0
DA:210,0
DA:211,0
DA:212,0
DA:216,0
DA:217,0
DA:221,0
DA:222,0
DA:223,0
DA:224,0
DA:225,0
DA:226,0
DA:227,0
DA:231,0
DA:232,0
DA:236,0
DA:237,0
DA:238,0
DA:239,0
DA:240,0
DA:241,0
DA:243,0
DA:246,0
DA:251,0
DA:252,0
DA:253,0
DA:254,0
DA:255,0
DA:257,0
DA:258,0
DA:259,0
DA:261,0
DA:262,0
DA:263,0
DA:264,0
DA:265,0
DA:266,0
DA:268,0
DA:269,0
DA:270,0
DA:271,0
DA:272,0
DA:279,0
DA:280,0
DA:281,0
DA:282,0
DA:283,0
DA:288,0
DA:289,0
DA:291,0
DA:292,0
DA:293,0
DA:294,0
DA:296,0
DA:301,0
DA:302,0
DA:304,0
DA:306,0
DA:308,0
DA:310,0
DA:314,0
DA:315,0
DA:318,0
DA:320,0
DA:342,0
DA:347,0
DA:355,0
DA:356,0
DA:369,0
DA:370,0
DA:372,0
DA:410,0
DA:414,0
DA:415,0
DA:416,0
DA:424,0
DA:425,0
DA:432,0
DA:463,0
DA:467,0
DA:468,0
DA:469,0
DA:477,0
DA:478,0
DA:484,0
DA:508,0
DA:512,0
DA:513,0
DA:514,0
DA:522,0
DA:523,0
DA:529,0
DA:567,0
DA:570,0
DA:574,0
DA:595,0
DA:599,0
DA:602,0
LF:151
LH:4
BRDA:85,0,0,0
BRDA:86,1,0,0
BRDA:87,2,0,0
BRDA:88,3,0,0
BRDA:114,4,0,0
BRDA:114,4,1,0
BRDA:114,5,0,0
BRDA:114,5,1,0
BRDA:127,6,0,0
BRDA:127,6,1,0
BRDA:127,6,2,0
BRDA:157,7,0,0
BRDA:157,7,1,0
BRDA:163,8,0,0
BRDA:163,8,1,0
BRDA:163,9,0,0
BRDA:163,9,1,0
BRDA:163,9,2,0
BRDA:177,10,0,0
BRDA:177,10,1,0
BRDA:181,11,0,0
BRDA:181,11,1,0
BRDA:182,12,0,0
BRDA:182,12,1,0
BRDA:183,13,0,0
BRDA:183,13,1,0
BRDA:198,14,0,0
BRDA:198,14,1,0
BRDA:201,15,0,0
BRDA:201,15,1,0
BRDA:201,16,0,0
BRDA:201,16,1,0
BRDA:211,17,0,0
BRDA:211,17,1,0
BRDA:211,18,0,0
BRDA:211,18,1,0
BRDA:222,19,0,0
BRDA:222,19,1,0
BRDA:237,20,0,0
BRDA:237,20,1,0
BRDA:239,21,0,0
BRDA:239,21,1,0
BRDA:240,22,0,0
BRDA:240,22,1,0
BRDA:252,23,0,0
BRDA:252,23,1,0
BRDA:255,24,0,0
BRDA:255,24,1,0
BRDA:261,25,0,0
BRDA:261,25,1,0
BRDA:263,26,0,0
BRDA:263,26,1,0
BRDA:268,27,0,0
BRDA:268,27,1,0
BRDA:268,28,0,0
BRDA:268,28,1,0
BRDA:271,29,0,0
BRDA:271,29,1,0
BRDA:279,30,0,0
BRDA:279,30,1,0
BRDA:282,31,0,0
BRDA:282,31,1,0
BRDA:282,32,0,0
BRDA:282,32,1,0
BRDA:282,32,2,0
BRDA:289,33,0,0
BRDA:289,33,1,0
BRDA:289,34,0,0
BRDA:289,34,1,0
BRDA:302,35,0,0
BRDA:302,35,1,0
BRDA:302,35,2,0
BRDA:302,35,3,0
BRDA:314,36,0,0
BRDA:314,36,1,0
BRDA:314,36,2,0
BRDA:315,37,0,0
BRDA:315,37,1,0
BRDA:315,37,2,0
BRDA:375,38,0,0
BRDA:375,38,1,0
BRDA:381,39,0,0
BRDA:381,39,1,0
BRDA:387,40,0,0
BRDA:387,40,1,0
BRDA:389,41,0,0
BRDA:389,41,1,0
BRDA:389,42,0,0
BRDA:389,42,1,0
BRDA:393,43,0,0
BRDA:393,43,1,0
BRDA:402,44,0,0
BRDA:402,44,1,0
BRDA:410,45,0,0
BRDA:410,45,1,0
BRDA:421,46,0,0
BRDA:421,46,1,0
BRDA:440,47,0,0
BRDA:440,47,1,0
BRDA:454,48,0,0
BRDA:454,48,1,0
BRDA:456,49,0,0
BRDA:456,49,1,0
BRDA:463,50,0,0
BRDA:463,50,1,0
BRDA:474,51,0,0
BRDA:474,51,1,0
BRDA:499,52,0,0
BRDA:499,52,1,0
BRDA:501,53,0,0
BRDA:501,53,1,0
BRDA:501,53,2,0
BRDA:508,54,0,0
BRDA:508,54,1,0
BRDA:519,55,0,0
BRDA:519,55,1,0
BRDA:537,56,0,0
BRDA:537,56,1,0
BRDA:560,57,0,0
BRDA:560,57,1,0
BRDA:564,58,0,0
BRDA:564,58,1,0
BRDA:569,59,0,0
BRDA:569,59,1,0
BRDA:580,60,0,0
BRDA:580,60,1,0
BRDA:594,61,0,0
BRDA:594,61,1,0
BRDA:601,62,0,0
BRDA:601,62,1,0
BRDA:611,63,0,0
BRDA:611,63,1,0
BRDA:636,64,0,0
BRDA:636,64,1,0
BRF:134
BRH:0
end_of_record
TN:
SF:src/components/common/AddPrincipalDialog/index.ts
FNF:0
FNH:0
LF:0
LH:0
BRF:0
BRH:0
end_of_record
TN:
SF:src/components/common/Breadcrumbs/Breadcrumbs.tsx
FN:16,(anonymous_0)
FN:24,(anonymous_1)
FN:40,(anonymous_2)
FNF:3
FNH:0
FNDA:0,(anonymous_0)
FNDA:0,(anonymous_1)
FNDA:0,(anonymous_2)
DA:16,2
DA:17,0
DA:19,0
DA:25,0
DA:27,0
DA:28,0
DA:35,0
DA:41,0
DA:42,0
DA:43,0
LF:10
LH:1
BRDA:27,0,0,0
BRDA:27,0,1,0
BRDA:27,1,0,0
BRDA:27,1,1,0
BRDA:29,2,0,0
BRDA:29,2,1,0
BRDA:42,3,0,0
BRDA:42,3,1,0
BRF:8
BRH:0
end_of_record
TN:
SF:src/components/common/Breadcrumbs/index.ts
FNF:0
FNH:0
LF:0
LH:0
BRF:0
BRH:0
end_of_record
TN:
SF:src/components/common/CommandPalette/CommandPalette.tsx
FN:47,(anonymous_0)
FN:56,(anonymous_1)
FN:58,(anonymous_2)
FN:66,(anonymous_3)
FN:80,(anonymous_4)
FN:88,(anonymous_5)
FN:102,(anonymous_6)
FN:117,(anonymous_7)
FN:124,(anonymous_8)
FN:126,(anonymous_9)
FN:137,(anonymous_10)
FN:141,(anonymous_11)
FN:146,(anonymous_12)
FN:157,(anonymous_13)
FN:181,(anonymous_14)
FN:187,(anonymous_15)
FN:213,(anonymous_16)
FN:217,(anonymous_17)
FN:235,(anonymous_18)
FN:246,(anonymous_19)
FN:257,(anonymous_20)
FN:285,(anonymous_21)
FN:296,(anonymous_22)
FN:307,(anonymous_23)
FN:318,(anonymous_24)
FN:329,(anonymous_25)
FN:340,(anonymous_26)
FN:351,(anonymous_27)
FNF:28
FNH:3
FNDA:0,(anonymous_0)
FNDA:0,(anonymous_1)
FNDA:0,(anonymous_2)
FNDA:22,(anonymous_3)
FNDA:13,(anonymous_4)
FNDA:13,(anonymous_5)
FNDA:0,(anonymous_6)
FNDA:0,(anonymous_7)
FNDA:0,(anonymous_8)
FNDA:0,(anonymous_9)
FNDA:0,(anonymous_10)
FNDA:0,(anonymous_11)
FNDA:0,(anonymous_12)
FNDA:0,(anonymous_13)
FNDA:0,(anonymous_14)
FNDA:0,(anonymous_15)
FNDA:0,(anonymous_16)
FNDA:0,(anonymous_17)
FNDA:0,(anonymous_18)
FNDA:0,(anonymous_19)
FNDA:0,(anonymous_20)
FNDA:0,(anonymous_21)
FNDA:0,(anonymous_22)
FNDA:0,(anonymous_23)
FNDA:0,(anonymous_24)
FNDA:0,(anonymous_25)
FNDA:0,(anonymous_26)
FNDA:0,(anonymous_27)
DA:26,2
DA:27,2
DA:28,2
DA:35,2
DA:41,2
DA:47,2
DA:48,0
DA:49,0
DA:50,0
DA:52,0
DA:56,2
DA:57,0
DA:58,0
DA:59,0
DA:60,0
DA:66,2
DA:67,22
DA:68,22
DA:69,22
DA:70,22
DA:71,22
DA:72,22
DA:74,22
DA:75,22
DA:76,22
DA:77,22
DA:78,22
DA:80,22
DA:81,13
DA:82,0
DA:83,0
DA:84,0
DA:88,22
DA:89,13
DA:91,0
DA:92,0
DA:95,0
DA:96,0
DA:97,0
DA:98,0
DA:101,0
DA:102,0
DA:103,0
DA:104,0
DA:108,0
DA:110,0
DA:111,0
DA:113,0
DA:117,0
DA:118,0
DA:119,0
DA:124,22
DA:126,22
DA:127,0
DA:128,0
DA:129,0
DA:130,0
DA:132,0
DA:133,0
DA:137,22
DA:138,0
DA:141,22
DA:142,0
DA:143,0
DA:146,22
DA:147,0
DA:148,0
DA:151,22
DA:153,0
DA:155,0
DA:157,0
DA:182,0
DA:183,0
DA:187,0
DA:214,0
DA:217,0
DA:235,0
DA:246,0
DA:257,0
DA:285,0
DA:296,0
DA:307,0
DA:318,0
DA:329,0
DA:340,0
DA:351,0
LF:86
LH:29
BRDA:50,0,0,0
BRDA:50,0,1,0
BRDA:81,1,0,0
BRDA:81,1,1,13
BRDA:89,2,0,13
BRDA:89,2,1,0
BRDA:89,3,0,13
BRDA:89,3,1,0
BRDA:89,3,2,0
BRDA:91,4,0,0
BRDA:91,4,1,0
BRDA:95,5,0,0
BRDA:95,5,1,0
BRDA:118,6,0,0
BRDA:118,6,1,0
BRDA:128,7,0,0
BRDA:128,7,1,0
BRDA:129,8,0,0
BRDA:129,8,1,0
BRDA:151,9,0,22
BRDA:151,9,1,0
BRDA:167,10,0,0
BRDA:167,10,1,0
BRDA:173,11,0,22
BRDA:173,11,1,0
BRDA:173,11,2,0
BRDA:173,11,3,0
BRDA:179,12,0,22
BRDA:179,12,1,0
BRDA:179,12,2,0
BRDA:179,12,3,0
BRDA:182,13,0,0
BRDA:182,13,1,0
BRDA:196,14,0,0
BRDA:196,14,1,0
BRDA:203,15,0,0
BRDA:203,15,1,0
BRDA:203,16,0,0
BRDA:203,16,1,0
BRDA:211,17,0,22
BRDA:211,17,1,0
BRDA:211,17,2,0
BRDA:230,18,0,22
BRDA:230,18,1,0
BRDA:272,19,0,0
BRDA:272,19,1,0
BRDA:276,20,0,0
BRDA:276,20,1,0
BRF:48
BRH:8
end_of_record
TN:
SF:src/components/common/CommandPalette/index.ts
FNF:0
FNH:0
LF:0
LH:0
BRF:0
BRH:0
end_of_record
TN:
SF:src/components/common/ConfirmDeleteDialog/ConfirmDeleteDialog.tsx
FN:18,(anonymous_0)
FN:30,(anonymous_1)
FNF:2
FNH:0
FNDA:0,(anonymous_0)
FNDA:0,(anonymous_1)
DA:18,2
DA:30,0
DA:31,0
DA:35,0
DA:40,0
LF:5
LH:1
BRDA:22,0,0,0
BRDA:25,1,0,0
BRDA:26,2,0,0
BRDA:27,3,0,0
BRDA:28,4,0,0
BRDA:35,5,0,0
BRDA:35,5,1,0
BRDA:35,6,0,0
BRDA:35,6,1,0
BRDA:79,7,0,0
BRDA:79,7,1,0
BRF:11
BRH:0
end_of_record
TN:
SF:src/components/common/ConfirmDeleteDialog/index.ts
FNF:0
FNH:0
LF:0
LH:0
BRF:0
BRH:0
end_of_record
TN:
SF:src/components/common/DataTable/DataTable.tsx
FN:49,(anonymous_0)
FN:103,(anonymous_1)
FN:109,(anonymous_2)
FN:117,(anonymous_3)
FN:118,(anonymous_4)
FN:124,(anonymous_5)
FN:128,(anonymous_6)
FN:143,(anonymous_7)
FN:156,(anonymous_8)
FN:163,(anonymous_9)
FN:178,(anonymous_10)
FN:183,(anonymous_11)
FN:194,(anonymous_12)
FN:205,(anonymous_13)
FN:207,(anonymous_14)
FN:208,(anonymous_15)
FN:217,(anonymous_16)
FN:218,(anonymous_17)
FN:229,(anonymous_18)
FN:233,(anonymous_19)
FN:237,(anonymous_20)
FN:241,(anonymous_21)
FN:248,(anonymous_22)
FN:287,(anonymous_23)
FN:318,(anonymous_24)
FN:368,(anonymous_25)
FNF:26
FNH:0
FNDA:0,(anonymous_0)
FNDA:0,(anonymous_1)
FNDA:0,(anonymous_2)
FNDA:0,(anonymous_3)
FNDA:0,(anonymous_4)
FNDA:0,(anonymous_5)
FNDA:0,(anonymous_6)
FNDA:0,(anonymous_7)
FNDA:0,(anonymous_8)
FNDA:0,(anonymous_9)
FNDA:0,(anonymous_10)
FNDA:0,(anonymous_11)
FNDA:0,(anonymous_12)
FNDA:0,(anonymous_13)
FNDA:0,(anonymous_14)
FNDA:0,(anonymous_15)
FNDA:0,(anonymous_16)
FNDA:0,(anonymous_17)
FNDA:0,(anonymous_18)
FNDA:0,(anonymous_19)
FNDA:0,(anonymous_20)
FNDA:0,(anonymous_21)
FNDA:0,(anonymous_22)
FNDA:0,(anonymous_23)
FNDA:0,(anonymous_24)
FNDA:0,(anonymous_25)
DA:49,2
DA:86,0
DA:87,0
DA:88,0
DA:89,0
DA:90,0
DA:92,0
DA:94,0
DA:95,0
DA:97,0
DA:98,0
DA:100,0
DA:101,0
DA:103,0
DA:104,0
DA:106,0
DA:107,0
DA:108,0
DA:110,0
DA:116,0
DA:117,0
DA:118,0
DA:122,0
DA:123,0
DA:124,0
DA:127,0
DA:128,0
DA:129,0
DA:131,0
DA:133,0
DA:137,0
DA:142,0
DA:143,0
DA:144,0
DA:145,0
DA:146,0
DA:150,0
DA:153,0
DA:154,0
DA:156,0
DA:157,0
DA:159,0
DA:160,0
DA:162,0
DA:164,0
DA:165,0
DA:166,0
DA:176,0
DA:178,0
DA:179,0
DA:183,0
DA:184,0
DA:185,0
DA:187,0
DA:189,0
DA:190,0
DA:194,0
DA:195,0
DA:196,0
DA:198,0
DA:200,0
DA:201,0
DA:205,0
DA:206,0
DA:207,0
DA:208,0
DA:210,0
DA:213,0
DA:215,0
DA:217,0
DA:218,0
DA:219,0
DA:220,0
DA:221,0
DA:223,0
DA:225,0
DA:229,0
DA:230,0
DA:231,0
DA:233,0
DA:237,0
DA:238,0
DA:241,0
DA:242,0
DA:243,0
DA:244,0
DA:248,0
DA:249,0
DA:250,0
DA:251,0
DA:255,0
DA:287,0
DA:319,0
DA:369,0
LF:94
LH:1
BRDA:51,0,0,0
BRDA:52,1,0,0
BRDA:53,2,0,0
BRDA:54,3,0,0
BRDA:55,4,0,0
BRDA:56,5,0,0
BRDA:57,6,0,0
BRDA:58,7,0,0
BRDA:82,8,0,0
BRDA:94,9,0,0
BRDA:94,9,1,0
BRDA:97,10,0,0
BRDA:97,10,1,0
BRDA:98,11,0,0
BRDA:98,11,1,0
BRDA:100,12,0,0
BRDA:100,12,1,0
BRDA:106,13,0,0
BRDA:106,13,1,0
BRDA:106,14,0,0
BRDA:106,14,1,0
BRDA:110,15,0,0
BRDA:110,15,1,0
BRDA:110,15,2,0
BRDA:116,16,0,0
BRDA:116,16,1,0
BRDA:116,17,0,0
BRDA:116,17,1,0
BRDA:122,18,0,0
BRDA:122,18,1,0
BRDA:122,19,0,0
BRDA:122,19,1,0
BRDA:127,20,0,0
BRDA:127,20,1,0
BRDA:129,21,0,0
BRDA:129,21,1,0
BRDA:129,21,2,0
BRDA:129,21,3,0
BRDA:129,21,4,0
BRDA:142,22,0,0
BRDA:142,22,1,0
BRDA:144,23,0,0
BRDA:144,23,1,0
BRDA:145,24,0,0
BRDA:145,24,1,0
BRDA:157,25,0,0
BRDA:157,25,1,0
BRDA:157,26,0,0
BRDA:157,26,1,0
BRDA:157,26,2,0
BRDA:157,26,3,0
BRDA:160,27,0,0
BRDA:160,27,1,0
BRDA:165,28,0,0
BRDA:165,28,1,0
BRDA:165,29,0,0
BRDA:165,29,1,0
BRDA:165,29,2,0
BRDA:184,30,0,0
BRDA:184,30,1,0
BRDA:189,31,0,0
BRDA:189,31,1,0
BRDA:195,32,0,0
BRDA:195,32,1,0
BRDA:200,33,0,0
BRDA:200,33,1,0
BRDA:213,34,0,0
BRDA:213,34,1,0
BRDA:215,35,0,0
BRDA:215,35,1,0
BRDA:220,36,0,0
BRDA:220,36,1,0
BRDA:230,37,0,0
BRDA:230,37,1,0
BRDA:242,38,0,0
BRDA:242,38,1,0
BRDA:242,39,0,0
BRDA:242,39,1,0
BRDA:249,40,0,0
BRDA:249,40,1,0
BRDA:249,41,0,0
BRDA:249,41,1,0
BRDA:270,42,0,0
BRDA:270,42,1,0
BRDA:270,42,2,0
BRDA:274,43,0,0
BRDA:274,43,1,0
BRDA:282,44,0,0
BRDA:282,44,1,0
BRDA:282,44,2,0
BRDA:292,45,0,0
BRDA:292,45,1,0
BRDA:316,46,0,0
BRDA:316,46,1,0
BRDA:341,47,0,0
BRDA:341,47,1,0
BRDA:348,48,0,0
BRDA:348,48,1,0
BRDA:348,49,0,0
BRDA:348,49,1,0
BRDA:355,50,0,0
BRDA:355,50,1,0
BRDA:355,50,2,0
BRDA:387,51,0,0
BRDA:387,51,1,0
BRDA:388,52,0,0
BRDA:388,52,1,0
BRDA:392,53,0,0
BRDA:392,53,1,0
BRDA:394,54,0,0
BRDA:394,54,1,0
BRF:111
BRH:0
end_of_record
TN:
SF:src/components/common/DataTable/DataTableRow.tsx
FN:66,(anonymous_0)
FN:97,(anonymous_1)
FN:100,(anonymous_2)
FN:110,(anonymous_3)
FN:118,(anonymous_4)
FN:119,(anonymous_5)
FN:128,(anonymous_6)
FN:161,(anonymous_7)
FN:177,(anonymous_8)
FN:178,(anonymous_9)
FN:187,(anonymous_10)
FN:188,(anonymous_11)
FN:191,(anonymous_12)
FN:204,(anonymous_13)
FN:207,(anonymous_14)
FN:217,(anonymous_15)
FN:222,(anonymous_16)
FN:225,(anonymous_17)
FN:235,(anonymous_18)
FN:246,(anonymous_19)
FN:257,(anonymous_20)
FN:267,(anonymous_21)
FN:277,(anonymous_22)
FN:290,(anonymous_23)
FNF:24
FNH:0
FNDA:0,(anonymous_0)
FNDA:0,(anonymous_1)
FNDA:0,(anonymous_2)
FNDA:0,(anonymous_3)
FNDA:0,(anonymous_4)
FNDA:0,(anonymous_5)
FNDA:0,(anonymous_6)
FNDA:0,(anonymous_7)
FNDA:0,(anonymous_8)
FNDA:0,(anonymous_9)
FNDA:0,(anonymous_10)
FNDA:0,(anonymous_11)
FNDA:0,(anonymous_12)
FNDA:0,(anonymous_13)
FNDA:0,(anonymous_14)
FNDA:0,(anonymous_15)
FNDA:0,(anonymous_16)
FNDA:0,(anonymous_17)
FNDA:0,(anonymous_18)
FNDA:0,(anonymous_19)
FNDA:0,(anonymous_20)
FNDA:0,(anonymous_21)
FNDA:0,(anonymous_22)
FNDA:0,(anonymous_23)
DA:64,2
DA:66,2
DA:86,0
DA:87,0
DA:88,0
DA:89,0
DA:90,0
DA:92,0
DA:93,0
DA:94,0
DA:95,0
DA:97,0
DA:98,0
DA:99,0
DA:100,0
DA:101,0
DA:105,0
DA:110,0
DA:118,0
DA:119,0
DA:129,0
DA:130,0
DA:162,0
DA:177,0
DA:178,0
DA:187,0
DA:188,0
DA:192,0
DA:204,0
DA:207,0
DA:217,0
DA:222,0
DA:226,0
DA:227,0
DA:236,0
DA:237,0
DA:247,0
DA:248,0
DA:258,0
DA:259,0
DA:268,0
DA:269,0
DA:278,0
DA:279,0
DA:291,0
DA:292,0
LF:46
LH:2
BRDA:68,0,0,0
BRDA:80,1,0,0
BRDA:82,2,0,0
BRDA:83,3,0,0
BRDA:86,4,0,0
BRDA:86,4,1,0
BRDA:87,5,0,0
BRDA:87,5,1,0
BRDA:93,6,0,0
BRDA:93,6,1,0
BRDA:98,7,0,0
BRDA:98,7,1,0
BRDA:107,8,0,0
BRDA:107,8,1,0
BRDA:107,9,0,0
BRDA:107,9,1,0
BRDA:107,10,0,0
BRDA:107,10,1,0
BRDA:111,11,0,0
BRDA:111,11,1,0
BRDA:115,12,0,0
BRDA:115,12,1,0
BRDA:115,12,2,0
BRDA:124,13,0,0
BRDA:124,13,1,0
BRDA:127,14,0,0
BRDA:127,14,1,0
BRDA:134,15,0,0
BRDA:134,15,1,0
BRDA:137,16,0,0
BRDA:137,16,1,0
BRDA:144,17,0,0
BRDA:144,17,1,0
BRDA:154,18,0,0
BRDA:154,18,1,0
BRDA:166,19,0,0
BRDA:166,19,1,0
BRDA:203,20,0,0
BRDA:203,20,1,0
BRDA:203,20,2,0
BRDA:210,21,0,0
BRDA:210,21,1,0
BRDA:231,22,0,0
BRDA:231,22,1,0
BRDA:231,22,2,0
BRDA:241,23,0,0
BRDA:241,23,1,0
BRDA:241,23,2,0
BRDA:252,24,0,0
BRDA:252,24,1,0
BRDA:252,24,2,0
BRDA:264,25,0,0
BRDA:264,25,1,0
BRDA:264,25,2,0
BRDA:264,25,3,0
BRDA:276,26,0,0
BRDA:276,26,1,0
BRDA:282,27,0,0
BRDA:282,27,1,0
BRDA:283,28,0,0
BRDA:283,28,1,0
BRDA:283,28,2,0
BRF:62
BRH:0
end_of_record
TN:
SF:src/components/common/DataTable/DataTableToolbar.tsx
FN:67,(anonymous_0)
FN:86,(anonymous_1)
FN:87,(anonymous_2)
FN:105,(anonymous_3)
FN:114,(anonymous_4)
FN:120,(anonymous_5)
FN:132,(anonymous_6)
FN:139,(anonymous_7)
FN:150,(anonymous_8)
FN:172,(anonymous_9)
FN:172,(anonymous_10)
FN:201,(anonymous_11)
FN:202,(anonymous_12)
FN:220,(anonymous_13)
FN:221,(anonymous_14)
FNF:15
FNH:0
FNDA:0,(anonymous_0)
FNDA:0,(anonymous_1)
FNDA:0,(anonymous_2)
FNDA:0,(anonymous_3)
FNDA:0,(anonymous_4)
FNDA:0,(anonymous_5)
FNDA:0,(anonymous_6)
FNDA:0,(anonymous_7)
FNDA:0,(anonymous_8)
FNDA:0,(anonymous_9)
FNDA:0,(anonymous_10)
FNDA:0,(anonymous_11)
FNDA:0,(anonymous_12)
FNDA:0,(anonymous_13)
FNDA:0,(anonymous_14)
DA:54,2
DA:61,2
DA:67,2
DA:80,0
DA:81,0
DA:82,0
DA:83,0
DA:86,0
DA:87,0
DA:88,0
DA:91,0
DA:93,0
DA:95,0
DA:96,0
DA:101,0
DA:102,0
DA:105,0
DA:106,0
DA:110,0
DA:114,0
DA:116,0
DA:117,0
DA:120,0
DA:121,0
DA:122,0
DA:123,0
DA:126,0
DA:132,0
DA:139,0
DA:150,0
DA:172,0
DA:202,0
DA:204,0
DA:221,0
LF:34
LH:3
BRDA:68,0,0,0
BRDA:69,1,0,0
BRDA:71,2,0,0
BRDA:73,3,0,0
BRDA:74,4,0,0
BRDA:77,5,0,0
BRDA:78,6,0,0
BRDA:91,7,0,0
BRDA:91,7,1,0
BRDA:91,8,0,0
BRDA:91,8,1,0
BRDA:95,9,0,0
BRDA:95,9,1,0
BRDA:101,10,0,0
BRDA:101,10,1,0
BRDA:111,11,0,0
BRDA:111,11,1,0
BRDA:112,12,0,0
BRDA:112,12,1,0
BRDA:135,13,0,0
BRDA:135,13,1,0
BRDA:146,14,0,0
BRDA:146,14,1,0
BRDA:156,15,0,0
BRDA:156,15,1,0
BRDA:176,16,0,0
BRDA:176,16,1,0
BRDA:223,17,0,0
BRDA:223,17,1,0
BRF:29
BRH:0
end_of_record
TN:
SF:src/components/common/DataTable/index.ts
FNF:0
FNH:0
LF:0
LH:0
BRF:0
BRH:0
end_of_record
TN:
SF:src/components/common/DelayedTooltip/DelayedTooltip.tsx
FN:14,(anonymous_0)
FNF:1
FNH:0
FNDA:0,(anonymous_0)
DA:14,2
DA:20,0
LF:2
LH:1
BRDA:16,0,0,0
BRF:1
BRH:0
end_of_record
TN:
SF:src/components/common/DelayedTooltip/index.ts
FNF:0
FNH:0
LF:0
LH:0
BRF:0
BRH:0
end_of_record
TN:
SF:src/components/common/DetailPageTabs/DetailPageTabs.tsx
FN:24,(anonymous_0)
FN:38,(anonymous_1)
FNF:2
FNH:0
FNDA:0,(anonymous_0)
FNDA:0,(anonymous_1)
DA:24,2
DA:32,0
DA:35,0
DA:36,0
DA:38,0
DA:39,0
DA:41,0
DA:42,0
DA:45,0
DA:49,0
LF:10
LH:1
BRDA:29,0,0,0
BRDA:30,1,0,0
BRDA:36,2,0,0
BRDA:36,2,1,0
BRDA:36,2,2,0
BRDA:39,3,0,0
BRDA:39,3,1,0
BRDA:41,4,0,0
BRDA:41,4,1,0
BRF:9
BRH:0
end_of_record
TN:
SF:src/components/common/DetailPageTabs/index.ts
FNF:0
FNH:0
LF:0
LH:0
BRF:0
BRH:0
end_of_record
TN:
SF:src/components/common/EditRolesDialog/EditRolesDialog.tsx
FN:38,(anonymous_0)
FN:51,(anonymous_1)
FN:64,(anonymous_2)
FN:79,(anonymous_3)
FN:88,(anonymous_4)
FN:95,(anonymous_5)
FN:96,(anonymous_6)
FN:100,(anonymous_7)
FN:107,(anonymous_8)
FN:123,(anonymous_9)
FN:167,(anonymous_10)
FN:171,(anonymous_11)
FN:175,(anonymous_12)
FNF:13
FNH:0
FNDA:0,(anonymous_0)
FNDA:0,(anonymous_1)
FNDA:0,(anonymous_2)
FNDA:0,(anonymous_3)
FNDA:0,(anonymous_4)
FNDA:0,(anonymous_5)
FNDA:0,(anonymous_6)
FNDA:0,(anonymous_7)
FNDA:0,(anonymous_8)
FNDA:0,(anonymous_9)
FNDA:0,(anonymous_10)
FNDA:0,(anonymous_11)
FNDA:0,(anonymous_12)
DA:38,2
DA:39,0
DA:41,0
DA:43,0
DA:45,0
DA:47,0
DA:51,2
DA:52,0
DA:54,0
DA:56,0
DA:58,0
DA:60,0
DA:64,2
DA:74,0
DA:75,0
DA:76,0
DA:79,0
DA:80,0
DA:81,0
DA:82,0
DA:87,0
DA:89,0
DA:95,0
DA:96,0
DA:97,0
DA:99,0
DA:100,0
DA:102,0
DA:107,0
DA:108,0
DA:110,0
DA:111,0
DA:112,0
DA:113,0
DA:115,0
DA:121,0
DA:123,0
DA:125,0
DA:168,0
DA:171,0
DA:175,0
LF:41
LH:3
BRDA:39,0,0,0
BRDA:39,0,1,0
BRDA:39,0,2,0
BRDA:39,0,3,0
BRDA:52,1,0,0
BRDA:52,1,1,0
BRDA:52,1,2,0
BRDA:52,1,3,0
BRDA:80,2,0,0
BRDA:80,2,1,0
BRDA:89,3,0,0
BRDA:89,3,1,0
BRDA:89,3,2,0
BRDA:97,4,0,0
BRDA:97,4,1,0
BRDA:99,5,0,0
BRDA:99,5,1,0
BRDA:108,6,0,0
BRDA:108,6,1,0
BRDA:121,7,0,0
BRDA:121,7,1,0
BRDA:121,7,2,0
BRDA:147,8,0,0
BRDA:147,8,1,0
BRDA:170,9,0,0
BRDA:170,9,1,0
BRDA:181,10,0,0
BRDA:181,10,1,0
BRDA:195,11,0,0
BRDA:195,11,1,0
BRDA:210,12,0,0
BRDA:210,12,1,0
BRF:32
BRH:0
end_of_record
TN:
SF:src/components/common/EditRolesDialog/index.ts
FNF:0
FNH:0
LF:0
LH:0
BRF:0
BRH:0
end_of_record
TN:
SF:src/components/common/EntityAvatar/EntityAvatar.tsx
FN:48,(anonymous_0)
FNF:1
FNH:0
FNDA:0,(anonymous_0)
DA:24,2
DA:32,2
DA:40,2
DA:48,2
DA:49,0
DA:50,0
DA:51,0
DA:53,0
LF:8
LH:4
BRDA:48,0,0,0
BRDA:49,1,0,0
BRDA:49,1,1,0
BRDA:50,2,0,0
BRDA:50,2,1,0
BRDA:51,3,0,0
BRDA:51,3,1,0
BRF:7
BRH:0
end_of_record
TN:
SF:src/components/common/EntityAvatar/index.ts
FNF:0
FNH:0
LF:0
LH:0
BRF:0
BRH:0
end_of_record
TN:
SF:src/components/common/EntityDetailsForm/EntityDetailsForm.tsx
FN:50,EntityDetailsForm
FN:63,(anonymous_1)
FN:67,(anonymous_2)
FN:80,(anonymous_3)
FN:84,(anonymous_4)
FN:94,(anonymous_5)
FN:98,(anonymous_6)
FN:103,(anonymous_7)
FN:113,(anonymous_8)
FN:138,(anonymous_9)
FN:166,(anonymous_10)
FN:240,(anonymous_11)
FN:250,(anonymous_12)
FN:302,(anonymous_13)
FNF:14
FNH:0
FNDA:0,EntityDetailsForm
FNDA:0,(anonymous_1)
FNDA:0,(anonymous_2)
FNDA:0,(anonymous_3)
FNDA:0,(anonymous_4)
FNDA:0,(anonymous_5)
FNDA:0,(anonymous_6)
FNDA:0,(anonymous_7)
FNDA:0,(anonymous_8)
FNDA:0,(anonymous_9)
FNDA:0,(anonymous_10)
FNDA:0,(anonymous_11)
FNDA:0,(anonymous_12)
FNDA:0,(anonymous_13)
DA:59,0
DA:60,0
DA:63,0
DA:64,0
DA:65,0
DA:66,0
DA:67,0
DA:68,0
DA:69,0
DA:72,0
DA:75,0
DA:80,0
DA:81,0
DA:82,0
DA:83,0
DA:84,0
DA:85,0
DA:86,0
DA:89,0
DA:90,0
DA:94,0
DA:95,0
DA:98,0
DA:99,0
DA:100,0
DA:103,0
DA:104,0
DA:105,0
DA:106,0
DA:107,0
DA:109,0
DA:113,0
DA:114,0
DA:115,0
DA:117,0
DA:118,0
DA:122,0
DA:123,0
DA:134,0
DA:135,0
DA:138,0
DA:143,0
DA:144,0
DA:146,0
DA:158,0
DA:159,0
DA:167,0
DA:182,0
DA:194,0
DA:206,0
DA:208,0
DA:220,0
DA:235,0
DA:240,0
DA:245,0
DA:250,0
DA:256,0
DA:260,0
DA:303,0
LF:59
LH:0
BRDA:52,0,0,0
BRDA:55,1,0,0
BRDA:57,2,0,0
BRDA:64,3,0,0
BRDA:64,3,1,0
BRDA:68,4,0,0
BRDA:68,4,1,0
BRDA:69,5,0,0
BRDA:69,5,1,0
BRDA:81,6,0,0
BRDA:81,6,1,0
BRDA:85,7,0,0
BRDA:85,7,1,0
BRDA:86,8,0,0
BRDA:86,8,1,0
BRDA:115,9,0,0
BRDA:115,9,1,0
BRDA:117,10,0,0
BRDA:117,10,1,0
BRDA:118,11,0,0
BRDA:118,11,1,0
BRDA:122,12,0,0
BRDA:122,12,1,0
BRDA:128,13,0,0
BRDA:128,13,1,0
BRDA:134,14,0,0
BRDA:134,14,1,0
BRDA:134,15,0,0
BRDA:134,15,1,0
BRDA:143,16,0,0
BRDA:143,16,1,0
BRDA:144,17,0,0
BRDA:144,17,1,0
BRDA:144,17,2,0
BRDA:144,17,3,0
BRDA:151,18,0,0
BRDA:151,18,1,0
BRDA:152,19,0,0
BRDA:152,19,1,0
BRDA:164,20,0,0
BRDA:164,20,1,0
BRDA:164,21,0,0
BRDA:164,21,1,0
BRDA:188,22,0,0
BRDA:188,22,1,0
BRDA:199,23,0,0
BRDA:199,23,1,0
BRDA:206,24,0,0
BRDA:206,24,1,0
BRDA:206,24,2,0
BRDA:206,24,3,0
BRDA:206,24,4,0
BRDA:249,25,0,0
BRDA:249,25,1,0
BRDA:267,26,0,0
BRDA:267,26,1,0
BRDA:267,26,2,0
BRDA:269,27,0,0
BRDA:269,27,1,0
BRDA:308,28,0,0
BRDA:308,28,1,0
BRF:61
BRH:0
end_of_record
TN:
SF:src/components/common/EntityDetailsForm/index.ts
FNF:0
FNH:0
LF:0
LH:0
BRF:0
BRH:0
end_of_record
TN:
SF:src/components/common/GenerateWithAIButton/GenerateWithAIButton.tsx
FN:19,(anonymous_0)
FN:35,(anonymous_1)
FNF:2
FNH:0
FNDA:0,(anonymous_0)
FNDA:0,(anonymous_1)
DA:19,2
DA:27,0
DA:28,0
DA:29,0
DA:31,0
DA:32,0
DA:35,0
DA:36,0
DA:38,0
DA:39,0
DA:40,0
DA:46,0
DA:50,0
DA:54,0
LF:14
LH:1
BRDA:25,0,0,0
BRDA:31,1,0,0
BRDA:31,1,1,0
BRDA:36,2,0,0
BRDA:36,2,1,0
BRDA:36,3,0,0
BRDA:36,3,1,0
BRDA:36,3,2,0
BRDA:60,4,0,0
BRDA:60,4,1,0
BRDA:60,4,2,0
BRDA:63,5,0,0
BRDA:63,5,1,0
BRF:13
BRH:0
end_of_record
TN:
SF:src/components/common/GenerateWithAIButton/index.ts
FNF:0
FNH:0
LF:0
LH:0
BRF:0
BRH:0
end_of_record
TN:
SF:src/components/common/ManageAccessTable/ManageAccessTable.tsx
FN:82,(anonymous_0)
FN:95,(anonymous_1)
FN:108,(anonymous_2)
FN:132,(anonymous_3)
FN:156,(anonymous_4)
FN:163,(anonymous_5)
FN:173,(anonymous_6)
FN:174,(anonymous_7)
FN:179,(anonymous_8)
FN:189,(anonymous_9)
FN:199,(anonymous_10)
FN:212,(anonymous_11)
FN:229,(anonymous_12)
FN:233,(anonymous_13)
FN:244,(anonymous_14)
FN:273,(anonymous_15)
FN:300,(anonymous_16)
FN:328,(anonymous_17)
FN:369,(anonymous_18)
FN:382,(anonymous_19)
FN:404,(anonymous_20)
FN:427,(anonymous_21)
FNF:22
FNH:0
FNDA:0,(anonymous_0)
FNDA:0,(anonymous_1)
FNDA:0,(anonymous_2)
FNDA:0,(anonymous_3)
FNDA:0,(anonymous_4)
FNDA:0,(anonymous_5)
FNDA:0,(anonymous_6)
FNDA:0,(anonymous_7)
FNDA:0,(anonymous_8)
FNDA:0,(anonymous_9)
FNDA:0,(anonymous_10)
FNDA:0,(anonymous_11)
FNDA:0,(anonymous_12)
FNDA:0,(anonymous_13)
FNDA:0,(anonymous_14)
FNDA:0,(anonymous_15)
FNDA:0,(anonymous_16)
FNDA:0,(anonymous_17)
FNDA:0,(anonymous_18)
FNDA:0,(anonymous_19)
FNDA:0,(anonymous_20)
FNDA:0,(anonymous_21)
DA:68,2
DA:74,2
DA:76,2
DA:82,2
DA:83,0
DA:85,0
DA:87,0
DA:89,0
DA:91,0
DA:95,2
DA:96,0
DA:98,0
DA:100,0
DA:102,0
DA:104,0
DA:108,2
DA:122,0
DA:125,0
DA:132,0
DA:133,0
DA:137,0
DA:138,0
DA:141,0
DA:144,0
DA:147,0
DA:153,0
DA:156,0
DA:157,0
DA:160,0
DA:161,0
DA:162,0
DA:164,0
DA:172,0
DA:173,0
DA:174,0
DA:179,0
DA:180,0
DA:181,0
DA:182,0
DA:185,0
DA:189,0
DA:190,0
DA:199,0
DA:200,0
DA:201,0
DA:202,0
DA:203,0
DA:204,0
DA:206,0
DA:211,0
DA:214,0
DA:220,0
DA:226,0
DA:228,0
DA:229,0
DA:230,0
DA:231,0
DA:233,0
DA:234,0
DA:235,0
DA:236,0
DA:244,0
DA:245,0
DA:248,0
DA:249,0
DA:256,0
DA:257,0
DA:264,0
DA:273,0
DA:301,0
DA:330,0
DA:331,0
DA:332,0
DA:335,0
DA:338,0
DA:340,0
DA:370,0
DA:383,0
DA:384,0
DA:405,0
DA:406,0
DA:427,0
LF:82
LH:6
BRDA:83,0,0,0
BRDA:83,0,1,0
BRDA:83,0,2,0
BRDA:83,0,3,0
BRDA:96,1,0,0
BRDA:96,1,1,0
BRDA:96,1,2,0
BRDA:96,1,3,0
BRDA:110,2,0,0
BRDA:111,3,0,0
BRDA:112,4,0,0
BRDA:116,5,0,0
BRDA:117,6,0,0
BRDA:118,7,0,0
BRDA:119,8,0,0
BRDA:160,9,0,0
BRDA:160,9,1,0
BRDA:164,10,0,0
BRDA:164,10,1,0
BRDA:164,10,2,0
BRDA:164,10,3,0
BRDA:172,11,0,0
BRDA:172,11,1,0
BRDA:180,12,0,0
BRDA:180,12,1,0
BRDA:181,13,0,0
BRDA:181,13,1,0
BRDA:200,14,0,0
BRDA:200,14,1,0
BRDA:214,15,0,0
BRDA:214,15,1,0
BRDA:215,16,0,0
BRDA:215,16,1,0
BRDA:215,16,2,0
BRDA:215,16,3,0
BRDA:248,17,0,0
BRDA:248,17,1,0
BRDA:256,18,0,0
BRDA:256,18,1,0
BRDA:307,19,0,0
BRDA:307,19,1,0
BRDA:313,20,0,0
BRDA:313,20,1,0
BRDA:314,21,0,0
BRDA:314,21,1,0
BRDA:316,22,0,0
BRDA:316,22,1,0
BRDA:319,23,0,0
BRDA:319,23,1,0
BRDA:331,24,0,0
BRDA:331,24,1,0
BRDA:331,24,2,0
BRDA:335,25,0,0
BRDA:335,25,1,0
BRDA:347,26,0,0
BRDA:347,26,1,0
BRDA:347,27,0,0
BRDA:347,27,1,0
BRDA:350,28,0,0
BRDA:350,28,1,0
BRDA:356,29,0,0
BRDA:356,29,1,0
BRDA:356,29,2,0
BRDA:371,30,0,0
BRDA:371,30,1,0
BRDA:383,31,0,0
BRDA:383,31,1,0
BRDA:395,32,0,0
BRDA:395,32,1,0
BRDA:398,33,0,0
BRDA:398,33,1,0
BRDA:405,34,0,0
BRDA:405,34,1,0
BRDA:430,35,0,0
BRDA:430,35,1,0
BRF:75
BRH:0
end_of_record
TN:
SF:src/components/common/ManageAccessTable/index.ts
FNF:0
FNH:0
LF:0
LH:0
BRF:0
BRH:0
end_of_record
TN:
SF:src/components/common/ManageTenantAccessTable/ManageTenantAccessTable.tsx
FN:124,(anonymous_0)
FN:137,(anonymous_1)
FN:151,(anonymous_2)
FN:165,(anonymous_3)
FN:166,(anonymous_4)
FN:171,(anonymous_5)
FN:179,(anonymous_6)
FN:180,(anonymous_7)
FN:188,(anonymous_8)
FN:198,(anonymous_9)
FN:220,(anonymous_10)
FN:221,(anonymous_11)
FN:222,(anonymous_12)
FN:236,(anonymous_13)
FN:237,(anonymous_14)
FN:240,(anonymous_15)
FN:259,(anonymous_16)
FN:299,(anonymous_17)
FN:306,(anonymous_18)
FN:313,(anonymous_19)
FN:318,(anonymous_20)
FN:326,(anonymous_21)
FN:330,(anonymous_22)
FN:340,(anonymous_23)
FN:344,(anonymous_24)
FN:355,(anonymous_25)
FN:367,(anonymous_26)
FN:372,(anonymous_27)
FN:373,(anonymous_28)
FN:466,(anonymous_29)
FN:472,(anonymous_30)
FN:513,(anonymous_31)
FN:518,(anonymous_32)
FN:532,(anonymous_33)
FN:537,(anonymous_34)
FN:543,(anonymous_35)
FN:573,(anonymous_36)
FNF:37
FNH:0
FNDA:0,(anonymous_0)
FNDA:0,(anonymous_1)
FNDA:0,(anonymous_2)
FNDA:0,(anonymous_3)
FNDA:0,(anonymous_4)
FNDA:0,(anonymous_5)
FNDA:0,(anonymous_6)
FNDA:0,(anonymous_7)
FNDA:0,(anonymous_8)
FNDA:0,(anonymous_9)
FNDA:0,(anonymous_10)
FNDA:0,(anonymous_11)
FNDA:0,(anonymous_12)
FNDA:0,(anonymous_13)
FNDA:0,(anonymous_14)
FNDA:0,(anonymous_15)
FNDA:0,(anonymous_16)
FNDA:0,(anonymous_17)
FNDA:0,(anonymous_18)
FNDA:0,(anonymous_19)
FNDA:0,(anonymous_20)
FNDA:0,(anonymous_21)
FNDA:0,(anonymous_22)
FNDA:0,(anonymous_23)
FNDA:0,(anonymous_24)
FNDA:0,(anonymous_25)
FNDA:0,(anonymous_26)
FNDA:0,(anonymous_27)
FNDA:0,(anonymous_28)
FNDA:0,(anonymous_29)
FNDA:0,(anonymous_30)
FNDA:0,(anonymous_31)
FNDA:0,(anonymous_32)
FNDA:0,(anonymous_33)
FNDA:0,(anonymous_34)
FNDA:0,(anonymous_35)
FNDA:0,(anonymous_36)
DA:30,2
DA:55,2
DA:76,2
DA:124,2
DA:125,0
DA:127,0
DA:129,0
DA:131,0
DA:133,0
DA:137,2
DA:138,0
DA:140,0
DA:142,0
DA:144,0
DA:146,0
DA:151,2
DA:152,0
DA:154,0
DA:156,0
DA:158,0
DA:160,0
DA:165,2
DA:166,0
DA:167,0
DA:171,2
DA:172,0
DA:173,0
DA:174,0
DA:175,0
DA:179,2
DA:180,0
DA:181,0
DA:182,0
DA:183,0
DA:188,2
DA:189,0
DA:191,0
DA:192,0
DA:193,0
DA:194,0
DA:196,0
DA:199,0
DA:220,0
DA:221,0
DA:222,0
DA:236,0
DA:237,0
DA:241,0
DA:259,2
DA:277,0
DA:280,0
DA:281,0
DA:284,0
DA:287,0
DA:290,0
DA:296,0
DA:299,0
DA:300,0
DA:301,0
DA:306,0
DA:307,0
DA:308,0
DA:313,0
DA:314,0
DA:318,0
DA:319,0
DA:320,0
DA:321,0
DA:326,0
DA:327,0
DA:329,0
DA:331,0
DA:332,0
DA:338,0
DA:340,0
DA:344,0
DA:345,0
DA:346,0
DA:355,0
DA:356,0
DA:357,0
DA:358,0
DA:359,0
DA:360,0
DA:362,0
DA:367,0
DA:368,0
DA:372,0
DA:373,0
DA:378,0
DA:379,0
DA:380,0
DA:381,0
DA:382,0
DA:384,0
DA:467,0
DA:469,0
DA:472,0
DA:513,0
DA:519,0
DA:520,0
DA:532,0
DA:537,0
DA:543,0
DA:573,0
LF:105
LH:11
BRDA:125,0,0,0
BRDA:125,0,1,0
BRDA:125,0,2,0
BRDA:125,0,3,0
BRDA:138,1,0,0
BRDA:138,1,1,0
BRDA:138,1,2,0
BRDA:138,1,3,0
BRDA:152,2,0,0
BRDA:152,2,1,0
BRDA:152,2,2,0
BRDA:152,2,3,0
BRDA:167,3,0,0
BRDA:167,3,1,0
BRDA:172,4,0,0
BRDA:172,4,1,0
BRDA:173,5,0,0
BRDA:173,5,1,0
BRDA:174,6,0,0
BRDA:174,6,1,0
BRDA:181,7,0,0
BRDA:181,7,1,0
BRDA:182,8,0,0
BRDA:182,8,1,0
BRDA:209,9,0,0
BRDA:209,9,1,0
BRDA:261,10,0,0
BRDA:262,11,0,0
BRDA:263,12,0,0
BRDA:264,13,0,0
BRDA:265,14,0,0
BRDA:280,15,0,0
BRDA:280,15,1,0
BRDA:284,16,0,0
BRDA:284,16,1,0
BRDA:300,17,0,0
BRDA:300,17,1,0
BRDA:300,18,0,0
BRDA:300,18,1,0
BRDA:307,19,0,0
BRDA:307,19,1,0
BRDA:320,20,0,0
BRDA:320,20,1,0
BRDA:327,21,0,0
BRDA:327,21,1,0
BRDA:327,22,0,0
BRDA:327,22,1,0
BRDA:327,22,2,0
BRDA:327,22,3,0
BRDA:331,23,0,0
BRDA:331,23,1,0
BRDA:331,24,0,0
BRDA:331,24,1,0
BRDA:331,24,2,0
BRDA:356,25,0,0
BRDA:356,25,1,0
BRDA:378,26,0,0
BRDA:378,26,1,0
BRDA:379,27,0,0
BRDA:379,27,1,0
BRDA:381,28,0,0
BRDA:381,28,1,0
BRDA:382,29,0,0
BRDA:382,29,1,0
BRDA:430,30,0,0
BRDA:430,30,1,0
BRDA:430,30,2,0
BRDA:440,31,0,0
BRDA:440,31,1,0
BRDA:450,32,0,0
BRDA:450,32,1,0
BRDA:455,33,0,0
BRDA:455,33,1,0
BRDA:456,34,0,0
BRDA:456,34,1,0
BRDA:456,35,0,0
BRDA:456,35,1,0
BRDA:466,36,0,0
BRDA:466,36,1,0
BRDA:472,37,0,0
BRDA:472,37,1,0
BRDA:473,38,0,0
BRDA:473,38,1,0
BRDA:483,39,0,0
BRDA:483,39,1,0
BRDA:485,40,0,0
BRDA:485,40,1,0
BRDA:488,41,0,0
BRDA:488,41,1,0
BRDA:493,42,0,0
BRDA:493,42,1,0
BRDA:493,42,2,0
BRDA:495,43,0,0
BRDA:495,43,1,0
BRDA:495,43,2,0
BRDA:497,44,0,0
BRDA:497,44,1,0
BRDA:517,45,0,0
BRDA:517,45,1,0
BRDA:519,46,0,0
BRDA:519,46,1,0
BRDA:519,47,0,0
BRDA:519,47,1,0
BRDA:525,48,0,0
BRDA:525,48,1,0
BRDA:526,49,0,0
BRDA:526,49,1,0
BRDA:538,50,0,0
BRDA:538,50,1,0
BRDA:538,50,2,0
BRDA:558,51,0,0
BRDA:558,51,1,0
BRDA:560,52,0,0
BRDA:560,52,1,0
BRDA:575,53,0,0
BRDA:575,53,1,0
BRF:116
BRH:0
end_of_record
TN:
SF:src/components/common/ManageTenantAccessTable/index.ts
FNF:0
FNH:0
LF:0
LH:0
BRF:0
BRH:0
end_of_record
TN:
SF:src/components/common/MarkdownRenderer/MarkdownRenderer.tsx
FN:10,(anonymous_0)
FNF:1
FNH:0
FNDA:0,(anonymous_0)
DA:10,2
DA:11,0
LF:2
LH:1
BRF:0
BRH:0
end_of_record
TN:
SF:src/components/common/MarkdownRenderer/index.ts
FNF:0
FNH:0
LF:0
LH:0
BRF:0
BRH:0
end_of_record
TN:
SF:src/components/common/PageHeader/PageHeader.tsx
FN:21,(anonymous_0)
FNF:1
FNH:0
FNDA:0,(anonymous_0)
DA:21,2
DA:29,0
LF:2
LH:1
BRDA:27,0,0,0
BRDA:36,1,0,0
BRDA:36,1,1,0
BRDA:45,2,0,0
BRDA:45,2,1,0
BRDA:45,2,2,0
BRF:6
BRH:0
end_of_record
TN:
SF:src/components/common/PageHeader/index.ts
FNF:0
FNH:0
LF:0
LH:0
BRF:0
BRH:0
end_of_record
TN:
SF:src/components/common/PermissionGate/PermissionGate.tsx
FN:19,(anonymous_0)
FN:67,(anonymous_1)
FNF:2
FNH:2
FNDA:14,(anonymous_0)
FNDA:1,(anonymous_1)
DA:19,3
DA:29,14
DA:30,14
DA:32,14
DA:34,14
DA:35,5
DA:36,9
DA:37,2
DA:40,14
DA:41,8
DA:43,0
DA:44,0
DA:46,4
DA:47,4
DA:49,4
DA:50,4
DA:54,14
DA:55,7
DA:58,7
DA:59,6
DA:62,1
DA:64,14
DA:68,1
DA:69,1
DA:71,0
LF:25
LH:22
BRDA:24,0,0,14
BRDA:25,1,0,14
BRDA:26,2,0,14
BRDA:34,3,0,5
BRDA:34,3,1,9
BRDA:36,4,0,2
BRDA:36,4,1,7
BRDA:36,5,0,9
BRDA:36,5,1,2
BRDA:40,6,0,8
BRDA:40,6,1,6
BRDA:40,7,0,14
BRDA:40,7,1,11
BRDA:41,8,0,0
BRDA:41,8,1,4
BRDA:41,8,2,4
BRDA:54,9,0,7
BRDA:54,9,1,7
BRDA:58,10,0,6
BRDA:58,10,1,1
BRDA:62,11,0,1
BRDA:62,11,1,1
BRDA:68,12,0,1
BRDA:68,12,1,0
BRF:24
BRH:22
end_of_record
TN:
SF:src/components/common/PermissionGate/index.ts
FNF:0
FNH:0
LF:0
LH:0
BRF:0
BRH:0
end_of_record
TN:
SF:src/components/common/SecretField/SecretField.tsx
FN:30,(anonymous_0)
FN:44,(anonymous_1)
FN:51,(anonymous_2)
FN:55,(anonymous_3)
FN:107,(anonymous_4)
FNF:5
FNH:0
FNDA:0,(anonymous_0)
FNDA:0,(anonymous_1)
FNDA:0,(anonymous_2)
FNDA:0,(anonymous_3)
FNDA:0,(anonymous_4)
DA:30,2
DA:42,0
DA:44,0
DA:45,0
DA:47,0
DA:51,0
DA:52,0
DA:53,0
DA:55,0
DA:58,0
DA:62,0
DA:108,0
LF:12
LH:1
BRDA:33,0,0,0
BRDA:36,1,0,0
BRDA:38,2,0,0
BRDA:39,3,0,0
BRDA:45,4,0,0
BRDA:45,4,1,0
BRDA:52,5,0,0
BRDA:52,5,1,0
BRDA:58,6,0,0
BRDA:58,6,1,0
BRDA:58,7,0,0
BRDA:58,7,1,0
BRDA:60,8,0,0
BRDA:60,8,1,0
BRDA:69,9,0,0
BRDA:69,9,1,0
BRDA:78,10,0,0
BRDA:78,10,1,0
BRDA:78,11,0,0
BRDA:78,11,1,0
BRDA:85,12,0,0
BRDA:85,12,1,0
BRDA:86,13,0,0
BRDA:86,13,1,0
BRDA:93,14,0,0
BRDA:93,14,1,0
BRDA:101,15,0,0
BRDA:101,15,1,0
BRDA:105,16,0,0
BRDA:105,16,1,0
BRDA:105,16,2,0
BRDA:108,17,0,0
BRDA:108,17,1,0
BRDA:111,18,0,0
BRDA:111,18,1,0
BRDA:115,19,0,0
BRDA:115,19,1,0
BRDA:122,20,0,0
BRDA:122,20,1,0
BRF:39
BRH:0
end_of_record
TN:
SF:src/components/common/SecretField/index.ts
FNF:0
FNH:0
LF:0
LH:0
BRF:0
BRH:0
end_of_record
TN:
SF:src/components/common/TagInput/TagInput.tsx
FN:18,(anonymous_0)
FN:40,(anonymous_1)
FN:62,(anonymous_2)
FN:63,(anonymous_3)
FN:91,(anonymous_4)
FN:92,(anonymous_5)
FN:118,(anonymous_6)
FN:119,(anonymous_7)
FN:126,(anonymous_8)
FN:129,(anonymous_9)
FN:143,(anonymous_10)
FN:144,(anonymous_11)
FN:148,(anonymous_12)
FN:163,(anonymous_13)
FN:168,(anonymous_14)
FN:175,(anonymous_15)
FN:182,(anonymous_16)
FN:186,(anonymous_17)
FN:208,(anonymous_18)
FN:215,(anonymous_19)
FN:231,(anonymous_20)
FN:237,(anonymous_21)
FN:264,(anonymous_22)
FN:268,(anonymous_23)
FN:272,(anonymous_24)
FNF:25
FNH:0
FNDA:0,(anonymous_0)
FNDA:0,(anonymous_1)
FNDA:0,(anonymous_2)
FNDA:0,(anonymous_3)
FNDA:0,(anonymous_4)
FNDA:0,(anonymous_5)
FNDA:0,(anonymous_6)
FNDA:0,(anonymous_7)
FNDA:0,(anonymous_8)
FNDA:0,(anonymous_9)
FNDA:0,(anonymous_10)
FNDA:0,(anonymous_11)
FNDA:0,(anonymous_12)
FNDA:0,(anonymous_13)
FNDA:0,(anonymous_14)
FNDA:0,(anonymous_15)
FNDA:0,(anonymous_16)
FNDA:0,(anonymous_17)
FNDA:0,(anonymous_18)
FNDA:0,(anonymous_19)
FNDA:0,(anonymous_20)
FNDA:0,(anonymous_21)
FNDA:0,(anonymous_22)
FNDA:0,(anonymous_23)
FNDA:0,(anonymous_24)
DA:18,2
DA:28,0
DA:29,0
DA:30,0
DA:31,0
DA:32,0
DA:33,0
DA:34,0
DA:35,0
DA:36,0
DA:37,0
DA:40,0
DA:41,0
DA:42,0
DA:43,0
DA:52,0
DA:53,0
DA:56,0
DA:59,0
DA:62,0
DA:63,0
DA:65,0
DA:66,0
DA:67,0
DA:71,0
DA:72,0
DA:73,0
DA:74,0
DA:76,0
DA:79,0
DA:80,0
DA:81,0
DA:85,0
DA:86,0
DA:87,0
DA:89,0
DA:90,0
DA:91,0
DA:93,0
DA:98,0
DA:103,0
DA:104,0
DA:105,0
DA:107,0
DA:108,0
DA:110,0
DA:114,0
DA:118,0
DA:119,0
DA:120,0
DA:121,0
DA:125,0
DA:126,0
DA:129,0
DA:130,0
DA:131,0
DA:132,0
DA:133,0
DA:135,0
DA:136,0
DA:137,0
DA:138,0
DA:139,0
DA:140,0
DA:143,0
DA:144,0
DA:145,0
DA:148,0
DA:149,0
DA:150,0
DA:151,0
DA:152,0
DA:153,0
DA:154,0
DA:155,0
DA:156,0
DA:157,0
DA:159,0
DA:160,0
DA:161,0
DA:162,0
DA:163,0
DA:164,0
DA:166,0
DA:167,0
DA:168,0
DA:169,0
DA:170,0
DA:171,0
DA:175,0
DA:176,0
DA:177,0
DA:178,0
DA:182,0
DA:183,0
DA:186,0
DA:187,0
DA:190,0
DA:209,0
DA:216,0
DA:217,0
DA:232,0
DA:233,0
DA:234,0
DA:238,0
DA:265,0
DA:269,0
DA:270,0
DA:272,0
LF:109
LH:1
BRDA:19,0,0,0
BRDA:21,1,0,0
BRDA:25,2,0,0
BRDA:41,3,0,0
BRDA:41,3,1,0
BRDA:41,4,0,0
BRDA:41,4,1,0
BRDA:65,5,0,0
BRDA:65,5,1,0
BRDA:65,6,0,0
BRDA:65,6,1,0
BRDA:65,6,2,0
BRDA:65,6,3,0
BRDA:71,7,0,0
BRDA:71,7,1,0
BRDA:76,8,0,0
BRDA:76,8,1,0
BRDA:76,9,0,0
BRDA:76,9,1,0
BRDA:76,9,2,0
BRDA:89,10,0,0
BRDA:89,10,1,0
BRDA:89,11,0,0
BRDA:89,11,1,0
BRDA:93,12,0,0
BRDA:93,12,1,0
BRDA:120,13,0,0
BRDA:120,13,1,0
BRDA:120,14,0,0
BRDA:120,14,1,0
BRDA:131,15,0,0
BRDA:131,15,1,0
BRDA:132,16,0,0
BRDA:132,16,1,0
BRDA:133,17,0,0
BRDA:133,17,1,0
BRDA:133,18,0,0
BRDA:133,18,1,0
BRDA:149,19,0,0
BRDA:149,19,1,0
BRDA:149,20,0,0
BRDA:149,20,1,0
BRDA:152,21,0,0
BRDA:152,21,1,0
BRDA:154,22,0,0
BRDA:154,22,1,0
BRDA:154,23,0,0
BRDA:154,23,1,0
BRDA:156,24,0,0
BRDA:156,24,1,0
BRDA:159,25,0,0
BRDA:159,25,1,0
BRDA:159,26,0,0
BRDA:159,26,1,0
BRDA:159,26,2,0
BRDA:161,27,0,0
BRDA:161,27,1,0
BRDA:164,28,0,0
BRDA:164,28,1,0
BRDA:166,29,0,0
BRDA:166,29,1,0
BRDA:168,30,0,0
BRDA:168,30,1,0
BRDA:169,31,0,0
BRDA:169,31,1,0
BRDA:177,32,0,0
BRDA:177,32,1,0
BRDA:192,33,0,0
BRDA:192,33,1,0
BRDA:197,34,0,0
BRDA:197,34,1,0
BRDA:204,35,0,0
BRDA:204,35,1,0
BRDA:204,36,0,0
BRDA:204,36,1,0
BRDA:211,37,0,0
BRDA:211,37,1,0
BRDA:233,38,0,0
BRDA:233,38,1,0
BRDA:233,39,0,0
BRDA:233,39,1,0
BRDA:240,40,0,0
BRDA:240,40,1,0
BRDA:241,41,0,0
BRDA:241,41,1,0
BRDA:241,41,2,0
BRDA:245,42,0,0
BRDA:245,42,1,0
BRDA:251,43,0,0
BRDA:251,43,1,0
BRDA:251,43,2,0
BRDA:267,44,0,0
BRDA:267,44,1,0
BRDA:281,45,0,0
BRDA:281,45,1,0
BRF:95
BRH:0
end_of_record
TN:
SF:src/components/common/TagInput/index.ts
FNF:0
FNH:0
LF:0
LH:0
BRF:0
BRH:0
end_of_record
TN:
SF:src/components/common/TracesTable/TracesTable.tsx
FN:84,formatRelativeTime
FN:104,(anonymous_1)
FN:125,(anonymous_2)
FN:129,(anonymous_3)
FN:134,(anonymous_4)
FN:148,(anonymous_5)
FN:152,(anonymous_6)
FN:160,(anonymous_7)
FN:165,(anonymous_8)
FN:235,(anonymous_9)
FN:273,(anonymous_10)
FN:277,(anonymous_11)
FN:321,(anonymous_12)
FN:326,(anonymous_13)
FN:330,(anonymous_14)
FN:339,(anonymous_15)
FNF:16
FNH:0
FNDA:0,formatRelativeTime
FNDA:0,(anonymous_1)
FNDA:0,(anonymous_2)
FNDA:0,(anonymous_3)
FNDA:0,(anonymous_4)
FNDA:0,(anonymous_5)
FNDA:0,(anonymous_6)
FNDA:0,(anonymous_7)
FNDA:0,(anonymous_8)
FNDA:0,(anonymous_9)
FNDA:0,(anonymous_10)
FNDA:0,(anonymous_11)
FNDA:0,(anonymous_12)
FNDA:0,(anonymous_13)
FNDA:0,(anonymous_14)
FNDA:0,(anonymous_15)
DA:67,2
DA:75,2
DA:85,0
DA:86,0
DA:87,0
DA:88,0
DA:89,0
DA:90,0
DA:91,0
DA:93,0
DA:94,0
DA:95,0
DA:96,0
DA:97,0
DA:104,2
DA:121,0
DA:122,0
DA:123,0
DA:125,0
DA:126,0
DA:129,0
DA:130,0
DA:131,0
DA:133,0
DA:135,0
DA:136,0
DA:137,0
DA:147,0
DA:148,0
DA:151,0
DA:153,0
DA:154,0
DA:160,0
DA:161,0
DA:164,0
DA:166,0
DA:167,0
DA:173,0
DA:175,0
DA:236,0
DA:274,0
DA:277,0
DA:321,0
DA:326,0
DA:330,0
DA:339,0
LF:46
LH:3
BRDA:93,0,0,0
BRDA:93,0,1,0
BRDA:94,1,0,0
BRDA:94,1,1,0
BRDA:95,2,0,0
BRDA:95,2,1,0
BRDA:96,3,0,0
BRDA:96,3,1,0
BRDA:118,4,0,0
BRDA:119,5,0,0
BRDA:131,6,0,0
BRDA:131,6,1,0
BRDA:136,7,0,0
BRDA:136,7,1,0
BRDA:136,8,0,0
BRDA:136,8,1,0
BRDA:136,8,2,0
BRDA:153,9,0,0
BRDA:153,9,1,0
BRDA:161,10,0,0
BRDA:161,10,1,0
BRDA:166,11,0,0
BRDA:166,11,1,0
BRDA:173,12,0,0
BRDA:173,12,1,0
BRDA:173,12,2,0
BRDA:197,13,0,0
BRDA:197,13,1,0
BRDA:199,14,0,0
BRDA:199,14,1,0
BRDA:209,15,0,0
BRDA:209,15,1,0
BRDA:222,16,0,0
BRDA:222,16,1,0
BRDA:222,17,0,0
BRDA:222,17,1,0
BRDA:229,18,0,0
BRDA:229,18,1,0
BRDA:233,19,0,0
BRDA:233,19,1,0
BRDA:252,20,0,0
BRDA:252,20,1,0
BRDA:260,21,0,0
BRDA:260,21,1,0
BRDA:260,22,0,0
BRDA:260,22,1,0
BRDA:262,23,0,0
BRDA:262,23,1,0
BRDA:278,24,0,0
BRDA:278,24,1,0
BRDA:285,25,0,0
BRDA:285,25,1,0
BRDA:287,26,0,0
BRDA:287,26,1,0
BRDA:293,27,0,0
BRDA:293,27,1,0
BRDA:295,28,0,0
BRDA:295,28,1,0
BRDA:313,29,0,0
BRDA:313,29,1,0
BRDA:327,30,0,0
BRDA:327,30,1,0
BRDA:327,30,2,0
BRDA:335,31,0,0
BRDA:335,31,1,0
BRDA:359,32,0,0
BRDA:359,32,1,0
BRF:67
BRH:0
end_of_record
TN:
SF:src/components/common/TracesTable/index.ts
FNF:0
FNH:0
LF:0
LH:0
BRF:0
BRH:0
end_of_record
TN:
SF:src/components/conversation/index.ts
FNF:0
FNH:0
LF:0
LH:0
BRF:0
BRH:0
end_of_record
TN:
SF:src/components/conversation/ConversationSidebar/ConversationSidebar.tsx
FN:72,(anonymous_0)
FN:95,(anonymous_1)
FN:115,(anonymous_2)
FN:117,(anonymous_3)
FN:124,(anonymous_4)
FN:128,(anonymous_5)
FN:134,(anonymous_6)
FN:142,(anonymous_7)
FN:151,(anonymous_8)
FN:156,(anonymous_9)
FN:173,(anonymous_10)
FN:178,(anonymous_11)
FN:182,(anonymous_12)
FN:194,(anonymous_13)
FN:195,(anonymous_14)
FN:199,(anonymous_15)
FN:201,(anonymous_16)
FN:204,(anonymous_17)
FN:205,(anonymous_18)
FN:206,(anonymous_19)
FN:211,(anonymous_20)
FN:225,(anonymous_21)
FN:226,(anonymous_22)
FN:227,(anonymous_23)
FN:231,(anonymous_24)
FN:234,(anonymous_25)
FN:257,(anonymous_26)
FN:259,(anonymous_27)
FN:274,(anonymous_28)
FN:275,(anonymous_29)
FN:279,(anonymous_30)
FN:280,(anonymous_31)
FN:291,(anonymous_32)
FN:316,(anonymous_33)
FN:344,(anonymous_34)
FN:368,(anonymous_35)
FN:375,(anonymous_36)
FN:395,(anonymous_37)
FN:410,(anonymous_38)
FN:417,(anonymous_39)
FN:424,(anonymous_40)
FN:425,(anonymous_41)
FN:426,(anonymous_42)
FN:427,(anonymous_43)
FN:448,(anonymous_44)
FN:457,(anonymous_45)
FN:480,(anonymous_46)
FN:503,(anonymous_47)
FN:521,(anonymous_48)
FN:522,(anonymous_49)
FN:540,(anonymous_50)
FN:551,(anonymous_51)
FN:579,(anonymous_52)
FN:587,(anonymous_53)
FN:597,(anonymous_54)
FN:606,(anonymous_55)
FN:609,(anonymous_56)
FN:624,(anonymous_57)
FNF:58
FNH:0
FNDA:0,(anonymous_0)
FNDA:0,(anonymous_1)
FNDA:0,(anonymous_2)
FNDA:0,(anonymous_3)
FNDA:0,(anonymous_4)
FNDA:0,(anonymous_5)
FNDA:0,(anonymous_6)
FNDA:0,(anonymous_7)
FNDA:0,(anonymous_8)
FNDA:0,(anonymous_9)
FNDA:0,(anonymous_10)
FNDA:0,(anonymous_11)
FNDA:0,(anonymous_12)
FNDA:0,(anonymous_13)
FNDA:0,(anonymous_14)
FNDA:0,(anonymous_15)
FNDA:0,(anonymous_16)
FNDA:0,(anonymous_17)
FNDA:0,(anonymous_18)
FNDA:0,(anonymous_19)
FNDA:0,(anonymous_20)
FNDA:0,(anonymous_21)
FNDA:0,(anonymous_22)
FNDA:0,(anonymous_23)
FNDA:0,(anonymous_24)
FNDA:0,(anonymous_25)
FNDA:0,(anonymous_26)
FNDA:0,(anonymous_27)
FNDA:0,(anonymous_28)
FNDA:0,(anonymous_29)
FNDA:0,(anonymous_30)
FNDA:0,(anonymous_31)
FNDA:0,(anonymous_32)
FNDA:0,(anonymous_33)
FNDA:0,(anonymous_34)
FNDA:0,(anonymous_35)
FNDA:0,(anonymous_36)
FNDA:0,(anonymous_37)
FNDA:0,(anonymous_38)
FNDA:0,(anonymous_39)
FNDA:0,(anonymous_40)
FNDA:0,(anonymous_41)
FNDA:0,(anonymous_42)
FNDA:0,(anonymous_43)
FNDA:0,(anonymous_44)
FNDA:0,(anonymous_45)
FNDA:0,(anonymous_46)
FNDA:0,(anonymous_47)
FNDA:0,(anonymous_48)
FNDA:0,(anonymous_49)
FNDA:0,(anonymous_50)
FNDA:0,(anonymous_51)
FNDA:0,(anonymous_52)
FNDA:0,(anonymous_53)
FNDA:0,(anonymous_54)
FNDA:0,(anonymous_55)
FNDA:0,(anonymous_56)
FNDA:0,(anonymous_57)
DA:70,0
DA:72,0
DA:91,0
DA:92,0
DA:93,0
DA:95,0
DA:96,0
DA:97,0
DA:99,0
DA:101,0
DA:102,0
DA:104,0
DA:109,0
DA:111,0
DA:113,0
DA:115,0
DA:116,0
DA:117,0
DA:120,0
DA:122,0
DA:124,0
DA:125,0
DA:128,0
DA:129,0
DA:130,0
DA:131,0
DA:134,0
DA:135,0
DA:136,0
DA:137,0
DA:138,0
DA:139,0
DA:142,0
DA:143,0
DA:144,0
DA:145,0
DA:146,0
DA:147,0
DA:151,0
DA:152,0
DA:153,0
DA:156,0
DA:157,0
DA:159,0
DA:160,0
DA:164,0
DA:166,0
DA:167,0
DA:169,0
DA:173,0
DA:174,0
DA:175,0
DA:178,0
DA:179,0
DA:182,0
DA:183,0
DA:185,0
DA:186,0
DA:187,0
DA:188,0
DA:190,0
DA:194,0
DA:195,0
DA:196,0
DA:199,0
DA:200,0
DA:201,0
DA:204,0
DA:205,0
DA:206,0
DA:208,0
DA:209,0
DA:211,0
DA:212,0
DA:213,0
DA:214,0
DA:216,0
DA:219,0
DA:221,0
DA:222,0
DA:225,0
DA:226,0
DA:227,0
DA:228,0
DA:231,0
DA:232,0
DA:235,0
DA:240,0
DA:242,0
DA:243,0
DA:244,0
DA:245,0
DA:246,0
DA:248,0
DA:257,0
DA:259,0
DA:260,0
DA:261,0
DA:262,0
DA:263,0
DA:264,0
DA:265,0
DA:266,0
DA:267,0
DA:268,0
DA:270,0
DA:274,0
DA:275,0
DA:278,0
DA:279,0
DA:280,0
DA:284,0
DA:285,0
DA:291,0
DA:310,0
DA:316,0
DA:344,0
DA:368,0
DA:376,0
DA:377,0
DA:396,0
DA:411,0
DA:418,0
DA:424,0
DA:425,0
DA:426,0
DA:427,0
DA:448,0
DA:457,0
DA:480,0
DA:495,0
DA:497,0
DA:504,0
DA:505,0
DA:506,0
DA:521,0
DA:523,0
DA:524,0
DA:525,0
DA:526,0
DA:527,0
DA:528,0
DA:541,0
DA:542,0
DA:552,0
DA:553,0
DA:579,0
DA:588,0
DA:589,0
DA:598,0
DA:599,0
DA:607,0
DA:610,0
DA:611,0
DA:625,0
DA:626,0
LF:156
LH:0
BRDA:79,0,0,0
BRDA:80,1,0,0
BRDA:97,2,0,0
BRDA:97,2,1,0
BRDA:97,3,0,0
BRDA:97,3,1,0
BRDA:116,4,0,0
BRDA:116,4,1,0
BRDA:117,5,0,0
BRDA:117,5,1,0
BRDA:122,6,0,0
BRDA:122,6,1,0
BRDA:143,7,0,0
BRDA:143,7,1,0
BRDA:143,8,0,0
BRDA:143,8,1,0
BRDA:143,8,2,0
BRDA:146,9,0,0
BRDA:146,9,1,0
BRDA:157,10,0,0
BRDA:157,10,1,0
BRDA:157,11,0,0
BRDA:157,11,1,0
BRDA:157,11,2,0
BRDA:183,12,0,0
BRDA:183,12,1,0
BRDA:196,13,0,0
BRDA:196,13,1,0
BRDA:200,14,0,0
BRDA:200,14,1,0
BRDA:208,15,0,0
BRDA:208,15,1,0
BRDA:213,16,0,0
BRDA:213,16,1,0
BRDA:221,17,0,0
BRDA:221,17,1,0
BRDA:261,18,0,0
BRDA:261,18,1,0
BRDA:263,19,0,0
BRDA:263,19,1,0
BRDA:265,20,0,0
BRDA:265,20,1,0
BRDA:267,21,0,0
BRDA:267,21,1,0
BRDA:284,22,0,0
BRDA:284,22,1,0
BRDA:343,23,0,0
BRDA:343,23,1,0
BRDA:344,24,0,0
BRDA:344,24,1,0
BRDA:350,25,0,0
BRDA:350,25,1,0
BRDA:354,26,0,0
BRDA:354,26,1,0
BRDA:367,27,0,0
BRDA:367,27,1,0
BRDA:393,28,0,0
BRDA:393,28,1,0
BRDA:399,29,0,0
BRDA:399,29,1,0
BRDA:402,30,0,0
BRDA:402,30,1,0
BRDA:437,31,0,0
BRDA:437,31,1,0
BRDA:437,31,2,0
BRDA:489,32,0,0
BRDA:490,33,0,0
BRDA:499,34,0,0
BRDA:499,34,1,0
BRDA:500,35,0,0
BRDA:500,35,1,0
BRDA:504,36,0,0
BRDA:504,36,1,0
BRDA:504,37,0,0
BRDA:504,37,1,0
BRDA:504,37,2,0
BRDA:511,38,0,0
BRDA:511,38,1,0
BRDA:517,39,0,0
BRDA:517,39,1,0
BRDA:523,40,0,0
BRDA:523,40,1,0
BRDA:526,41,0,0
BRDA:526,41,1,0
BRDA:572,42,0,0
BRDA:572,42,1,0
BRDA:592,43,0,0
BRDA:592,43,1,0
BRDA:593,44,0,0
BRDA:593,44,1,0
BRDA:593,44,2,0
BRDA:593,44,3,0
BRDA:617,45,0,0
BRDA:617,45,1,0
BRDA:617,45,2,0
BRF:95
BRH:0
end_of_record
TN:
SF:src/components/conversation/ConversationSidebar/index.ts
FNF:0
FNH:0
LF:0
LH:0
BRF:0
BRH:0
end_of_record
TN:
SF:src/components/dialogs/CreateAutonomousAgentDialog.tsx
FN:59,(anonymous_0)
FN:85,(anonymous_1)
FN:94,(anonymous_2)
FN:100,(anonymous_3)
FN:106,(anonymous_4)
FN:122,(anonymous_5)
FN:134,(anonymous_6)
FN:154,(anonymous_7)
FN:164,(anonymous_8)
FN:171,(anonymous_9)
FN:173,(anonymous_10)
FN:174,(anonymous_11)
FN:177,(anonymous_12)
FN:225,(anonymous_13)
FN:230,(anonymous_14)
FN:234,(anonymous_15)
FN:344,(anonymous_16)
FN:351,(anonymous_17)
FN:369,(anonymous_18)
FN:389,(anonymous_19)
FNF:20
FNH:4
FNDA:17,(anonymous_0)
FNDA:0,(anonymous_1)
FNDA:0,(anonymous_2)
FNDA:0,(anonymous_3)
FNDA:0,(anonymous_4)
FNDA:0,(anonymous_5)
FNDA:0,(anonymous_6)
FNDA:8,(anonymous_7)
FNDA:8,(anonymous_8)
FNDA:8,(anonymous_9)
FNDA:0,(anonymous_10)
FNDA:0,(anonymous_11)
FNDA:0,(anonymous_12)
FNDA:0,(anonymous_13)
FNDA:0,(anonymous_14)
FNDA:0,(anonymous_15)
FNDA:0,(anonymous_16)
FNDA:0,(anonymous_17)
FNDA:0,(anonymous_18)
FNDA:0,(anonymous_19)
DA:33,2
DA:37,2
DA:59,2
DA:64,17
DA:65,17
DA:66,17
DA:67,17
DA:68,17
DA:69,17
DA:70,17
DA:72,17
DA:86,0
DA:87,0
DA:89,0
DA:90,0
DA:92,0
DA:95,0
DA:96,0
DA:98,0
DA:101,0
DA:102,0
DA:104,0
DA:107,0
DA:108,0
DA:109,0
DA:111,0
DA:112,0
DA:113,0
DA:114,0
DA:117,0
DA:120,0
DA:123,0
DA:124,0
DA:125,0
DA:128,0
DA:134,17
DA:135,0
DA:137,0
DA:138,0
DA:139,0
DA:145,0
DA:147,0
DA:149,0
DA:154,17
DA:155,8
DA:156,0
DA:159,8
DA:164,17
DA:165,8
DA:166,0
DA:171,17
DA:172,8
DA:173,0
DA:174,0
DA:177,17
DA:178,0
DA:180,0
DA:181,0
DA:185,0
DA:186,0
DA:194,0
DA:203,0
DA:204,0
DA:205,0
DA:211,0
DA:215,0
DA:216,0
DA:217,0
DA:221,0
DA:225,17
DA:226,0
DA:227,0
DA:230,17
DA:231,0
DA:234,17
DA:236,0
DA:239,0
DA:240,0
DA:244,17
DA:246,17
DA:344,0
DA:351,0
DA:369,0
DA:389,0
LF:84
LH:25
BRDA:86,0,0,0
BRDA:86,0,1,0
BRDA:86,1,0,0
BRDA:86,1,1,0
BRDA:89,2,0,0
BRDA:89,2,1,0
BRDA:95,3,0,0
BRDA:95,3,1,0
BRDA:101,4,0,0
BRDA:101,4,1,0
BRDA:101,5,0,0
BRDA:101,5,1,0
BRDA:107,6,0,0
BRDA:107,6,1,0
BRDA:108,7,0,0
BRDA:108,7,1,0
BRDA:108,8,0,0
BRDA:108,8,1,0
BRDA:113,9,0,0
BRDA:113,9,1,0
BRDA:123,10,0,0
BRDA:123,10,1,0
BRDA:124,11,0,0
BRDA:124,11,1,0
BRDA:124,12,0,0
BRDA:124,12,1,0
BRDA:135,13,0,0
BRDA:135,13,1,0
BRDA:135,14,0,0
BRDA:135,14,1,0
BRDA:143,15,0,0
BRDA:143,15,1,0
BRDA:145,16,0,0
BRDA:145,16,1,0
BRDA:155,17,0,0
BRDA:155,17,1,8
BRDA:165,18,0,0
BRDA:165,18,1,8
BRDA:165,19,0,8
BRDA:165,19,1,0
BRDA:166,20,0,0
BRDA:166,20,1,0
BRDA:178,21,0,0
BRDA:178,21,1,0
BRDA:178,22,0,0
BRDA:178,22,1,0
BRDA:185,23,0,0
BRDA:185,23,1,0
BRDA:197,24,0,0
BRDA:197,24,1,0
BRDA:198,25,0,0
BRDA:198,25,1,0
BRDA:203,26,0,0
BRDA:203,26,1,0
BRDA:239,27,0,0
BRDA:239,27,1,0
BRDA:282,28,0,17
BRDA:282,28,1,0
BRDA:308,29,0,0
BRDA:308,29,1,0
BRDA:312,30,0,0
BRDA:312,30,1,0
BRDA:332,31,0,0
BRDA:332,31,1,0
BRDA:332,31,2,0
BRDA:368,32,0,17
BRDA:368,32,1,17
BRF:67
BRH:6
end_of_record
TN:
SF:src/components/dialogs/CreateChatAgentDialog.tsx
FN:92,(anonymous_0)
FN:132,(anonymous_1)
FN:141,(anonymous_2)
FN:147,(anonymous_3)
FN:153,(anonymous_4)
FN:166,(anonymous_5)
FN:182,(anonymous_6)
FN:190,(anonymous_7)
FN:198,(anonymous_8)
FN:211,(anonymous_9)
FN:223,(anonymous_10)
FN:244,(anonymous_11)
FN:251,(anonymous_12)
FN:258,(anonymous_13)
FN:260,(anonymous_14)
FN:261,(anonymous_15)
FN:265,(anonymous_16)
FN:267,(anonymous_17)
FN:268,(anonymous_18)
FN:271,(anonymous_19)
FN:334,(anonymous_20)
FN:339,(anonymous_21)
FN:344,(anonymous_22)
FN:462,(anonymous_23)
FN:495,(anonymous_24)
FN:566,(anonymous_25)
FN:575,(anonymous_26)
FN:593,(anonymous_27)
FN:613,(anonymous_28)
FNF:29
FNH:5
FNDA:17,(anonymous_0)
FNDA:0,(anonymous_1)
FNDA:0,(anonymous_2)
FNDA:0,(anonymous_3)
FNDA:0,(anonymous_4)
FNDA:0,(anonymous_5)
FNDA:0,(anonymous_6)
FNDA:0,(anonymous_7)
FNDA:0,(anonymous_8)
FNDA:0,(anonymous_9)
FNDA:0,(anonymous_10)
FNDA:8,(anonymous_11)
FNDA:8,(anonymous_12)
FNDA:8,(anonymous_13)
FNDA:0,(anonymous_14)
FNDA:0,(anonymous_15)
FNDA:8,(anonymous_16)
FNDA:0,(anonymous_17)
FNDA:0,(anonymous_18)
FNDA:0,(anonymous_19)
FNDA:0,(anonymous_20)
FNDA:0,(anonymous_21)
FNDA:0,(anonymous_22)
FNDA:0,(anonymous_23)
FNDA:0,(anonymous_24)
FNDA:0,(anonymous_25)
FNDA:0,(anonymous_26)
FNDA:0,(anonymous_27)
FNDA:0,(anonymous_28)
DA:41,2
DA:47,2
DA:51,2
DA:55,2
DA:60,2
DA:92,2
DA:97,17
DA:98,17
DA:99,17
DA:100,17
DA:101,17
DA:102,17
DA:103,17
DA:106,17
DA:107,17
DA:109,17
DA:133,0
DA:134,0
DA:136,0
DA:137,0
DA:139,0
DA:142,0
DA:143,0
DA:145,0
DA:148,0
DA:149,0
DA:151,0
DA:154,0
DA:155,0
DA:156,0
DA:158,0
DA:159,0
DA:161,0
DA:164,0
DA:167,0
DA:168,0
DA:169,0
DA:171,0
DA:172,0
DA:173,0
DA:174,0
DA:177,0
DA:180,0
DA:183,0
DA:184,0
DA:185,0
DA:188,0
DA:191,0
DA:192,0
DA:193,0
DA:196,0
DA:199,0
DA:200,0
DA:201,0
DA:203,0
DA:204,0
DA:206,0
DA:209,0
DA:212,0
DA:213,0
DA:214,0
DA:217,0
DA:223,17
DA:224,0
DA:226,0
DA:227,0
DA:228,0
DA:235,0
DA:237,0
DA:239,0
DA:244,17
DA:245,8
DA:246,0
DA:251,17
DA:252,8
DA:253,0
DA:258,17
DA:259,8
DA:260,0
DA:261,0
DA:265,17
DA:266,8
DA:267,0
DA:268,0
DA:271,17
DA:272,0
DA:274,0
DA:275,0
DA:279,0
DA:280,0
DA:290,0
DA:291,0
DA:300,0
DA:311,0
DA:312,0
DA:313,0
DA:319,0
DA:324,0
DA:325,0
DA:326,0
DA:330,0
DA:334,17
DA:335,0
DA:336,0
DA:339,17
DA:340,0
DA:341,0
DA:344,17
DA:346,0
DA:347,0
DA:348,0
DA:351,0
DA:352,0
DA:353,0
DA:354,0
DA:355,0
DA:359,0
DA:362,0
DA:365,17
DA:367,17
DA:462,0
DA:495,0
DA:566,0
DA:575,0
DA:593,0
DA:613,0
LF:126
LH:31
BRDA:133,0,0,0
BRDA:133,0,1,0
BRDA:133,1,0,0
BRDA:133,1,1,0
BRDA:136,2,0,0
BRDA:136,2,1,0
BRDA:142,3,0,0
BRDA:142,3,1,0
BRDA:148,4,0,0
BRDA:148,4,1,0
BRDA:148,5,0,0
BRDA:148,5,1,0
BRDA:154,6,0,0
BRDA:154,6,1,0
BRDA:155,7,0,0
BRDA:155,7,1,0
BRDA:155,8,0,0
BRDA:155,8,1,0
BRDA:167,9,0,0
BRDA:167,9,1,0
BRDA:168,10,0,0
BRDA:168,10,1,0
BRDA:168,11,0,0
BRDA:168,11,1,0
BRDA:173,12,0,0
BRDA:173,12,1,0
BRDA:183,13,0,0
BRDA:183,13,1,0
BRDA:184,14,0,0
BRDA:184,14,1,0
BRDA:184,15,0,0
BRDA:184,15,1,0
BRDA:191,16,0,0
BRDA:191,16,1,0
[...]
DA:187,0
DA:188,0
DA:189,0
DA:194,0
DA:196,0
DA:197,0
DA:200,0
DA:201,0
DA:202,0
DA:203,0
DA:204,0
DA:205,0
DA:206,0
DA:207,0
DA:208,0
DA:209,0
DA:210,0
DA:211,0
DA:212,0
DA:213,0
DA:218,0
DA:220,0
DA:221,0
DA:224,0
DA:229,0
DA:230,0
DA:232,0
DA:234,0
DA:236,0
DA:241,0
DA:242,0
DA:243,0
DA:244,0
DA:245,0
DA:246,0
DA:247,0
DA:248,0
DA:249,0
DA:250,0
DA:251,0
DA:252,0
DA:253,0
DA:254,0
DA:259,0
DA:261,0
DA:262,0
DA:264,0
DA:265,0
DA:266,0
DA:267,0
DA:269,0
DA:274,0
DA:284,0
DA:285,0
DA:287,0
DA:289,0
DA:291,0
DA:293,0
DA:295,0
DA:297,0
DA:299,0
DA:301,0
DA:306,0
DA:307,0
DA:308,0
DA:312,0
DA:317,0
DA:318,0
DA:320,0
DA:321,0
DA:322,0
DA:324,0
DA:326,0
DA:328,0
DA:330,0
DA:331,0
DA:341,0
DA:350,0
DA:353,0
DA:354,0
DA:355,0
DA:358,0
DA:359,0
DA:360,0
DA:361,0
DA:363,0
DA:367,0
DA:368,0
DA:370,0
DA:372,0
DA:373,0
DA:378,0
DA:379,0
DA:380,0
DA:381,0
DA:385,0
DA:386,0
DA:387,0
DA:388,0
DA:392,0
DA:393,0
DA:394,0
DA:399,0
DA:400,0
DA:402,0
DA:403,0
DA:404,0
DA:406,0
DA:408,0
DA:410,0
DA:412,0
DA:413,0
DA:419,0
DA:420,0
DA:421,0
DA:424,0
DA:425,0
DA:426,0
DA:427,0
DA:429,0
DA:432,0
DA:433,0
DA:435,0
DA:437,0
DA:438,0
DA:443,0
DA:444,0
DA:445,0
DA:450,0
DA:451,0
DA:453,0
DA:455,0
DA:456,0
DA:462,0
DA:464,0
DA:468,0
DA:469,0
DA:471,0
DA:472,0
DA:473,0
DA:475,0
DA:477,0
DA:479,0
DA:481,0
DA:482,0
DA:490,0
DA:491,0
DA:492,0
DA:495,0
DA:496,0
DA:497,0
DA:498,0
DA:500,0
DA:503,0
DA:504,0
DA:506,0
DA:508,0
DA:509,0
DA:514,0
DA:515,0
DA:516,0
DA:521,0
DA:522,0
DA:524,0
DA:526,0
DA:527,0
DA:533,0
DA:535,0
DA:539,0
DA:540,0
DA:542,0
DA:543,0
DA:544,0
DA:546,0
DA:548,0
DA:550,0
DA:552,0
DA:553,0
DA:562,0
DA:563,0
DA:564,0
DA:567,0
DA:568,0
DA:569,0
DA:570,0
DA:572,0
DA:575,0
DA:576,0
DA:578,0
DA:580,0
DA:581,0
DA:586,0
DA:587,0
DA:588,0
DA:593,0
DA:594,0
DA:596,0
DA:598,0
DA:599,0
DA:605,0
DA:607,0
DA:611,0
DA:612,0
DA:614,0
DA:615,0
DA:616,0
DA:618,0
DA:620,0
DA:622,0
DA:624,0
DA:625,0
DA:635,0
DA:636,0
DA:637,0
DA:639,0
DA:640,0
DA:641,0
DA:642,0
DA:644,0
DA:647,0
DA:648,0
DA:650,0
DA:652,0
DA:653,0
DA:657,0
DA:658,0
DA:659,0
DA:663,0
DA:664,0
DA:666,0
DA:668,0
DA:669,0
DA:675,0
DA:677,0
DA:681,0
DA:682,0
DA:683,0
DA:685,0
DA:686,0
DA:688,0
DA:689,0
DA:691,0
DA:692,0
DA:694,0
DA:695,0
DA:700,0
DA:701,0
DA:702,0
DA:707,0
DA:708,0
DA:709,0
DA:714,0
DA:715,0
DA:716,0
DA:721,0
DA:722,0
DA:723,0
DA:728,0
DA:729,0
DA:730,0
DA:735,0
DA:736,0
DA:738,0
DA:739,0
DA:740,0
DA:744,0
DA:745,0
DA:749,0
DA:753,0
DA:754,0
DA:756,0
DA:757,0
DA:758,0
DA:759,0
DA:760,0
DA:765,0
DA:769,0
DA:770,0
DA:774,0
DA:775,0
DA:778,0
DA:780,0
DA:782,0
DA:784,0
DA:785,0
DA:788,0
DA:789,0
DA:790,0
DA:799,0
DA:800,0
DA:801,0
DA:809,0
DA:811,0
DA:819,0
DA:821,0
DA:824,0
DA:825,0
DA:827,0
DA:828,0
DA:829,0
DA:836,0
DA:844,0
DA:846,0
DA:848,0
DA:849,0
DA:851,0
DA:852,0
DA:859,0
DA:861,0
DA:869,0
DA:871,0
DA:873,0
DA:874,0
DA:876,0
DA:877,0
DA:878,0
DA:885,0
DA:892,0
DA:893,0
DA:895,0
DA:896,0
DA:897,0
DA:898,0
DA:899,0
DA:903,0
DA:907,0
DA:908,0
DA:909,0
DA:912,0
DA:913,0
DA:914,0
DA:918,0
DA:919,0
DA:921,0
DA:922,0
DA:923,0
DA:924,0
DA:925,0
DA:929,0
DA:933,0
DA:934,0
DA:935,0
DA:938,0
DA:939,0
DA:940,0
DA:943,0
DA:944,0
DA:948,0
DA:949,0
DA:951,0
DA:952,0
DA:953,0
DA:954,0
DA:955,0
DA:959,0
DA:963,0
DA:964,0
DA:965,0
DA:968,0
DA:969,0
DA:970,0
DA:973,0
DA:974,0
DA:978,0
DA:979,0
DA:981,0
DA:982,0
DA:983,0
DA:984,0
DA:985,0
DA:989,0
DA:994,0
DA:995,0
DA:1000,0
DA:1001,0
DA:1009,0
DA:1010,0
DA:1019,0
DA:1107,0
DA:1136,0
DA:1163,0
DA:1169,0
DA:1193,0
DA:1221,0
DA:1224,0
DA:1246,0
DA:1255,0
DA:1256,0
DA:1264,0
DA:1265,0
DA:1275,0
DA:1276,0
DA:1328,0
DA:1343,0
DA:1368,0
DA:1397,0
DA:1400,0
DA:1427,0
DA:1437,0
DA:1438,0
DA:1447,0
DA:1448,0
DA:1460,0
DA:1461,0
DA:1514,0
DA:1520,0
DA:1545,0
DA:1574,0
DA:1577,0
DA:1604,0
DA:1614,0
DA:1615,0
DA:1624,0
DA:1625,0
DA:1637,0
DA:1638,0
DA:1690,0
DA:1713,0
DA:1740,0
DA:1772,0
DA:1775,0
DA:1803,0
DA:1823,0
DA:1832,0
DA:1833,0
DA:1843,0
DA:1844,0
DA:1913,0
DA:1924,0
DA:1938,0
DA:1950,0
DA:1962,0
DA:1963,0
DA:1973,0
DA:1979,0
DA:1989,0
DA:1990,0
DA:2006,0
DA:2016,0
DA:2017,0
DA:2033,0
DA:2043,0
DA:2044,0
DA:2050,0
DA:2051,0
DA:2058,0
LF:511
LH:0
BRDA:86,0,0,0
BRDA:86,0,1,0
BRDA:89,1,0,0
BRDA:89,1,1,0
BRDA:104,2,0,0
BRDA:104,2,1,0
BRDA:109,3,0,0
BRDA:109,3,1,0
BRDA:109,4,0,0
BRDA:109,4,1,0
BRDA:127,5,0,0
BRDA:127,5,1,0
BRDA:128,6,0,0
BRDA:128,6,1,0
BRDA:132,7,0,0
BRDA:132,7,1,0
BRDA:132,8,0,0
BRDA:132,8,1,0
BRDA:230,9,0,0
BRDA:230,9,1,0
BRDA:230,9,2,0
BRDA:264,10,0,0
BRDA:264,10,1,0
BRDA:265,11,0,0
BRDA:265,11,1,0
BRDA:266,12,0,0
BRDA:266,12,1,0
BRDA:267,13,0,0
BRDA:267,13,1,0
BRDA:285,14,0,0
BRDA:285,14,1,0
BRDA:285,14,2,0
BRDA:285,14,3,0
BRDA:285,14,4,0
BRDA:285,14,5,0
BRDA:285,14,6,0
BRDA:285,14,7,0
BRDA:307,15,0,0
BRDA:307,15,1,0
BRDA:310,16,0,0
BRDA:310,16,1,0
BRDA:317,17,0,0
BRDA:318,18,0,0
BRDA:318,18,1,0
BRDA:318,19,0,0
BRDA:318,19,1,0
BRDA:320,20,0,0
BRDA:320,20,1,0
BRDA:321,21,0,0
BRDA:321,21,1,0
BRDA:328,22,0,0
BRDA:328,22,1,0
BRDA:334,23,0,0
BRDA:334,23,1,0
BRDA:335,24,0,0
BRDA:335,24,1,0
BRDA:345,25,0,0
BRDA:345,25,1,0
BRDA:346,26,0,0
BRDA:346,26,1,0
BRDA:347,27,0,0
BRDA:347,27,1,0
BRDA:348,28,0,0
BRDA:348,28,1,0
BRDA:353,29,0,0
BRDA:353,29,1,0
BRDA:393,30,0,0
BRDA:393,30,1,0
BRDA:393,31,0,0
BRDA:393,31,1,0
BRDA:399,32,0,0
BRDA:400,33,0,0
BRDA:400,33,1,0
BRDA:400,34,0,0
BRDA:400,34,1,0
BRDA:402,35,0,0
BRDA:402,35,1,0
BRDA:403,36,0,0
BRDA:403,36,1,0
BRDA:410,37,0,0
BRDA:410,37,1,0
BRDA:416,38,0,0
BRDA:416,38,1,0
BRDA:419,39,0,0
BRDA:419,39,1,0
BRDA:444,40,0,0
BRDA:444,40,1,0
BRDA:444,41,0,0
BRDA:444,41,1,0
BRDA:451,42,0,0
BRDA:451,42,1,0
BRDA:451,43,0,0
BRDA:451,43,1,0
BRDA:451,43,2,0
BRDA:451,43,3,0
BRDA:455,44,0,0
BRDA:455,44,1,0
BRDA:455,45,0,0
BRDA:455,45,1,0
BRDA:455,45,2,0
BRDA:468,46,0,0
BRDA:469,47,0,0
BRDA:469,47,1,0
BRDA:469,48,0,0
BRDA:469,48,1,0
BRDA:471,49,0,0
BRDA:471,49,1,0
BRDA:472,50,0,0
BRDA:472,50,1,0
BRDA:479,51,0,0
BRDA:479,51,1,0
BRDA:485,52,0,0
BRDA:485,52,1,0
BRDA:490,53,0,0
BRDA:490,53,1,0
BRDA:515,54,0,0
BRDA:515,54,1,0
BRDA:515,55,0,0
BRDA:515,55,1,0
BRDA:522,56,0,0
BRDA:522,56,1,0
BRDA:522,57,0,0
BRDA:522,57,1,0
BRDA:522,57,2,0
BRDA:522,57,3,0
BRDA:526,58,0,0
BRDA:526,58,1,0
BRDA:526,59,0,0
BRDA:526,59,1,0
BRDA:526,59,2,0
BRDA:539,60,0,0
BRDA:540,61,0,0
BRDA:540,61,1,0
BRDA:540,62,0,0
BRDA:540,62,1,0
BRDA:542,63,0,0
BRDA:542,63,1,0
BRDA:543,64,0,0
BRDA:543,64,1,0
BRDA:550,65,0,0
BRDA:550,65,1,0
BRDA:556,66,0,0
BRDA:556,66,1,0
BRDA:557,67,0,0
BRDA:557,67,1,0
BRDA:562,68,0,0
BRDA:562,68,1,0
BRDA:587,69,0,0
BRDA:587,69,1,0
BRDA:587,70,0,0
BRDA:587,70,1,0
BRDA:594,71,0,0
BRDA:594,71,1,0
BRDA:594,72,0,0
BRDA:594,72,1,0
BRDA:594,72,2,0
BRDA:594,72,3,0
BRDA:598,73,0,0
BRDA:598,73,1,0
BRDA:598,74,0,0
BRDA:598,74,1,0
BRDA:598,74,2,0
BRDA:611,75,0,0
BRDA:612,76,0,0
BRDA:612,76,1,0
BRDA:612,77,0,0
BRDA:612,77,1,0
BRDA:614,78,0,0
BRDA:614,78,1,0
BRDA:615,79,0,0
BRDA:615,79,1,0
BRDA:622,80,0,0
BRDA:622,80,1,0
BRDA:628,81,0,0
BRDA:628,81,1,0
BRDA:629,82,0,0
BRDA:629,82,1,0
BRDA:630,83,0,0
BRDA:630,83,1,0
BRDA:635,84,0,0
BRDA:635,84,1,0
BRDA:658,85,0,0
BRDA:658,85,1,0
BRDA:658,86,0,0
BRDA:658,86,1,0
BRDA:664,87,0,0
BRDA:664,87,1,0
BRDA:664,88,0,0
BRDA:664,88,1,0
BRDA:664,88,2,0
BRDA:664,88,3,0
BRDA:668,89,0,0
BRDA:668,89,1,0
BRDA:668,90,0,0
BRDA:668,90,1,0
BRDA:668,90,2,0
BRDA:682,91,0,0
BRDA:682,91,1,0
BRDA:682,92,0,0
BRDA:682,92,1,0
BRDA:685,93,0,0
BRDA:685,93,1,0
BRDA:685,94,0,0
BRDA:685,94,1,0
BRDA:688,95,0,0
BRDA:688,95,1,0
BRDA:688,96,0,0
BRDA:688,96,1,0
BRDA:691,97,0,0
BRDA:691,97,1,0
BRDA:691,98,0,0
BRDA:691,98,1,0
BRDA:694,99,0,0
BRDA:694,99,1,0
BRDA:694,100,0,0
BRDA:694,100,1,0
BRDA:701,101,0,0
BRDA:701,101,1,0
BRDA:701,102,0,0
BRDA:701,102,1,0
BRDA:708,103,0,0
BRDA:708,103,1,0
BRDA:708,104,0,0
BRDA:708,104,1,0
BRDA:715,105,0,0
BRDA:715,105,1,0
BRDA:715,106,0,0
BRDA:715,106,1,0
BRDA:722,107,0,0
BRDA:722,107,1,0
BRDA:722,108,0,0
BRDA:722,108,1,0
BRDA:729,109,0,0
BRDA:729,109,1,0
BRDA:729,110,0,0
BRDA:729,110,1,0
BRDA:736,111,0,0
BRDA:736,111,1,0
BRDA:736,112,0,0
BRDA:736,112,1,0
BRDA:742,113,0,0
BRDA:742,113,1,0
BRDA:754,114,0,0
BRDA:754,114,1,0
BRDA:754,115,0,0
BRDA:754,115,1,0
BRDA:780,116,0,0
BRDA:780,116,1,0
BRDA:780,117,0,0
BRDA:780,117,1,0
BRDA:780,117,2,0
BRDA:789,118,0,0
BRDA:789,118,1,0
BRDA:800,119,0,0
BRDA:800,119,1,0
BRDA:821,120,0,0
BRDA:821,120,1,0
BRDA:821,121,0,0
BRDA:821,121,1,0
BRDA:825,122,0,0
BRDA:825,122,1,0
BRDA:846,123,0,0
BRDA:846,123,1,0
BRDA:846,124,0,0
BRDA:846,124,1,0
BRDA:871,125,0,0
BRDA:871,125,1,0
BRDA:871,126,0,0
BRDA:871,126,1,0
BRDA:878,127,0,0
BRDA:878,127,1,0
BRDA:878,128,0,0
BRDA:878,128,1,0
BRDA:893,129,0,0
BRDA:893,129,1,0
BRDA:893,130,0,0
BRDA:893,130,1,0
BRDA:893,130,2,0
BRDA:907,131,0,0
BRDA:919,132,0,0
BRDA:919,132,1,0
BRDA:919,133,0,0
BRDA:919,133,1,0
BRDA:919,133,2,0
BRDA:933,134,0,0
BRDA:949,135,0,0
BRDA:949,135,1,0
BRDA:949,136,0,0
BRDA:949,136,1,0
BRDA:949,136,2,0
BRDA:963,137,0,0
BRDA:979,138,0,0
BRDA:979,138,1,0
BRDA:979,139,0,0
BRDA:979,139,1,0
BRDA:979,139,2,0
BRDA:1009,140,0,0
BRDA:1009,140,1,0
BRDA:1035,141,0,0
BRDA:1035,141,1,0
BRDA:1078,142,0,0
BRDA:1078,142,1,0
BRDA:1093,143,0,0
BRDA:1093,143,1,0
BRDA:1166,144,0,0
BRDA:1166,144,1,0
BRDA:1189,145,0,0
BRDA:1189,145,1,0
BRDA:1189,146,0,0
BRDA:1189,146,1,0
BRDA:1190,147,0,0
BRDA:1190,147,1,0
BRDA:1201,148,0,0
BRDA:1201,148,1,0
BRDA:1207,149,0,0
BRDA:1207,149,1,0
BRDA:1212,150,0,0
BRDA:1212,150,1,0
BRDA:1236,151,0,0
BRDA:1236,151,1,0
BRDA:1297,152,0,0
BRDA:1297,152,1,0
BRDA:1299,153,0,0
BRDA:1299,153,1,0
BRDA:1340,154,0,0
BRDA:1340,154,1,0
BRDA:1364,155,0,0
BRDA:1364,155,1,0
BRDA:1364,156,0,0
BRDA:1364,156,1,0
BRDA:1365,157,0,0
BRDA:1365,157,1,0
BRDA:1377,158,0,0
BRDA:1377,158,1,0
BRDA:1383,159,0,0
BRDA:1383,159,1,0
BRDA:1388,160,0,0
BRDA:1388,160,1,0
BRDA:1412,161,0,0
BRDA:1412,161,1,0
BRDA:1417,162,0,0
BRDA:1417,162,1,0
BRDA:1433,163,0,0
BRDA:1433,163,1,0
BRDA:1433,163,2,0
BRDA:1452,164,0,0
BRDA:1452,164,1,0
BRDA:1452,164,2,0
BRDA:1484,165,0,0
BRDA:1484,165,1,0
BRDA:1486,166,0,0
BRDA:1486,166,1,0
BRDA:1517,167,0,0
BRDA:1517,167,1,0
BRDA:1541,168,0,0
BRDA:1541,168,1,0
BRDA:1541,169,0,0
BRDA:1541,169,1,0
BRDA:1542,170,0,0
BRDA:1542,170,1,0
BRDA:1554,171,0,0
BRDA:1554,171,1,0
BRDA:1560,172,0,0
BRDA:1560,172,1,0
BRDA:1565,173,0,0
BRDA:1565,173,1,0
BRDA:1594,174,0,0
BRDA:1594,174,1,0
BRDA:1610,175,0,0
BRDA:1610,175,1,0
BRDA:1610,175,2,0
BRDA:1629,176,0,0
BRDA:1629,176,1,0
BRDA:1629,176,2,0
BRDA:1661,177,0,0
BRDA:1661,177,1,0
BRDA:1663,178,0,0
BRDA:1663,178,1,0
BRDA:1709,179,0,0
BRDA:1709,179,1,0
BRDA:1709,179,2,0
BRDA:1736,180,0,0
BRDA:1736,180,1,0
BRDA:1736,181,0,0
BRDA:1736,181,1,0
BRDA:1737,182,0,0
BRDA:1737,182,1,0
BRDA:1752,183,0,0
BRDA:1752,183,1,0
BRDA:1758,184,0,0
BRDA:1758,184,1,0
BRDA:1763,185,0,0
BRDA:1763,185,1,0
BRDA:1763,186,0,0
BRDA:1763,186,1,0
BRDA:1763,186,2,0
BRDA:1787,187,0,0
BRDA:1787,187,1,0
BRDA:1796,188,0,0
BRDA:1796,188,1,0
BRDA:1797,189,0,0
BRDA:1797,189,1,0
BRDA:1802,190,0,0
BRDA:1802,190,1,0
BRDA:1813,191,0,0
BRDA:1813,191,1,0
BRDA:1864,192,0,0
BRDA:1864,192,1,0
BRDA:1866,193,0,0
BRDA:1866,193,1,0
BRDA:1952,194,0,0
BRDA:1952,194,1,0
BRDA:1952,194,2,0
BRDA:1953,195,0,0
BRDA:1953,195,1,0
BRDA:1954,196,0,0
BRDA:1954,196,1,0
BRDA:1956,197,0,0
BRDA:1956,197,1,0
BRF:419
BRH:0
end_of_record
TN:
SF:src/pages/TenantSettingsPage/index.ts
FNF:0
FNH:0
LF:0
LH:0
BRF:0
BRH:0
end_of_record
TN:
SF:src/pages/TracingDialogDevelopmentPage/TracingDialogDevelopmentPage.tsx
FN:39,(anonymous_0)
FN:66,(anonymous_1)
FN:108,(anonymous_2)
FN:121,(anonymous_3)
FN:129,(anonymous_4)
FN:135,(anonymous_5)
FN:169,(anonymous_6)
FN:171,(anonymous_7)
FN:187,(anonymous_8)
FN:189,(anonymous_9)
FNF:10
FNH:0
FNDA:0,(anonymous_0)
FNDA:0,(anonymous_1)
FNDA:0,(anonymous_2)
FNDA:0,(anonymous_3)
FNDA:0,(anonymous_4)
FNDA:0,(anonymous_5)
FNDA:0,(anonymous_6)
FNDA:0,(anonymous_7)
FNDA:0,(anonymous_8)
FNDA:0,(anonymous_9)
DA:39,0
DA:40,0
DA:41,0
DA:42,0
DA:45,0
DA:46,0
DA:47,0
DA:48,0
DA:51,0
DA:54,0
DA:59,0
DA:60,0
DA:61,0
DA:66,0
DA:67,0
DA:68,0
DA:69,0
DA:72,0
DA:73,0
DA:76,0
DA:77,0
DA:79,0
DA:82,0
DA:83,0
DA:87,0
DA:88,0
DA:93,0
DA:96,0
DA:98,0
DA:99,0
DA:101,0
DA:108,0
DA:109,0
DA:110,0
DA:111,0
DA:113,0
DA:114,0
DA:121,0
DA:122,0
DA:123,0
DA:129,0
DA:130,0
DA:131,0
DA:135,0
DA:136,0
DA:137,0
DA:141,0
DA:169,0
DA:171,0
DA:187,0
DA:189,0
LF:51
LH:0
BRDA:52,0,0,0
BRDA:52,0,1,0
BRDA:55,1,0,0
BRDA:55,1,1,0
BRDA:61,2,0,0
BRDA:61,2,1,0
BRDA:67,3,0,0
BRDA:67,3,1,0
BRDA:67,4,0,0
BRDA:67,4,1,0
BRDA:72,5,0,0
BRDA:72,5,1,0
BRDA:72,6,0,0
BRDA:72,6,1,0
BRDA:82,7,0,0
BRDA:82,7,1,0
BRDA:87,8,0,0
BRDA:87,8,1,0
BRDA:96,9,0,0
BRDA:96,9,1,0
BRDA:99,10,0,0
BRDA:99,10,1,0
BRDA:109,11,0,0
BRDA:109,11,1,0
BRDA:130,12,0,0
BRDA:130,12,1,0
BRDA:136,13,0,0
BRDA:136,13,1,0
BRDA:155,14,0,0
BRDA:155,14,1,0
BRDA:171,15,0,0
BRDA:171,15,1,0
BRDA:189,16,0,0
BRDA:189,16,1,0
BRDA:203,17,0,0
BRDA:203,17,1,0
BRDA:208,18,0,0
BRDA:208,18,1,0
BRF:38
BRH:0
end_of_record
TN:
SF:src/pages/TracingDialogDevelopmentPage/index.ts
FNF:0
FNH:0
LF:0
LH:0
BRF:0
BRH:0
end_of_record
TN:
SF:src/pages/WidgetDesignerPage/FieldPalette.tsx
FN:12,(anonymous_0)
FN:18,(anonymous_1)
FN:26,(anonymous_2)
FNF:3
FNH:0
FNDA:0,(anonymous_0)
FNDA:0,(anonymous_1)
FNDA:0,(anonymous_2)
DA:6,0
DA:12,0
DA:13,0
DA:15,0
DA:19,0
DA:20,0
DA:26,0
LF:7
LH:0
BRF:0
BRH:0
end_of_record
TN:
SF:src/pages/WidgetDesignerPage/FieldPreview.tsx
FN:22,(anonymous_0)
FN:33,(anonymous_1)
FNF:2
FNH:0
FNDA:0,(anonymous_0)
FNDA:0,(anonymous_1)
DA:22,0
DA:23,0
DA:25,0
DA:26,0
DA:31,0
DA:34,0
DA:36,0
DA:47,0
DA:59,0
DA:65,0
DA:76,0
DA:87,0
DA:96,0
DA:100,0
DA:111,0
LF:15
LH:0
BRDA:25,0,0,0
BRDA:25,0,1,0
BRDA:34,1,0,0
BRDA:34,1,1,0
BRDA:34,1,2,0
BRDA:34,1,3,0
BRDA:34,1,4,0
BRDA:34,1,5,0
BRDA:34,1,6,0
BRDA:34,1,7,0
BRDA:34,1,8,0
BRDA:61,2,0,0
BRDA:61,2,1,0
BRDA:70,3,0,0
BRDA:70,3,1,0
BRDA:81,4,0,0
BRDA:81,4,1,0
BRDA:96,5,0,0
BRDA:96,5,1,0
BRF:19
BRH:0
end_of_record
TN:
SF:src/pages/WidgetDesignerPage/FieldProperties.tsx
FN:24,(anonymous_0)
FN:37,(anonymous_1)
FN:41,(anonymous_2)
FN:48,(anonymous_3)
FN:50,(anonymous_4)
FN:63,(anonymous_5)
FN:73,(anonymous_6)
FN:79,(anonymous_7)
FN:85,(anonymous_8)
FN:97,(anonymous_9)
FN:108,(anonymous_10)
FN:119,(anonymous_11)
FN:124,(anonymous_12)
FN:128,(anonymous_13)
FN:136,(anonymous_14)
FN:145,(anonymous_15)
FN:149,(anonymous_16)
FN:167,(anonymous_17)
FN:177,(anonymous_18)
FN:183,(anonymous_19)
FN:198,(anonymous_20)
FN:198,(anonymous_21)
FN:204,(anonymous_22)
FNF:23
FNH:0
FNDA:0,(anonymous_0)
FNDA:0,(anonymous_1)
FNDA:0,(anonymous_2)
FNDA:0,(anonymous_3)
FNDA:0,(anonymous_4)
FNDA:0,(anonymous_5)
FNDA:0,(anonymous_6)
FNDA:0,(anonymous_7)
FNDA:0,(anonymous_8)
FNDA:0,(anonymous_9)
FNDA:0,(anonymous_10)
FNDA:0,(anonymous_11)
FNDA:0,(anonymous_12)
FNDA:0,(anonymous_13)
FNDA:0,(anonymous_14)
FNDA:0,(anonymous_15)
FNDA:0,(anonymous_16)
FNDA:0,(anonymous_17)
FNDA:0,(anonymous_18)
FNDA:0,(anonymous_19)
FNDA:0,(anonymous_20)
FNDA:0,(anonymous_21)
FNDA:0,(anonymous_22)
DA:24,0
DA:25,0
DA:26,0
DA:28,0
DA:29,0
DA:37,0
DA:38,0
DA:41,0
DA:42,0
DA:43,0
DA:44,0
DA:48,0
DA:49,0
DA:50,0
DA:54,0
DA:63,0
DA:73,0
DA:79,0
DA:85,0
DA:97,0
DA:108,0
DA:119,0
DA:125,0
DA:129,0
DA:130,0
DA:131,0
DA:136,0
DA:145,0
DA:150,0
DA:151,0
DA:152,0
DA:167,0
DA:177,0
DA:183,0
DA:198,0
DA:204,0
LF:36
LH:0
BRDA:28,0,0,0
BRDA:28,0,1,0
BRDA:42,1,0,0
BRDA:42,1,1,0
BRDA:42,2,0,0
BRDA:42,2,1,0
BRDA:49,3,0,0
BRDA:49,3,1,0
BRDA:59,4,0,0
BRDA:59,4,1,0
BRDA:59,4,2,0
BRDA:65,5,0,0
BRDA:65,5,1,0
BRDA:65,5,2,0
BRDA:72,6,0,0
BRDA:72,6,1,0
BRDA:78,7,0,0
BRDA:78,7,1,0
BRDA:84,8,0,0
BRDA:84,8,1,0
BRDA:85,9,0,0
BRDA:85,9,1,0
BRDA:93,10,0,0
BRDA:93,10,1,0
BRDA:96,11,0,0
BRDA:96,11,1,0
BRDA:97,12,0,0
BRDA:97,12,1,0
BRDA:104,13,0,0
BRDA:104,13,1,0
BRDA:107,14,0,0
BRDA:107,14,1,0
BRDA:111,15,0,0
BRDA:111,15,1,0
BRDA:111,15,2,0
BRDA:118,16,0,0
BRDA:118,16,1,0
BRDA:129,17,0,0
BRDA:129,17,1,0
BRDA:150,18,0,0
BRDA:150,18,1,0
BRDA:163,19,0,0
BRDA:163,19,1,0
BRDA:172,20,0,0
BRDA:172,20,1,0
BRDA:176,21,0,0
BRDA:176,21,1,0
BRDA:182,22,0,0
BRDA:182,22,1,0
BRDA:183,23,0,0
BRDA:183,23,1,0
BRDA:193,24,0,0
BRDA:193,24,1,0
BRDA:197,25,0,0
BRDA:197,25,1,0
BRDA:203,26,0,0
BRDA:203,26,1,0
BRDA:204,27,0,0
BRDA:204,27,1,0
BRF:59
BRH:0
end_of_record
TN:
SF:src/pages/WidgetDesignerPage/WidgetDesignerPage.tsx
FN:28,(anonymous_0)
FN:41,(anonymous_1)
FN:46,(anonymous_2)
FN:52,(anonymous_3)
FN:53,(anonymous_4)
FN:57,(anonymous_5)
FN:57,(anonymous_6)
FN:61,(anonymous_7)
FN:63,(anonymous_8)
FN:67,(anonymous_9)
FN:68,(anonymous_10)
FN:68,(anonymous_11)
FN:74,(anonymous_12)
FN:75,(anonymous_13)
FN:75,(anonymous_14)
FN:78,(anonymous_15)
FN:79,(anonymous_16)
FN:80,(anonymous_17)
FN:91,(anonymous_18)
FN:105,(anonymous_19)
FN:136,(anonymous_20)
FN:144,(anonymous_21)
FN:157,(anonymous_22)
FN:165,(anonymous_23)
FN:174,(anonymous_24)
FNF:25
FNH:0
FNDA:0,(anonymous_0)
FNDA:0,(anonymous_1)
FNDA:0,(anonymous_2)
FNDA:0,(anonymous_3)
FNDA:0,(anonymous_4)
FNDA:0,(anonymous_5)
FNDA:0,(anonymous_6)
FNDA:0,(anonymous_7)
FNDA:0,(anonymous_8)
FNDA:0,(anonymous_9)
FNDA:0,(anonymous_10)
FNDA:0,(anonymous_11)
FNDA:0,(anonymous_12)
FNDA:0,(anonymous_13)
FNDA:0,(anonymous_14)
FNDA:0,(anonymous_15)
FNDA:0,(anonymous_16)
FNDA:0,(anonymous_17)
FNDA:0,(anonymous_18)
FNDA:0,(anonymous_19)
FNDA:0,(anonymous_20)
FNDA:0,(anonymous_21)
FNDA:0,(anonymous_22)
FNDA:0,(anonymous_23)
FNDA:0,(anonymous_24)
DA:28,0
DA:29,0
DA:30,0
DA:31,0
DA:32,0
DA:33,0
DA:34,0
DA:35,0
DA:36,0
DA:37,0
DA:39,0
DA:41,0
DA:42,0
DA:44,0
DA:45,0
DA:47,0
DA:48,0
DA:49,0
DA:50,0
DA:53,0
DA:56,0
DA:57,0
DA:61,0
DA:62,0
DA:63,0
DA:64,0
DA:67,0
DA:68,0
DA:69,0
DA:70,0
DA:74,0
DA:75,0
DA:78,0
DA:79,0
DA:80,0
DA:81,0
DA:82,0
DA:83,0
DA:84,0
DA:85,0
DA:86,0
DA:87,0
DA:91,0
DA:92,0
DA:93,0
DA:96,0
DA:99,0
DA:105,0
DA:137,0
DA:138,0
DA:144,0
DA:157,0
DA:165,0
DA:174,0
LF:54
LH:0
BRDA:42,0,0,0
BRDA:42,0,1,0
BRDA:42,1,0,0
BRDA:42,1,1,0
BRDA:42,1,2,0
BRDA:48,2,0,0
BRDA:48,2,1,0
BRDA:57,3,0,0
BRDA:57,3,1,0
BRDA:69,4,0,0
BRDA:69,4,1,0
BRDA:75,5,0,0
BRDA:75,5,1,0
BRDA:81,6,0,0
BRDA:81,6,1,0
BRDA:82,7,0,0
BRDA:82,7,1,0
BRDA:82,8,0,0
BRDA:82,8,1,0
BRDA:83,9,0,0
BRDA:83,9,1,0
BRDA:83,10,0,0
BRDA:83,10,1,0
BRDA:85,11,0,0
BRDA:85,11,1,0
BRDA:92,12,0,0
BRDA:92,12,1,0
BRDA:92,13,0,0
BRDA:92,13,1,0
BRDA:92,13,2,0
BRDA:108,14,0,0
BRDA:108,14,1,0
BRDA:130,15,0,0
BRDA:130,15,1,0
BRDA:141,16,0,0
BRDA:141,16,1,0
BRDA:150,17,0,0
BRDA:150,17,1,0
BRDA:150,17,2,0
BRF:39
BRH:0
end_of_record
TN:
SF:src/pages/WidgetDesignerPage/index.ts
FNF:0
FNH:0
LF:0
LH:0
BRF:0
BRH:0
end_of_record
TN:
SF:src/pages/WidgetDesignerPage/types.ts
FN:56,(anonymous_0)
FNF:1
FNH:0
FNDA:0,(anonymous_0)
DA:32,0
DA:43,0
DA:54,0
DA:56,0
DA:57,0
DA:58,0
LF:6
LH:0
BRDA:61,0,0,0
BRDA:61,0,1,0
BRF:2
BRH:0
end_of_record
TN:
SF:src/routes/ProtectedRoute.tsx
FN:10,(anonymous_0)
FNF:1
FNH:0
FNDA:0,(anonymous_0)
DA:10,0
DA:11,0
DA:12,0
DA:15,0
DA:16,0
DA:23,0
DA:25,0
DA:26,0
DA:29,0
LF:9
LH:0
BRDA:15,0,0,0
BRDA:15,0,1,0
BRDA:23,1,0,0
BRDA:23,1,1,0
BRF:4
BRH:0
end_of_record
TN:
SF:src/routes/index.tsx
FN:22,(anonymous_0)
FNF:1
FNH:0
FNDA:0,(anonymous_0)
DA:22,0
DA:23,0
LF:2
LH:0
BRF:0
BRH:0
end_of_record
TN:
SF:src/theme/colors.ts
FNF:0
FNH:0
DA:4,0
DA:106,0
LF:2
LH:0
BRF:0
BRH:0
end_of_record
TN:
SF:src/theme/index.ts
FNF:0
FNH:0
LF:0
LH:0
BRF:0
BRH:0
end_of_record
TN:
SF:src/theme/mantineTheme.ts
FNF:0
FNH:0
DA:4,0
DA:139,0
LF:2
LH:0
BRF:0
BRH:0
end_of_record
TN:
SF:src/theme/spacing.ts
FNF:0
FNH:0
DA:2,0
LF:1
LH:0
BRF:0
BRH:0
end_of_record
TN:
SF:src/utils/fileUtils.ts
FN:11,(anonymous_0)
FN:21,(anonymous_1)
FN:27,(anonymous_2)
FN:28,(anonymous_3)
FN:30,(anonymous_4)
FN:40,(anonymous_5)
FN:63,(anonymous_6)
FNF:7
FNH:1
FNDA:9,(anonymous_0)
FNDA:0,(anonymous_1)
FNDA:0,(anonymous_2)
FNDA:0,(anonymous_3)
FNDA:0,(anonymous_4)
FNDA:0,(anonymous_5)
FNDA:0,(anonymous_6)
DA:5,4
DA:11,4
DA:12,9
DA:13,3
DA:15,6
DA:16,1
DA:18,5
DA:21,4
DA:22,0
DA:23,0
DA:24,0
DA:27,4
DA:28,0
DA:29,0
DA:30,0
DA:31,0
DA:32,0
DA:33,0
DA:35,0
DA:36,0
DA:40,4
DA:41,0
DA:42,0
DA:43,0
DA:45,0
DA:46,0
DA:55,0
DA:63,4
DA:66,0
LF:29
LH:11
BRDA:12,0,0,3
BRDA:12,0,1,6
BRDA:15,1,0,1
BRDA:15,1,1,5
BRDA:15,2,0,6
BRDA:15,2,1,1
BRDA:22,3,0,0
BRDA:22,3,1,0
BRDA:23,4,0,0
BRDA:23,4,1,0
BRDA:45,5,0,0
BRDA:45,5,1,0
BRF:12
BRH:6
end_of_record
