TN:
SF:src/App.tsx
FN:3,App
FNF:1
FNH:0
FNDA:0,App
DA:4,0
LF:1
LH:0
BRF:0
BRH:0
end_of_record
TN:
SF:src/api/client.ts
FN:156,(anonymous_0)
FN:165,(anonymous_1)
FN:199,(anonymous_2)
FN:226,(anonymous_3)
FN:228,(anonymous_4)
FN:239,(anonymous_5)
FN:245,(anonymous_6)
FN:249,(anonymous_7)
FN:254,(anonymous_8)
FN:259,(anonymous_9)
FN:265,(anonymous_10)
FN:269,(anonymous_11)
FN:273,(anonymous_12)
FN:277,(anonymous_13)
FN:281,(anonymous_14)
FN:287,(anonymous_15)
FN:292,(anonymous_16)
FN:296,(anonymous_17)
FN:300,(anonymous_18)
FN:306,(anonymous_19)
FN:310,(anonymous_20)
FN:314,(anonymous_21)
FN:318,(anonymous_22)
FN:323,(anonymous_23)
FN:327,(anonymous_24)
FN:331,(anonymous_25)
FN:335,(anonymous_26)
FN:339,(anonymous_27)
FN:345,(anonymous_28)
FN:354,(anonymous_29)
FN:358,(anonymous_30)
FN:362,(anonymous_31)
FN:366,(anonymous_32)
FN:372,(anonymous_33)
FN:376,(anonymous_34)
FN:380,(anonymous_35)
FN:397,(anonymous_36)
FN:406,(anonymous_37)
FN:410,(anonymous_38)
FN:414,(anonymous_39)
FN:418,(anonymous_40)
FN:424,(anonymous_41)
FN:428,(anonymous_42)
FN:432,(anonymous_43)
FN:449,(anonymous_44)
FN:456,(anonymous_45)
FN:467,(anonymous_46)
FN:472,(anonymous_47)
FN:476,(anonymous_48)
FN:481,(anonymous_49)
FN:485,(anonymous_50)
FN:491,(anonymous_51)
FN:495,(anonymous_52)
FN:499,(anonymous_53)
FN:516,(anonymous_54)
FN:525,(anonymous_55)
FN:529,(anonymous_56)
FN:533,(anonymous_57)
FN:537,(anonymous_58)
FN:543,(anonymous_59)
FN:552,(anonymous_60)
FN:556,(anonymous_61)
FN:560,(anonymous_62)
FN:577,(anonymous_63)
FN:586,(anonymous_64)
FN:590,(anonymous_65)
FN:594,(anonymous_66)
FN:598,(anonymous_67)
FN:604,(anonymous_68)
FN:608,(anonymous_69)
FN:612,(anonymous_70)
FN:629,(anonymous_71)
FN:638,(anonymous_72)
FN:642,(anonymous_73)
FN:646,(anonymous_74)
FN:650,(anonymous_75)
FN:656,(anonymous_76)
FN:660,(anonymous_77)
FN:664,(anonymous_78)
FN:681,(anonymous_79)
FN:685,(anonymous_80)
FN:689,(anonymous_81)
FN:695,(anonymous_82)
FN:699,(anonymous_83)
FN:703,(anonymous_84)
FN:707,(anonymous_85)
FN:713,(anonymous_86)
FN:718,(anonymous_87)
FN:722,(anonymous_88)
FN:726,(anonymous_89)
FN:730,(anonymous_90)
FN:736,(anonymous_91)
FN:740,(anonymous_92)
FN:744,(anonymous_93)
FN:750,(anonymous_94)
FN:755,(anonymous_95)
FN:759,(anonymous_96)
FN:763,(anonymous_97)
FN:773,(anonymous_98)
FN:778,(anonymous_99)
FN:782,(anonymous_100)
FN:786,(anonymous_101)
FN:790,(anonymous_102)
FN:796,(anonymous_103)
FN:800,(anonymous_104)
FN:806,(anonymous_105)
FN:810,(anonymous_106)
FN:814,(anonymous_107)
FN:818,(anonymous_108)
FN:822,(anonymous_109)
FN:826,(anonymous_110)
FN:830,(anonymous_111)
FN:834,(anonymous_112)
FN:840,(anonymous_113)
FN:844,(anonymous_114)
FN:848,(anonymous_115)
FN:852,(anonymous_116)
FN:858,(anonymous_117)
FN:862,(anonymous_118)
FN:866,(anonymous_119)
FN:870,(anonymous_120)
FN:880,(anonymous_121)
FN:886,(anonymous_122)
FN:893,(anonymous_123)
FN:898,(anonymous_124)
FN:910,(anonymous_125)
FN:917,(anonymous_126)
FN:927,(anonymous_127)
FN:952,(anonymous_128)
FN:983,(anonymous_129)
FN:998,(anonymous_130)
FN:1012,(anonymous_131)
FN:1028,(anonymous_132)
FN:1044,(anonymous_133)
FN:1060,(anonymous_134)
FN:1074,(anonymous_135)
FN:1089,(anonymous_136)
FN:1152,(anonymous_137)
FN:1311,(anonymous_138)
FN:1324,(anonymous_139)
FN:1342,(anonymous_140)
FN:1355,(anonymous_141)
FN:1370,(anonymous_142)
FN:1383,(anonymous_143)
FN:1394,(anonymous_144)
FN:1403,(anonymous_145)
FN:1418,(anonymous_146)
FN:1425,(anonymous_147)
FN:1434,(anonymous_148)
FN:1443,(anonymous_149)
FN:1454,(anonymous_150)
FN:1465,(anonymous_151)
FN:1476,(anonymous_152)
FN:1487,(anonymous_153)
FN:1498,(anonymous_154)
FN:1505,(anonymous_155)
FNF:156
FNH:0
FNDA:0,(anonymous_0)
FNDA:0,(anonymous_1)
FNDA:0,(anonymous_2)
FNDA:0,(anonymous_3)
FNDA:0,(anonymous_4)
FNDA:0,(anonymous_5)
FNDA:0,(anonymous_6)
FNDA:0,(anonymous_7)
FNDA:0,(anonymous_8)
FNDA:0,(anonymous_9)
FNDA:0,(anonymous_10)
FNDA:0,(anonymous_11)
FNDA:0,(anonymous_12)
FNDA:0,(anonymous_13)
FNDA:0,(anonymous_14)
FNDA:0,(anonymous_15)
FNDA:0,(anonymous_16)
FNDA:0,(anonymous_17)
FNDA:0,(anonymous_18)
FNDA:0,(anonymous_19)
FNDA:0,(anonymous_20)
FNDA:0,(anonymous_21)
FNDA:0,(anonymous_22)
FNDA:0,(anonymous_23)
FNDA:0,(anonymous_24)
FNDA:0,(anonymous_25)
FNDA:0,(anonymous_26)
FNDA:0,(anonymous_27)
FNDA:0,(anonymous_28)
FNDA:0,(anonymous_29)
FNDA:0,(anonymous_30)
FNDA:0,(anonymous_31)
FNDA:0,(anonymous_32)
FNDA:0,(anonymous_33)
FNDA:0,(anonymous_34)
FNDA:0,(anonymous_35)
FNDA:0,(anonymous_36)
FNDA:0,(anonymous_37)
FNDA:0,(anonymous_38)
FNDA:0,(anonymous_39)
FNDA:0,(anonymous_40)
FNDA:0,(anonymous_41)
FNDA:0,(anonymous_42)
FNDA:0,(anonymous_43)
FNDA:0,(anonymous_44)
FNDA:0,(anonymous_45)
FNDA:0,(anonymous_46)
FNDA:0,(anonymous_47)
FNDA:0,(anonymous_48)
FNDA:0,(anonymous_49)
FNDA:0,(anonymous_50)
FNDA:0,(anonymous_51)
FNDA:0,(anonymous_52)
FNDA:0,(anonymous_53)
FNDA:0,(anonymous_54)
FNDA:0,(anonymous_55)
FNDA:0,(anonymous_56)
FNDA:0,(anonymous_57)
FNDA:0,(anonymous_58)
FNDA:0,(anonymous_59)
FNDA:0,(anonymous_60)
FNDA:0,(anonymous_61)
FNDA:0,(anonymous_62)
FNDA:0,(anonymous_63)
FNDA:0,(anonymous_64)
FNDA:0,(anonymous_65)
FNDA:0,(anonymous_66)
FNDA:0,(anonymous_67)
FNDA:0,(anonymous_68)
FNDA:0,(anonymous_69)
FNDA:0,(anonymous_70)
FNDA:0,(anonymous_71)
FNDA:0,(anonymous_72)
FNDA:0,(anonymous_73)
FNDA:0,(anonymous_74)
FNDA:0,(anonymous_75)
FNDA:0,(anonymous_76)
FNDA:0,(anonymous_77)
FNDA:0,(anonymous_78)
FNDA:0,(anonymous_79)
FNDA:0,(anonymous_80)
FNDA:0,(anonymous_81)
FNDA:0,(anonymous_82)
FNDA:0,(anonymous_83)
FNDA:0,(anonymous_84)
FNDA:0,(anonymous_85)
FNDA:0,(anonymous_86)
FNDA:0,(anonymous_87)
FNDA:0,(anonymous_88)
FNDA:0,(anonymous_89)
FNDA:0,(anonymous_90)
FNDA:0,(anonymous_91)
FNDA:0,(anonymous_92)
FNDA:0,(anonymous_93)
FNDA:0,(anonymous_94)
FNDA:0,(anonymous_95)
FNDA:0,(anonymous_96)
FNDA:0,(anonymous_97)
FNDA:0,(anonymous_98)
FNDA:0,(anonymous_99)
FNDA:0,(anonymous_100)
FNDA:0,(anonymous_101)
FNDA:0,(anonymous_102)
FNDA:0,(anonymous_103)
FNDA:0,(anonymous_104)
FNDA:0,(anonymous_105)
FNDA:0,(anonymous_106)
FNDA:0,(anonymous_107)
FNDA:0,(anonymous_108)
FNDA:0,(anonymous_109)
FNDA:0,(anonymous_110)
FNDA:0,(anonymous_111)
FNDA:0,(anonymous_112)
FNDA:0,(anonymous_113)
FNDA:0,(anonymous_114)
FNDA:0,(anonymous_115)
FNDA:0,(anonymous_116)
FNDA:0,(anonymous_117)
FNDA:0,(anonymous_118)
FNDA:0,(anonymous_119)
FNDA:0,(anonymous_120)
FNDA:0,(anonymous_121)
FNDA:0,(anonymous_122)
FNDA:0,(anonymous_123)
FNDA:0,(anonymous_124)
FNDA:0,(anonymous_125)
FNDA:0,(anonymous_126)
FNDA:0,(anonymous_127)
FNDA:0,(anonymous_128)
FNDA:0,(anonymous_129)
FNDA:0,(anonymous_130)
FNDA:0,(anonymous_131)
FNDA:0,(anonymous_132)
FNDA:0,(anonymous_133)
FNDA:0,(anonymous_134)
FNDA:0,(anonymous_135)
FNDA:0,(anonymous_136)
FNDA:0,(anonymous_137)
FNDA:0,(anonymous_138)
FNDA:0,(anonymous_139)
FNDA:0,(anonymous_140)
FNDA:0,(anonymous_141)
FNDA:0,(anonymous_142)
FNDA:0,(anonymous_143)
FNDA:0,(anonymous_144)
FNDA:0,(anonymous_145)
FNDA:0,(anonymous_146)
FNDA:0,(anonymous_147)
FNDA:0,(anonymous_148)
FNDA:0,(anonymous_149)
FNDA:0,(anonymous_150)
FNDA:0,(anonymous_151)
FNDA:0,(anonymous_152)
FNDA:0,(anonymous_153)
FNDA:0,(anonymous_154)
FNDA:0,(anonymous_155)
DA:157,0
DA:158,0
DA:159,0
DA:160,0
DA:172,0
DA:173,0
DA:174,0
DA:178,0
DA:179,0
DA:183,0
DA:184,0
DA:188,0
DA:189,0
DA:192,0
DA:198,0
DA:199,0
DA:200,0
DA:204,0
DA:205,0
DA:206,0
DA:208,0
DA:211,0
DA:213,0
DA:214,0
DA:217,0
DA:219,0
DA:220,0
DA:222,0
DA:227,0
DA:228,0
DA:229,0
DA:230,0
DA:233,0
DA:234,0
DA:240,0
DA:246,0
DA:250,0
DA:251,0
DA:255,0
DA:256,0
DA:260,0
DA:266,0
DA:270,0
DA:274,0
DA:278,0
DA:282,0
DA:288,0
DA:289,0
DA:293,0
DA:297,0
DA:301,0
DA:307,0
DA:311,0
DA:315,0
DA:319,0
DA:320,0
DA:324,0
DA:328,0
DA:332,0
DA:336,0
DA:340,0
DA:350,0
DA:351,0
DA:355,0
DA:359,0
DA:363,0
DA:367,0
DA:373,0
DA:377,0
DA:387,0
DA:402,0
DA:403,0
DA:407,0
DA:411,0
DA:415,0
DA:419,0
DA:425,0
DA:429,0
DA:439,0
DA:450,0
DA:457,0
DA:468,0
DA:469,0
DA:473,0
DA:477,0
DA:478,0
DA:482,0
DA:486,0
DA:492,0
DA:496,0
DA:506,0
DA:521,0
DA:522,0
DA:526,0
DA:530,0
DA:534,0
DA:538,0
DA:544,0
DA:553,0
DA:557,0
DA:567,0
DA:582,0
DA:583,0
DA:587,0
DA:591,0
DA:595,0
DA:599,0
DA:605,0
DA:609,0
DA:619,0
DA:634,0
DA:635,0
DA:639,0
DA:643,0
DA:647,0
DA:651,0
DA:657,0
DA:661,0
DA:671,0
DA:682,0
DA:686,0
DA:690,0
DA:696,0
DA:700,0
DA:704,0
DA:708,0
DA:714,0
DA:715,0
DA:719,0
DA:723,0
DA:727,0
DA:731,0
DA:737,0
DA:741,0
DA:745,0
DA:751,0
DA:752,0
DA:756,0
DA:760,0
DA:764,0
DA:774,0
DA:775,0
DA:779,0
DA:783,0
DA:787,0
DA:791,0
DA:797,0
DA:801,0
DA:807,0
DA:811,0
DA:815,0
DA:819,0
DA:823,0
DA:827,0
DA:831,0
DA:835,0
DA:841,0
DA:845,0
DA:849,0
DA:853,0
DA:859,0
DA:863,0
DA:867,0
DA:871,0
DA:872,0
DA:874,0
DA:881,0
DA:887,0
DA:888,0
DA:894,0
DA:895,0
DA:899,0
DA:904,0
DA:911,0
DA:918,0
DA:919,0
DA:921,0
DA:934,0
DA:935,0
DA:936,0
DA:941,0
DA:942,0
DA:945,0
DA:951,0
DA:952,0
DA:953,0
DA:956,0
DA:957,0
DA:958,0
DA:960,0
DA:963,0
DA:965,0
DA:966,0
DA:969,0
DA:971,0
DA:972,0
DA:974,0
DA:988,0
DA:989,0
DA:1002,0
DA:1003,0
DA:1018,0
DA:1033,0
DA:1050,0
DA:1065,0
DA:1079,0
DA:1117,0
DA:1118,0
DA:1123,0
DA:1124,0
DA:1128,0
DA:1129,0
DA:1133,0
DA:1141,0
DA:1151,0
DA:1152,0
DA:1153,0
DA:1156,0
DA:1157,0
DA:1158,0
DA:1161,0
DA:1162,0
DA:1163,0
DA:1165,0
DA:1166,0
DA:1167,0
DA:1168,0
DA:1170,0
DA:1171,0
DA:1172,0
DA:1174,0
DA:1175,0
DA:1177,0
DA:1178,0
DA:1179,0
DA:1180,0
DA:1181,0
DA:1182,0
DA:1183,0
DA:1184,0
DA:1187,0
DA:1188,0
DA:1189,0
DA:1191,0
DA:1193,0
DA:1198,0
DA:1200,0
DA:1202,0
DA:1203,0
DA:1205,0
DA:1209,0
DA:1210,0
DA:1211,0
DA:1213,0
DA:1215,0
DA:1216,0
DA:1218,0
DA:1220,0
DA:1221,0
DA:1223,0
DA:1225,0
DA:1226,0
DA:1229,0
DA:1235,0
DA:1237,0
DA:1238,0
DA:1240,0
DA:1242,0
DA:1243,0
DA:1245,0
DA:1246,0
DA:1248,0
DA:1249,0
DA:1251,0
DA:1252,0
DA:1254,0
DA:1255,0
DA:1257,0
DA:1258,0
DA:1260,0
DA:1261,0
DA:1263,0
DA:1264,0
DA:1266,0
DA:1267,0
DA:1269,0
DA:1270,0
DA:1272,0
DA:1273,0
DA:1275,0
DA:1276,0
DA:1278,0
DA:1279,0
DA:1281,0
DA:1282,0
DA:1284,0
DA:1285,0
DA:1289,0
DA:1296,0
DA:1297,0
DA:1302,0
DA:1315,0
DA:1329,0
DA:1346,0
DA:1360,0
DA:1361,0
DA:1374,0
DA:1388,0
DA:1395,0
DA:1408,0
DA:1409,0
DA:1419,0
DA:1426,0
DA:1435,0
DA:1444,0
DA:1458,0
DA:1469,0
DA:1480,0
DA:1491,0
DA:1499,0
DA:1509,0
LF:321
LH:0
BRDA:178,0,0,0
BRDA:178,0,1,0
BRDA:183,1,0,0
BRDA:183,1,1,0
BRDA:188,2,0,0
BRDA:188,2,1,0
BRDA:195,3,0,0
BRDA:195,3,1,0
BRDA:198,4,0,0
BRDA:198,4,1,0
BRDA:200,5,0,0
BRDA:200,5,1,0
BRDA:204,6,0,0
BRDA:204,6,1,0
BRDA:205,7,0,0
BRDA:205,7,1,0
BRDA:205,8,0,0
BRDA:205,8,1,0
BRDA:213,9,0,0
BRDA:213,9,1,0
BRDA:213,10,0,0
BRDA:213,10,1,0
BRDA:219,11,0,0
BRDA:219,11,1,0
BRDA:219,12,0,0
BRDA:219,12,1,0
BRDA:229,13,0,0
BRDA:229,13,1,0
BRDA:229,14,0,0
BRDA:229,14,1,0
BRDA:234,15,0,0
BRDA:234,15,1,0
BRDA:250,16,0,0
BRDA:250,16,1,0
BRDA:255,17,0,0
BRDA:255,17,1,0
BRDA:288,18,0,0
BRDA:288,18,1,0
BRDA:301,19,0,0
BRDA:301,19,1,0
BRDA:319,20,0,0
BRDA:319,20,1,0
BRDA:350,21,0,0
BRDA:350,21,1,0
BRDA:402,22,0,0
BRDA:402,22,1,0
BRDA:468,23,0,0
BRDA:468,23,1,0
BRDA:477,24,0,0
BRDA:477,24,1,0
BRDA:521,25,0,0
BRDA:521,25,1,0
BRDA:582,26,0,0
BRDA:582,26,1,0
BRDA:634,27,0,0
BRDA:634,27,1,0
BRDA:699,28,0,0
BRDA:699,29,0,0
BRDA:714,30,0,0
BRDA:714,30,1,0
BRDA:751,31,0,0
BRDA:751,31,1,0
BRDA:774,32,0,0
BRDA:774,32,1,0
BRDA:871,33,0,0
BRDA:871,33,1,0
BRDA:881,34,0,0
BRDA:881,34,1,0
BRDA:894,35,0,0
BRDA:894,35,1,0
BRDA:918,36,0,0
BRDA:918,36,1,0
BRDA:941,37,0,0
BRDA:941,37,1,0
BRDA:948,38,0,0
BRDA:948,38,1,0
BRDA:951,39,0,0
BRDA:951,39,1,0
BRDA:953,40,0,0
BRDA:953,40,1,0
BRDA:956,41,0,0
BRDA:956,41,1,0
BRDA:957,42,0,0
BRDA:957,42,1,0
BRDA:957,43,0,0
BRDA:957,43,1,0
BRDA:965,44,0,0
BRDA:965,44,1,0
BRDA:965,45,0,0
BRDA:965,45,1,0
BRDA:971,46,0,0
BRDA:971,46,1,0
BRDA:971,47,0,0
BRDA:971,47,1,0
BRDA:1123,48,0,0
BRDA:1123,48,1,0
BRDA:1128,49,0,0
BRDA:1128,49,1,0
BRDA:1151,50,0,0
BRDA:1151,50,1,0
BRDA:1153,51,0,0
BRDA:1153,51,1,0
BRDA:1157,52,0,0
BRDA:1157,52,1,0
BRDA:1168,53,0,0
BRDA:1168,53,1,0
BRDA:1172,54,0,0
BRDA:1172,54,1,0
BRDA:1178,55,0,0
BRDA:1178,55,1,0
BRDA:1180,56,0,0
BRDA:1180,56,1,0
BRDA:1182,57,0,0
BRDA:1182,57,1,0
BRDA:1182,58,0,0
BRDA:1182,58,1,0
BRDA:1182,58,2,0
BRDA:1187,59,0,0
BRDA:1187,59,1,0
BRDA:1187,60,0,0
BRDA:1187,60,1,0
BRDA:1189,61,0,0
BRDA:1189,61,1,0
BRDA:1189,61,2,0
BRDA:1189,61,3,0
BRDA:1189,61,4,0
BRDA:1189,61,5,0
BRDA:1189,61,6,0
BRDA:1189,61,7,0
BRDA:1189,61,8,0
BRDA:1189,61,9,0
BRDA:1189,61,10,0
BRDA:1189,61,11,0
BRDA:1189,61,12,0
BRDA:1189,61,13,0
BRDA:1189,61,14,0
BRDA:1189,61,15,0
BRDA:1189,61,16,0
BRDA:1189,61,17,0
BRDA:1189,61,18,0
BRDA:1189,61,19,0
BRDA:1189,61,20,0
BRDA:1189,61,21,0
BRDA:1191,62,0,0
BRDA:1191,62,1,0
BRDA:1191,63,0,0
BRDA:1191,63,1,0
BRDA:1194,64,0,0
BRDA:1194,64,1,0
BRDA:1195,65,0,0
BRDA:1195,65,1,0
BRDA:1202,66,0,0
BRDA:1202,66,1,0
BRDA:1202,67,0,0
BRDA:1202,67,1,0
BRDA:1210,68,0,0
BRDA:1210,68,1,0
BRDA:1215,69,0,0
BRDA:1215,69,1,0
BRDA:1220,70,0,0
BRDA:1220,70,1,0
BRDA:1220,71,0,0
BRDA:1220,71,1,0
BRDA:1220,71,2,0
BRDA:1225,72,0,0
BRDA:1225,72,1,0
BRDA:1225,73,0,0
BRDA:1225,73,1,0
BRDA:1226,74,0,0
BRDA:1226,74,1,0
BRDA:1230,75,0,0
BRDA:1230,75,1,0
BRDA:1232,76,0,0
BRDA:1232,76,1,0
BRDA:1237,77,0,0
BRDA:1237,77,1,0
BRDA:1237,78,0,0
BRDA:1237,78,1,0
BRDA:1242,79,0,0
BRDA:1242,79,1,0
BRDA:1245,80,0,0
BRDA:1245,80,1,0
BRDA:1245,81,0,0
BRDA:1245,81,1,0
BRDA:1248,82,0,0
BRDA:1248,82,1,0
BRDA:1251,83,0,0
BRDA:1251,83,1,0
BRDA:1254,84,0,0
BRDA:1254,84,1,0
BRDA:1254,85,0,0
BRDA:1254,85,1,0
BRDA:1257,86,0,0
BRDA:1257,86,1,0
BRDA:1260,87,0,0
BRDA:1260,87,1,0
BRDA:1263,88,0,0
BRDA:1263,88,1,0
BRDA:1263,89,0,0
BRDA:1263,89,1,0
BRDA:1266,90,0,0
BRDA:1266,90,1,0
BRDA:1269,91,0,0
BRDA:1269,91,1,0
BRDA:1272,92,0,0
BRDA:1272,92,1,0
BRDA:1272,93,0,0
BRDA:1272,93,1,0
BRDA:1275,94,0,0
BRDA:1275,94,1,0
BRDA:1278,95,0,0
BRDA:1278,95,1,0
BRDA:1281,96,0,0
BRDA:1281,96,1,0
BRDA:1281,97,0,0
BRDA:1281,97,1,0
BRDA:1284,98,0,0
BRDA:1284,98,1,0
BRDA:1360,99,0,0
BRDA:1360,99,1,0
BRDA:1408,100,0,0
BRDA:1408,100,1,0
BRF:222
BRH:0
end_of_record
TN:
SF:src/api/index.ts
FNF:0
FNH:0
LF:0
LH:0
BRF:0
BRH:0
end_of_record
TN:
SF:src/api/types.ts
FNF:0
FNH:0
DA:3,4
DA:25,4
DA:33,4
DA:41,4
DA:50,4
DA:57,4
DA:71,4
DA:82,4
DA:91,4
DA:101,4
DA:111,4
DA:120,4
DA:126,4
DA:145,4
DA:152,4
DA:168,4
DA:180,4
DA:275,4
DA:309,4
DA:316,4
DA:343,4
DA:487,4
DA:1252,4
DA:1259,4
DA:1271,4
LF:25
LH:25
BRF:0
BRH:0
end_of_record
TN:
SF:src/auth/AuthProvider.tsx
FN:22,(anonymous_0)
FN:34,(anonymous_1)
FN:39,(anonymous_2)
FN:49,(anonymous_3)
FN:57,(anonymous_4)
FN:83,(anonymous_5)
FN:122,(anonymous_6)
FN:138,(anonymous_7)
FN:154,(anonymous_8)
FNF:9
FNH:0
FNDA:0,(anonymous_0)
FNDA:0,(anonymous_1)
FNDA:0,(anonymous_2)
FNDA:0,(anonymous_3)
FNDA:0,(anonymous_4)
FNDA:0,(anonymous_5)
FNDA:0,(anonymous_6)
FNDA:0,(anonymous_7)
FNDA:0,(anonymous_8)
DA:19,0
DA:22,0
DA:23,0
DA:24,0
DA:25,0
DA:27,0
DA:34,0
DA:35,0
DA:36,0
DA:37,0
DA:39,0
DA:40,0
DA:41,0
DA:45,0
DA:49,0
DA:50,0
DA:51,0
DA:53,0
DA:57,0
DA:58,0
DA:59,0
DA:62,0
DA:63,0
DA:67,0
DA:69,0
DA:70,0
DA:71,0
DA:75,0
DA:77,0
DA:78,0
DA:83,0
DA:84,0
DA:85,0
DA:88,0
DA:89,0
DA:93,0
DA:95,0
DA:96,0
DA:97,0
DA:101,0
DA:103,0
DA:104,0
DA:109,0
DA:119,0
DA:122,0
DA:123,0
DA:125,0
DA:135,0
DA:138,0
DA:139,0
DA:141,0
DA:151,0
DA:154,0
DA:155,0
DA:157,0
DA:159,0
DA:162,0
LF:57
LH:0
BRDA:24,0,0,0
BRDA:24,0,1,0
BRDA:58,1,0,0
BRDA:58,1,1,0
BRDA:58,2,0,0
BRDA:58,2,1,0
BRDA:84,3,0,0
BRDA:84,3,1,0
BRDA:84,4,0,0
BRDA:84,4,1,0
BRDA:112,5,0,0
BRDA:112,5,1,0
BRDA:155,6,0,0
BRDA:155,6,1,0
BRDA:155,6,2,0
BRDA:155,6,3,0
BRF:16
BRH:0
end_of_record
TN:
SF:src/auth/CognitoAuthProvider.tsx
FN:15,(anonymous_0)
FN:29,(anonymous_1)
FN:51,(anonymous_2)
FN:57,(anonymous_3)
FN:64,(anonymous_4)
FN:71,(anonymous_5)
FN:89,(anonymous_6)
FN:113,(anonymous_7)
FN:117,(anonymous_8)
FN:120,(anonymous_9)
FN:126,(anonymous_10)
FN:136,(anonymous_11)
FN:155,(anonymous_12)
FN:159,(anonymous_13)
FNF:14
FNH:0
FNDA:0,(anonymous_0)
FNDA:0,(anonymous_1)
FNDA:0,(anonymous_2)
FNDA:0,(anonymous_3)
FNDA:0,(anonymous_4)
FNDA:0,(anonymous_5)
FNDA:0,(anonymous_6)
FNDA:0,(anonymous_7)
FNDA:0,(anonymous_8)
FNDA:0,(anonymous_9)
FNDA:0,(anonymous_10)
FNDA:0,(anonymous_11)
FNDA:0,(anonymous_12)
FNDA:0,(anonymous_13)
DA:12,0
DA:13,0
DA:15,0
DA:16,0
DA:17,0
DA:19,0
DA:26,0
DA:29,0
DA:30,0
DA:31,0
DA:33,0
DA:44,0
DA:45,0
DA:48,0
DA:51,0
DA:52,0
DA:53,0
DA:54,0
DA:55,0
DA:57,0
DA:58,0
DA:59,0
DA:60,0
DA:64,0
DA:67,0
DA:70,0
DA:72,0
DA:73,0
DA:74,0
DA:75,0
DA:83,0
DA:84,0
DA:89,0
DA:90,0
DA:91,0
DA:93,0
DA:94,0
DA:95,0
DA:96,0
DA:97,0
DA:98,0
DA:100,0
DA:101,0
DA:104,0
DA:105,0
DA:109,0
DA:110,0
DA:111,0
DA:112,0
DA:114,0
DA:115,0
DA:118,0
DA:120,0
DA:122,0
DA:126,0
DA:127,0
DA:128,0
DA:129,0
DA:131,0
DA:132,0
DA:136,0
DA:137,0
DA:138,0
DA:139,0
DA:140,0
DA:141,0
DA:142,0
DA:143,0
DA:145,0
DA:146,0
DA:147,0
DA:148,0
DA:151,0
DA:155,0
DA:156,0
DA:159,0
DA:160,0
DA:163,0
DA:173,0
LF:79
LH:0
BRDA:17,0,0,0
BRDA:17,0,1,0
BRDA:31,1,0,0
BRDA:31,1,1,0
BRDA:44,2,0,0
BRDA:44,2,1,0
BRDA:76,3,0,0
BRDA:76,3,1,0
BRDA:77,4,0,0
BRDA:77,4,1,0
BRDA:79,5,0,0
BRDA:79,5,1,0
BRDA:80,6,0,0
BRDA:80,6,1,0
BRDA:80,6,2,0
BRDA:93,7,0,0
BRDA:93,7,1,0
BRDA:93,8,0,0
BRDA:93,8,1,0
BRDA:97,9,0,0
BRDA:97,9,1,0
BRDA:111,10,0,0
BRDA:111,10,1,0
BRDA:111,11,0,0
BRDA:111,11,1,0
BRDA:146,12,0,0
BRDA:146,12,1,0
BRDA:156,13,0,0
BRDA:156,13,1,0
BRF:29
BRH:0
end_of_record
TN:
SF:src/auth/GoogleAuthProvider.tsx
FN:15,(anonymous_0)
FN:21,(anonymous_1)
FN:28,(anonymous_2)
FN:35,(anonymous_3)
FN:52,(anonymous_4)
FN:70,(anonymous_5)
FN:77,(anonymous_6)
FN:80,(anonymous_7)
FN:91,(anonymous_8)
FN:96,(anonymous_9)
FN:107,(anonymous_10)
FN:121,(anonymous_11)
FN:125,(anonymous_12)
FNF:13
FNH:0
FNDA:0,(anonymous_0)
FNDA:0,(anonymous_1)
FNDA:0,(anonymous_2)
FNDA:0,(anonymous_3)
FNDA:0,(anonymous_4)
FNDA:0,(anonymous_5)
FNDA:0,(anonymous_6)
FNDA:0,(anonymous_7)
FNDA:0,(anonymous_8)
FNDA:0,(anonymous_9)
FNDA:0,(anonymous_10)
FNDA:0,(anonymous_11)
FNDA:0,(anonymous_12)
DA:12,0
DA:13,0
DA:15,0
DA:16,0
DA:17,0
DA:18,0
DA:19,0
DA:21,0
DA:22,0
DA:23,0
DA:24,0
DA:28,0
DA:31,0
DA:34,0
DA:36,0
DA:37,0
DA:38,0
DA:39,0
DA:47,0
DA:52,0
DA:53,0
DA:54,0
DA:55,0
DA:56,0
DA:57,0
DA:58,0
DA:59,0
DA:61,0
DA:64,0
DA:67,0
DA:70,0
DA:71,0
DA:73,0
DA:74,0
DA:75,0
DA:76,0
DA:77,0
DA:78,0
DA:81,0
DA:82,0
DA:89,0
DA:91,0
DA:92,0
DA:96,0
DA:97,0
DA:98,0
DA:99,0
DA:101,0
DA:103,0
DA:107,0
DA:108,0
DA:109,0
DA:110,0
DA:111,0
DA:112,0
DA:113,0
DA:114,0
DA:115,0
DA:117,0
DA:121,0
DA:122,0
DA:125,0
DA:126,0
DA:129,0
DA:139,0
LF:65
LH:0
BRDA:40,0,0,0
BRDA:40,0,1,0
BRDA:41,1,0,0
BRDA:41,1,1,0
BRDA:43,2,0,0
BRDA:43,2,1,0
BRDA:44,3,0,0
BRDA:44,3,1,0
BRDA:54,4,0,0
BRDA:54,4,1,0
BRDA:58,5,0,0
BRDA:58,5,1,0
BRDA:71,6,0,0
BRDA:71,6,1,0
BRDA:81,7,0,0
BRDA:81,7,1,0
BRF:16
BRH:0
end_of_record
TN:
SF:src/auth/authConfig.ts
FN:65,(anonymous_0)
FNF:1
FNH:1
FNDA:10,(anonymous_0)
DA:5,10
DA:27,10
DA:29,10
DA:30,10
DA:31,10
DA:33,10
DA:35,10
DA:36,10
DA:37,10
DA:38,10
DA:40,10
DA:65,10
DA:66,10
DA:67,10
DA:68,10
DA:69,10
DA:70,10
DA:73,10
DA:91,10
LF:19
LH:19
BRDA:27,0,0,10
BRDA:27,0,1,10
BRDA:29,1,0,10
BRDA:29,1,1,1
BRDA:30,2,0,10
BRDA:30,2,1,1
BRDA:31,3,0,10
BRDA:31,3,1,1
BRDA:33,4,0,10
BRDA:33,4,1,10
BRDA:35,5,0,10
BRDA:35,5,1,10
BRDA:36,6,0,10
BRDA:36,6,1,10
BRDA:37,7,0,10
BRDA:37,7,1,10
BRDA:38,8,0,10
BRDA:38,8,1,10
BRDA:42,9,0,9
BRDA:42,9,1,1
BRDA:49,10,0,0
BRDA:49,10,1,10
BRDA:55,11,0,0
BRDA:55,11,1,10
BRDA:55,12,0,10
BRDA:55,12,1,0
BRDA:55,12,2,0
BRDA:67,13,0,9
BRDA:67,13,1,1
BRDA:68,14,0,0
BRDA:68,14,1,10
BRDA:69,15,0,0
BRDA:69,15,1,10
BRDA:70,16,0,9
BRDA:70,16,1,1
BRDA:75,17,0,10
BRDA:75,17,1,1
BRDA:92,18,0,9
BRDA:92,18,1,1
BRF:39
BRH:33
end_of_record
TN:
SF:src/auth/google-gsi.d.ts
FNF:0
FNH:0
LF:0
LH:0
BRF:0
BRH:0
end_of_record
TN:
SF:src/auth/index.ts
FNF:0
FNH:0
LF:0
LH:0
BRF:0
BRH:0
end_of_record
TN:
SF:src/auth/useCognitoAuth.ts
FN:16,(anonymous_0)
FNF:1
FNH:0
FNDA:0,(anonymous_0)
DA:14,0
DA:16,0
DA:17,0
DA:18,0
DA:19,0
DA:21,0
LF:6
LH:0
BRDA:18,0,0,0
BRDA:18,0,1,0
BRF:2
BRH:0
end_of_record
TN:
SF:src/auth/useGoogleAuth.ts
FN:16,(anonymous_0)
FNF:1
FNH:0
FNDA:0,(anonymous_0)
DA:14,0
DA:16,0
DA:17,0
DA:18,0
DA:19,0
DA:21,0
LF:6
LH:0
BRDA:18,0,0,0
BRDA:18,0,1,0
BRF:2
BRH:0
end_of_record
TN:
SF:src/components/chat/index.ts
FNF:0
FNH:0
LF:0
LH:0
BRF:0
BRH:0
end_of_record
TN:
SF:src/components/chat/ChatContent/ChatContent.tsx
FN:35,(anonymous_0)
FN:64,(anonymous_1)
FN:72,(anonymous_2)
FN:80,(anonymous_3)
FN:87,(anonymous_4)
FN:93,(anonymous_5)
FN:106,(anonymous_6)
FN:113,(anonymous_7)
FN:114,(anonymous_8)
FN:120,(anonymous_9)
FN:127,(anonymous_10)
FN:128,(anonymous_11)
FN:134,(anonymous_12)
FN:140,(anonymous_13)
FN:149,(anonymous_14)
FN:184,(anonymous_15)
FN:207,(anonymous_16)
FN:255,(anonymous_17)
FN:270,(anonymous_18)
FN:290,(anonymous_19)
FN:320,(anonymous_20)
FN:346,(anonymous_21)
FN:352,(anonymous_22)
FN:357,(anonymous_23)
FN:362,(anonymous_24)
FN:383,(anonymous_25)
FN:411,(anonymous_26)
FN:428,(anonymous_27)
FN:438,(anonymous_28)
FN:439,(anonymous_29)
FN:474,(anonymous_30)
FN:489,(anonymous_31)
FN:502,(anonymous_32)
FN:505,(anonymous_33)
FN:506,(anonymous_34)
FN:507,(anonymous_35)
FN:508,(anonymous_36)
FN:511,(anonymous_37)
FN:514,(anonymous_38)
FN:517,(anonymous_39)
FN:518,(anonymous_40)
FN:540,(anonymous_41)
FN:562,(anonymous_42)
FN:572,(anonymous_43)
FN:589,(anonymous_44)
FN:590,(anonymous_45)
FN:605,(anonymous_46)
FN:625,(anonymous_47)
FN:657,(anonymous_48)
FN:667,(anonymous_49)
FN:684,(anonymous_50)
FN:689,(anonymous_51)
FNF:52
FNH:0
FNDA:0,(anonymous_0)
FNDA:0,(anonymous_1)
FNDA:0,(anonymous_2)
FNDA:0,(anonymous_3)
FNDA:0,(anonymous_4)
FNDA:0,(anonymous_5)
FNDA:0,(anonymous_6)
FNDA:0,(anonymous_7)
FNDA:0,(anonymous_8)
FNDA:0,(anonymous_9)
FNDA:0,(anonymous_10)
FNDA:0,(anonymous_11)
FNDA:0,(anonymous_12)
FNDA:0,(anonymous_13)
FNDA:0,(anonymous_14)
FNDA:0,(anonymous_15)
FNDA:0,(anonymous_16)
FNDA:0,(anonymous_17)
FNDA:0,(anonymous_18)
FNDA:0,(anonymous_19)
FNDA:0,(anonymous_20)
FNDA:0,(anonymous_21)
FNDA:0,(anonymous_22)
FNDA:0,(anonymous_23)
FNDA:0,(anonymous_24)
FNDA:0,(anonymous_25)
FNDA:0,(anonymous_26)
FNDA:0,(anonymous_27)
FNDA:0,(anonymous_28)
FNDA:0,(anonymous_29)
FNDA:0,(anonymous_30)
FNDA:0,(anonymous_31)
FNDA:0,(anonymous_32)
FNDA:0,(anonymous_33)
FNDA:0,(anonymous_34)
FNDA:0,(anonymous_35)
FNDA:0,(anonymous_36)
FNDA:0,(anonymous_37)
FNDA:0,(anonymous_38)
FNDA:0,(anonymous_39)
FNDA:0,(anonymous_40)
FNDA:0,(anonymous_41)
FNDA:0,(anonymous_42)
FNDA:0,(anonymous_43)
FNDA:0,(anonymous_44)
FNDA:0,(anonymous_45)
FNDA:0,(anonymous_46)
FNDA:0,(anonymous_47)
FNDA:0,(anonymous_48)
FNDA:0,(anonymous_49)
FNDA:0,(anonymous_50)
FNDA:0,(anonymous_51)
DA:35,0
DA:54,0
DA:55,0
DA:56,0
DA:57,0
DA:58,0
DA:59,0
DA:60,0
DA:61,0
DA:62,0
DA:64,0
DA:65,0
DA:66,0
DA:68,0
DA:72,0
DA:73,0
DA:74,0
DA:76,0
DA:80,0
DA:81,0
DA:82,0
DA:83,0
DA:84,0
DA:87,0
DA:88,0
DA:89,0
DA:90,0
DA:93,0
DA:94,0
DA:95,0
DA:96,0
DA:97,0
DA:99,0
DA:100,0
DA:104,0
DA:106,0
DA:107,0
DA:108,0
DA:109,0
DA:110,0
DA:112,0
DA:113,0
DA:114,0
DA:117,0
DA:120,0
DA:121,0
DA:122,0
DA:123,0
DA:124,0
DA:126,0
DA:127,0
DA:128,0
DA:131,0
DA:134,0
DA:135,0
DA:136,0
DA:140,0
DA:141,0
DA:142,0
DA:144,0
DA:145,0
DA:149,0
DA:150,0
DA:151,0
DA:153,0
DA:156,0
DA:157,0
DA:165,0
DA:166,0
DA:175,0
DA:185,0
DA:186,0
DA:187,0
DA:190,0
DA:193,0
DA:194,0
DA:195,0
DA:197,0
DA:198,0
DA:207,0
DA:208,0
DA:209,0
DA:210,0
DA:214,0
DA:255,0
DA:270,0
DA:271,0
DA:273,0
DA:290,0
DA:320,0
DA:338,0
DA:339,0
DA:340,0
DA:341,0
DA:342,0
DA:343,0
DA:344,0
DA:346,0
DA:347,0
DA:348,0
DA:352,0
DA:353,0
DA:354,0
DA:357,0
DA:358,0
DA:359,0
DA:362,0
DA:363,0
DA:364,0
DA:365,0
DA:368,0
DA:369,0
DA:375,0
DA:383,0
DA:412,0
DA:428,0
DA:438,0
DA:440,0
DA:441,0
DA:449,0
DA:455,0
DA:475,0
DA:476,0
DA:478,0
DA:479,0
DA:482,0
DA:484,0
DA:490,0
DA:503,0
DA:505,0
DA:506,0
DA:507,0
DA:509,0
DA:512,0
DA:515,0
DA:517,0
DA:518,0
DA:541,0
DA:562,0
DA:573,0
DA:574,0
DA:576,0
DA:589,0
DA:591,0
DA:592,0
DA:605,0
DA:606,0
DA:625,0
DA:626,0
DA:627,0
DA:628,0
DA:630,0
DA:631,0
DA:633,0
DA:634,0
DA:636,0
DA:637,0
DA:639,0
DA:640,0
DA:642,0
DA:643,0
DA:645,0
DA:646,0
DA:648,0
DA:649,0
DA:651,0
DA:652,0
DA:654,0
DA:657,0
DA:658,0
DA:659,0
DA:660,0
DA:667,0
DA:668,0
DA:670,0
DA:684,0
DA:685,0
DA:687,0
DA:690,0
LF:179
LH:0
BRDA:41,0,0,0
BRDA:65,1,0,0
BRDA:65,1,1,0
BRDA:73,2,0,0
BRDA:73,2,1,0
BRDA:82,3,0,0
BRDA:82,3,1,0
BRDA:87,4,0,0
BRDA:95,5,0,0
BRDA:95,5,1,0
BRDA:107,6,0,0
BRDA:107,6,1,0
BRDA:107,7,0,0
BRDA:107,7,1,0
BRDA:109,8,0,0
BRDA:109,8,1,0
BRDA:117,9,0,0
BRDA:117,9,1,0
BRDA:121,10,0,0
BRDA:121,10,1,0
BRDA:121,11,0,0
BRDA:121,11,1,0
BRDA:123,12,0,0
BRDA:123,12,1,0
BRDA:131,13,0,0
BRDA:131,13,1,0
BRDA:135,14,0,0
BRDA:135,14,1,0
BRDA:141,15,0,0
BRDA:141,15,1,0
BRDA:151,16,0,0
BRDA:151,16,1,0
BRDA:156,17,0,0
BRDA:156,17,1,0
BRDA:165,18,0,0
BRDA:165,18,1,0
BRDA:165,19,0,0
BRDA:165,19,1,0
BRDA:185,20,0,0
BRDA:185,20,1,0
BRDA:187,21,0,0
BRDA:187,21,1,0
BRDA:188,22,0,0
BRDA:188,22,1,0
BRDA:189,23,0,0
BRDA:189,23,1,0
BRDA:190,24,0,0
BRDA:190,24,1,0
BRDA:192,25,0,0
BRDA:192,25,1,0
BRDA:197,26,0,0
BRDA:197,26,1,0
BRDA:209,27,0,0
BRDA:209,27,1,0
BRDA:209,28,0,0
BRDA:209,28,1,0
BRDA:218,29,0,0
BRDA:218,29,1,0
BRDA:219,30,0,0
BRDA:219,30,1,0
BRDA:237,31,0,0
BRDA:237,31,1,0
BRDA:237,31,2,0
BRDA:237,31,3,0
BRDA:241,32,0,0
BRDA:241,32,1,0
BRDA:241,32,2,0
BRDA:247,33,0,0
BRDA:247,33,1,0
BRDA:271,34,0,0
BRDA:271,34,1,0
BRDA:271,34,2,0
BRDA:283,35,0,0
BRDA:283,35,1,0
BRDA:339,36,0,0
BRDA:339,36,1,0
BRDA:340,37,0,0
BRDA:340,37,1,0
BRDA:347,38,0,0
BRDA:347,38,1,0
BRDA:347,39,0,0
BRDA:347,39,1,0
BRDA:363,40,0,0
BRDA:363,40,1,0
BRDA:363,41,0,0
BRDA:363,41,1,0
BRDA:368,42,0,0
BRDA:368,42,1,0
BRDA:371,43,0,0
BRDA:371,43,1,0
BRDA:372,44,0,0
BRDA:372,44,1,0
BRDA:379,45,0,0
BRDA:379,45,1,0
BRDA:405,46,0,0
BRDA:405,46,1,0
BRDA:405,46,2,0
BRDA:408,47,0,0
BRDA:408,47,1,0
BRDA:412,48,0,0
BRDA:412,48,1,0
BRDA:413,49,0,0
BRDA:413,49,1,0
BRDA:414,50,0,0
BRDA:414,50,1,0
BRDA:419,51,0,0
BRDA:419,51,1,0
BRDA:419,51,2,0
BRDA:426,52,0,0
BRDA:426,52,1,0
BRDA:426,52,2,0
BRDA:451,53,0,0
BRDA:451,53,1,0
BRDA:452,54,0,0
BRDA:452,54,1,0
BRDA:462,55,0,0
BRDA:462,55,1,0
BRDA:462,55,2,0
BRDA:462,55,3,0
BRDA:475,56,0,0
BRDA:475,56,1,0
BRDA:476,57,0,0
BRDA:476,57,1,0
BRDA:478,58,0,0
BRDA:478,58,1,0
BRDA:487,59,0,0
BRDA:487,59,1,0
BRDA:490,60,0,0
BRDA:490,60,1,0
BRDA:491,61,0,0
BRDA:491,61,1,0
BRDA:524,62,0,0
BRDA:524,62,1,0
BRDA:529,63,0,0
BRDA:529,63,1,0
BRDA:537,64,0,0
BRDA:537,64,1,0
BRDA:541,65,0,0
BRDA:541,65,1,0
BRDA:542,66,0,0
BRDA:542,66,1,0
BRDA:543,67,0,0
BRDA:543,67,1,0
BRDA:548,68,0,0
BRDA:548,68,1,0
BRDA:555,69,0,0
BRDA:555,69,1,0
BRDA:557,70,0,0
BRDA:557,70,1,0
BRDA:561,71,0,0
BRDA:561,71,1,0
BRDA:564,72,0,0
BRDA:564,72,1,0
BRDA:567,73,0,0
BRDA:567,73,1,0
BRDA:571,74,0,0
BRDA:571,74,1,0
BRDA:573,75,0,0
BRDA:573,75,1,0
BRDA:580,76,0,0
BRDA:580,76,1,0
BRDA:626,77,0,0
BRDA:626,77,1,0
BRDA:627,78,0,0
BRDA:627,78,1,0
BRDA:628,79,0,0
BRDA:628,79,1,0
BRDA:630,80,0,0
BRDA:630,80,1,0
BRDA:630,81,0,0
BRDA:630,81,1,0
BRDA:633,82,0,0
BRDA:633,82,1,0
BRDA:633,83,0,0
BRDA:633,83,1,0
BRDA:636,84,0,0
BRDA:636,84,1,0
BRDA:636,85,0,0
BRDA:636,85,1,0
BRDA:636,85,2,0
BRDA:639,86,0,0
BRDA:639,86,1,0
BRDA:639,87,0,0
BRDA:639,87,1,0
BRDA:639,87,2,0
BRDA:639,87,3,0
BRDA:642,88,0,0
BRDA:642,88,1,0
BRDA:642,89,0,0
BRDA:642,89,1,0
BRDA:642,89,2,0
BRDA:642,89,3,0
BRDA:645,90,0,0
BRDA:645,90,1,0
BRDA:645,91,0,0
BRDA:645,91,1,0
BRDA:645,91,2,0
BRDA:648,92,0,0
BRDA:648,92,1,0
BRDA:648,93,0,0
BRDA:648,93,1,0
BRDA:651,94,0,0
BRDA:651,94,1,0
BRDA:651,95,0,0
BRDA:651,95,1,0
BRDA:651,95,2,0
BRDA:651,95,3,0
BRDA:651,95,4,0
BRDA:651,95,5,0
BRDA:658,96,0,0
BRDA:658,96,1,0
BRDA:659,97,0,0
BRDA:659,97,1,0
BRDA:668,98,0,0
BRDA:668,98,1,0
BRDA:685,99,0,0
BRDA:685,99,1,0
BRDA:685,100,0,0
BRDA:685,100,1,0
BRF:219
BRH:0
end_of_record
TN:
SF:src/components/chat/ChatContent/index.ts
FNF:0
FNH:0
LF:0
LH:0
BRF:0
BRH:0
end_of_record
TN:
SF:src/components/chat/ChatEmptyState/ChatEmptyState.tsx
FN:12,(anonymous_0)
FNF:1
FNH:0
FNDA:0,(anonymous_0)
DA:12,0
DA:17,0
LF:2
LH:0
BRDA:19,0,0,0
BRDA:19,0,1,0
BRDA:21,1,0,0
BRDA:21,1,1,0
BRF:4
BRH:0
end_of_record
TN:
SF:src/components/chat/ChatEmptyState/index.ts
FNF:0
FNH:0
LF:0
LH:0
BRF:0
BRH:0
end_of_record
TN:
SF:src/components/chat/ChatHeader/ChatHeader.tsx
FN:49,(anonymous_0)
FN:65,(anonymous_1)
FN:70,(anonymous_2)
FN:81,(anonymous_3)
FN:85,(anonymous_4)
FN:96,(anonymous_5)
FN:100,(anonymous_6)
FN:110,(anonymous_7)
FN:114,(anonymous_8)
FN:125,(anonymous_9)
FN:126,(anonymous_10)
FN:143,(anonymous_11)
FN:269,(anonymous_12)
FNF:13
FNH:0
FNDA:0,(anonymous_0)
FNDA:0,(anonymous_1)
FNDA:0,(anonymous_2)
FNDA:0,(anonymous_3)
FNDA:0,(anonymous_4)
FNDA:0,(anonymous_5)
FNDA:0,(anonymous_6)
FNDA:0,(anonymous_7)
FNDA:0,(anonymous_8)
FNDA:0,(anonymous_9)
FNDA:0,(anonymous_10)
FNDA:0,(anonymous_11)
FNDA:0,(anonymous_12)
DA:49,0
DA:65,0
DA:66,0
DA:67,0
DA:68,0
DA:70,0
DA:71,0
DA:72,0
DA:73,0
DA:74,0
DA:75,0
DA:76,0
DA:78,0
DA:81,0
DA:82,0
DA:83,0
DA:85,0
DA:93,0
DA:96,0
DA:97,0
DA:100,0
DA:101,0
DA:102,0
DA:103,0
DA:104,0
DA:105,0
DA:106,0
DA:107,0
DA:110,0
DA:111,0
DA:114,0
DA:115,0
DA:116,0
DA:117,0
DA:118,0
DA:120,0
DA:124,0
DA:125,0
DA:126,0
DA:131,0
DA:132,0
DA:134,0
DA:143,0
DA:269,0
LF:44
LH:0
BRDA:54,0,0,0
BRDA:55,1,0,0
BRDA:56,2,0,0
BRDA:57,3,0,0
BRDA:71,4,0,0
BRDA:71,4,1,0
BRDA:74,5,0,0
BRDA:74,5,1,0
BRDA:82,6,0,0
BRDA:82,6,1,0
BRDA:132,7,0,0
BRDA:132,7,1,0
BRDA:138,8,0,0
BRDA:138,8,1,0
BRDA:143,9,0,0
BRDA:143,9,1,0
BRDA:156,10,0,0
BRDA:156,10,1,0
BRDA:158,11,0,0
BRDA:158,11,1,0
BRDA:161,12,0,0
BRDA:161,12,1,0
BRDA:175,13,0,0
BRDA:175,13,1,0
BRDA:177,14,0,0
BRDA:177,14,1,0
BRDA:179,15,0,0
BRDA:179,15,1,0
BRDA:180,16,0,0
BRDA:180,16,1,0
BRDA:183,17,0,0
BRDA:183,17,1,0
BRDA:189,18,0,0
BRDA:189,18,1,0
BRDA:214,19,0,0
BRDA:214,19,1,0
BRDA:216,20,0,0
BRDA:216,20,1,0
BRDA:229,21,0,0
BRDA:229,21,1,0
BRDA:236,22,0,0
BRDA:236,22,1,0
BRDA:243,23,0,0
BRDA:243,23,1,0
BRDA:247,24,0,0
BRDA:247,24,1,0
BRDA:271,25,0,0
BRDA:271,25,1,0
BRF:48
BRH:0
end_of_record
TN:
SF:src/components/chat/ChatHeader/index.ts
FNF:0
FNH:0
LF:0
LH:0
BRF:0
BRH:0
end_of_record
TN:
SF:src/components/chat/ChatInput/ChatInput.tsx
FN:34,(anonymous_0)
FN:48,(anonymous_1)
FN:57,(anonymous_2)
FN:61,(anonymous_3)
FN:75,(anonymous_4)
FN:82,(anonymous_5)
FN:89,(anonymous_6)
FN:97,(anonymous_7)
FN:103,(anonymous_8)
FN:104,(anonymous_9)
FN:109,(anonymous_10)
FN:110,(anonymous_11)
FN:110,(anonymous_12)
FN:113,(anonymous_13)
FN:119,(anonymous_14)
FN:130,(anonymous_15)
FN:135,(anonymous_16)
FN:166,(anonymous_17)
FN:170,(anonymous_18)
FN:234,(anonymous_19)
FN:258,(anonymous_20)
FN:262,(anonymous_21)
FN:267,(anonymous_22)
FN:271,(anonymous_23)
FN:276,(anonymous_24)
FNF:25
FNH:0
FNDA:0,(anonymous_0)
FNDA:0,(anonymous_1)
FNDA:0,(anonymous_2)
FNDA:0,(anonymous_3)
FNDA:0,(anonymous_4)
FNDA:0,(anonymous_5)
FNDA:0,(anonymous_6)
FNDA:0,(anonymous_7)
FNDA:0,(anonymous_8)
FNDA:0,(anonymous_9)
FNDA:0,(anonymous_10)
FNDA:0,(anonymous_11)
FNDA:0,(anonymous_12)
FNDA:0,(anonymous_13)
FNDA:0,(anonymous_14)
FNDA:0,(anonymous_15)
FNDA:0,(anonymous_16)
FNDA:0,(anonymous_17)
FNDA:0,(anonymous_18)
FNDA:0,(anonymous_19)
FNDA:0,(anonymous_20)
FNDA:0,(anonymous_21)
FNDA:0,(anonymous_22)
FNDA:0,(anonymous_23)
FNDA:0,(anonymous_24)
DA:34,0
DA:42,0
DA:43,0
DA:44,0
DA:45,0
DA:46,0
DA:48,0
DA:49,0
DA:50,0
DA:51,0
DA:52,0
DA:53,0
DA:57,0
DA:58,0
DA:61,0
DA:62,0
DA:63,0
DA:64,0
DA:66,0
DA:67,0
DA:68,0
DA:70,0
DA:71,0
DA:75,0
DA:76,0
DA:77,0
DA:78,0
DA:82,0
DA:83,0
DA:84,0
DA:85,0
DA:89,0
DA:90,0
DA:91,0
DA:92,0
DA:93,0
DA:97,0
DA:98,0
DA:99,0
DA:100,0
DA:103,0
DA:105,0
DA:109,0
DA:110,0
DA:113,0
DA:114,0
DA:115,0
DA:116,0
DA:119,0
DA:120,0
DA:121,0
DA:122,0
DA:123,0
DA:124,0
DA:125,0
DA:126,0
DA:130,0
DA:131,0
DA:132,0
DA:135,0
DA:136,0
DA:137,0
DA:138,0
DA:140,0
DA:141,0
DA:142,0
DA:146,0
DA:148,0
DA:167,0
DA:170,0
DA:234,0
DA:251,0
DA:258,0
DA:259,0
DA:260,0
DA:262,0
DA:263,0
DA:264,0
DA:266,0
DA:267,0
DA:271,0
DA:272,0
DA:273,0
DA:276,0
DA:277,0
DA:278,0
DA:279,0
DA:282,0
LF:88
LH:0
BRDA:39,0,0,0
BRDA:40,1,0,0
BRDA:50,2,0,0
BRDA:50,2,1,0
BRDA:63,3,0,0
BRDA:63,3,1,0
BRDA:63,4,0,0
BRDA:63,4,1,0
BRDA:64,5,0,0
BRDA:64,5,1,0
BRDA:64,6,0,0
BRDA:64,6,1,0
BRDA:66,7,0,0
BRDA:66,7,1,0
BRDA:70,8,0,0
BRDA:70,8,1,0
BRDA:76,9,0,0
BRDA:76,9,1,0
BRDA:76,10,0,0
BRDA:76,10,1,0
BRDA:84,11,0,0
BRDA:84,11,1,0
BRDA:90,12,0,0
BRDA:90,12,1,0
BRDA:92,13,0,0
BRDA:92,13,1,0
BRDA:125,14,0,0
BRDA:125,14,1,0
BRDA:125,15,0,0
BRDA:125,15,1,0
BRDA:125,15,2,0
BRDA:125,15,3,0
BRDA:141,16,0,0
BRDA:141,16,1,0
BRDA:146,17,0,0
BRDA:146,17,1,0
BRDA:146,17,2,0
BRDA:146,17,3,0
BRDA:150,18,0,0
BRDA:150,18,1,0
BRDA:156,19,0,0
BRDA:156,19,1,0
BRDA:164,20,0,0
BRDA:164,20,1,0
BRDA:198,21,0,0
BRDA:198,21,1,0
BRDA:224,22,0,0
BRDA:224,22,1,0
BRDA:225,23,0,0
BRDA:225,23,1,0
BRDA:235,24,0,0
BRDA:235,24,1,0
BRDA:263,25,0,0
BRDA:263,25,1,0
BRDA:272,26,0,0
BRDA:272,26,1,0
BRDA:277,27,0,0
BRDA:277,27,1,0
BRDA:278,28,0,0
BRDA:278,28,1,0
BRDA:284,29,0,0
BRDA:284,29,1,0
BRDA:284,30,0,0
BRDA:284,30,1,0
BRF:64
BRH:0
end_of_record
TN:
SF:src/components/chat/ChatInput/index.ts
FNF:0
FNH:0
LF:0
LH:0
BRF:0
BRH:0
end_of_record
TN:
SF:src/components/chat/ChatView/ChatView.tsx
FN:49,(anonymous_0)
FN:89,(anonymous_1)
FN:99,(anonymous_2)
FN:109,(anonymous_3)
FN:115,(anonymous_4)
FN:156,(anonymous_5)
FN:188,(anonymous_6)
FNF:7
FNH:0
FNDA:0,(anonymous_0)
FNDA:0,(anonymous_1)
FNDA:0,(anonymous_2)
FNDA:0,(anonymous_3)
FNDA:0,(anonymous_4)
FNDA:0,(anonymous_5)
FNDA:0,(anonymous_6)
DA:49,0
DA:84,0
DA:85,0
DA:86,0
DA:87,0
DA:89,0
DA:90,0
DA:91,0
DA:92,0
DA:93,0
DA:94,0
DA:95,0
DA:99,0
DA:100,0
DA:101,0
DA:102,0
DA:103,0
DA:104,0
DA:105,0
DA:109,0
DA:110,0
DA:111,0
DA:112,0
DA:115,0
DA:116,0
DA:117,0
DA:118,0
DA:119,0
DA:120,0
DA:122,0
DA:123,0
DA:124,0
DA:128,0
DA:130,0
LF:34
LH:0
BRDA:51,0,0,0
BRDA:52,1,0,0
BRDA:53,2,0,0
BRDA:71,3,0,0
BRDA:73,4,0,0
BRDA:74,5,0,0
BRDA:75,6,0,0
BRDA:90,7,0,0
BRDA:90,7,1,0
BRDA:94,8,0,0
BRDA:94,8,1,0
BRDA:100,9,0,0
BRDA:100,9,1,0
BRDA:104,10,0,0
BRDA:104,10,1,0
BRDA:110,11,0,0
BRDA:110,11,1,0
BRDA:116,12,0,0
BRDA:116,12,1,0
BRDA:123,13,0,0
BRDA:123,13,1,0
BRDA:123,14,0,0
BRDA:123,14,1,0
BRDA:128,15,0,0
BRDA:128,15,1,0
BRDA:128,15,2,0
BRDA:128,15,3,0
BRDA:133,16,0,0
BRDA:133,16,1,0
BRDA:139,17,0,0
BRDA:139,17,1,0
BRDA:149,18,0,0
BRDA:149,18,1,0
BRDA:156,19,0,0
BRDA:156,19,1,0
BRDA:173,20,0,0
BRDA:173,20,1,0
BRDA:178,21,0,0
BRDA:178,21,1,0
BRDA:188,22,0,0
BRDA:188,22,1,0
BRDA:198,23,0,0
BRDA:198,23,1,0
BRF:43
BRH:0
end_of_record
TN:
SF:src/components/chat/ChatView/index.ts
FNF:0
FNH:0
LF:0
LH:0
BRF:0
BRH:0
end_of_record
TN:
SF:src/components/chat/FeedbackDialog/FeedbackDialog.tsx
FN:13,(anonymous_0)
FN:21,(anonymous_1)
FN:27,(anonymous_2)
FN:54,(anonymous_3)
FNF:4
FNH:0
FNDA:0,(anonymous_0)
FNDA:0,(anonymous_1)
FNDA:0,(anonymous_2)
FNDA:0,(anonymous_3)
DA:13,0
DA:18,0
DA:19,0
DA:21,0
DA:22,0
DA:23,0
DA:24,0
DA:27,0
DA:28,0
DA:29,0
DA:32,0
DA:54,0
LF:12
LH:0
BRDA:22,0,0,0
BRDA:22,0,1,0
BRF:2
BRH:0
end_of_record
TN:
SF:src/components/chat/FeedbackDialog/index.ts
FNF:0
FNH:0
LF:0
LH:0
BRF:0
BRH:0
end_of_record
TN:
SF:src/components/chat/ReasoningSection/ReasoningSection.tsx
FN:16,(anonymous_0)
FN:26,(anonymous_1)
FN:52,(anonymous_2)
FN:69,computeSummary
FN:74,(anonymous_4)
FN:76,(anonymous_5)
FN:78,(anonymous_6)
FNF:7
FNH:7
FNDA:16,(anonymous_0)
FNDA:16,(anonymous_1)
FNDA:18,(anonymous_2)
FNDA:16,computeSummary
FNDA:18,(anonymous_4)
FNDA:18,(anonymous_5)
FNDA:18,(anonymous_6)
DA:16,1
DA:22,16
DA:24,16
DA:26,16
DA:28,16
DA:30,15
DA:53,18
DA:70,16
DA:71,15
DA:73,14
DA:74,18
DA:76,18
DA:77,14
DA:78,18
DA:80,14
DA:81,14
DA:83,14
DA:84,14
DA:85,16
DA:86,4
DA:88,14
DA:90,14
LF:22
LH:22
BRDA:20,0,0,16
BRDA:24,1,0,16
BRDA:24,1,1,15
BRDA:28,2,0,1
BRDA:28,2,1,15
BRDA:39,3,0,14
BRDA:39,3,1,1
BRDA:44,4,0,16
BRDA:44,4,1,1
BRDA:50,5,0,16
BRDA:50,5,1,14
BRDA:57,6,0,18
BRDA:57,6,1,0
BRDA:57,6,2,0
BRDA:70,7,0,1
BRDA:70,7,1,15
BRDA:71,8,0,1
BRDA:71,8,1,14
BRDA:78,9,0,18
BRDA:78,9,1,0
BRDA:84,10,0,2
BRDA:84,10,1,12
BRDA:85,11,0,4
BRDA:85,11,1,12
BRDA:86,12,0,1
BRDA:86,12,1,3
BRF:26
BRH:23
end_of_record
TN:
SF:src/components/chat/ReasoningSection/ReasoningStepItem.tsx
FN:14,(anonymous_0)
FN:36,(anonymous_1)
FN:52,(anonymous_2)
FN:67,(anonymous_3)
FN:79,(anonymous_4)
FN:82,(anonymous_5)
FN:104,(anonymous_6)
FN:119,(anonymous_7)
FNF:8
FNH:6
FNDA:18,(anonymous_0)
FNDA:18,(anonymous_1)
FNDA:18,(anonymous_2)
FNDA:18,(anonymous_3)
FNDA:12,(anonymous_4)
FNDA:0,(anonymous_5)
FNDA:5,(anonymous_6)
FNDA:0,(anonymous_7)
DA:14,1
DA:15,18
DA:19,18
DA:36,1
DA:37,18
DA:45,18
DA:52,1
DA:53,18
DA:55,10
DA:57,5
DA:59,1
DA:61,1
DA:63,1
DA:67,1
DA:68,18
DA:69,5
DA:72,13
DA:74,13
DA:80,12
DA:83,0
DA:84,0
DA:85,0
DA:86,0
DA:88,0
DA:104,1
DA:105,5
DA:120,0
LF:27
LH:21
BRDA:15,0,0,18
BRDA:15,0,1,0
BRDA:26,1,0,18
BRDA:26,1,1,18
BRDA:29,2,0,18
BRDA:29,2,1,0
BRDA:46,3,0,0
BRDA:46,3,1,18
BRDA:53,4,0,10
BRDA:53,4,1,5
BRDA:53,4,2,1
BRDA:53,4,3,1
BRDA:53,4,4,1
BRDA:57,5,0,5
BRDA:57,5,1,0
BRDA:61,6,0,1
BRDA:61,6,1,0
BRDA:68,7,0,5
BRDA:68,7,1,13
BRDA:72,8,0,0
BRDA:72,8,1,13
BRDA:72,9,0,13
BRDA:72,9,1,0
BRDA:83,10,0,0
BRDA:83,10,1,0
BRDA:84,11,0,0
BRDA:84,11,1,0
BRDA:85,12,0,0
BRDA:85,12,1,0
BRDA:99,13,0,13
BRDA:99,13,1,0
BRDA:107,14,0,5
BRDA:107,14,1,2
BRDA:113,15,0,5
BRDA:113,15,1,0
BRDA:129,16,0,5
BRDA:129,16,1,1
BRDA:135,17,0,5
BRDA:135,17,1,0
BRDA:135,17,2,0
BRF:40
BRH:23
end_of_record
TN:
SF:src/components/chat/ReasoningSection/index.ts
FNF:0
FNH:0
LF:0
LH:0
BRF:0
BRH:0
end_of_record
TN:
SF:src/components/common/index.ts
FNF:0
FNH:0
LF:0
LH:0
BRF:0
BRH:0
end_of_record
TN:
SF:src/components/common/AddPrincipalDialog/AddPrincipalDialog.tsx
FN:81,(anonymous_0)
FN:126,(anonymous_1)
FN:134,(anonymous_2)
FN:141,(anonymous_3)
FN:148,(anonymous_4)
FN:156,(anonymous_5)
FN:157,(anonymous_6)
FN:162,(anonymous_7)
FN:165,(anonymous_8)
FN:197,(anonymous_9)
FN:209,(anonymous_10)
FN:210,(anonymous_11)
FN:217,(anonymous_12)
FN:221,(anonymous_13)
FN:222,(anonymous_14)
FN:223,(anonymous_15)
FN:231,(anonymous_16)
FN:232,(anonymous_17)
FN:232,(anonymous_18)
FN:236,(anonymous_19)
FN:238,(anonymous_20)
FN:241,(anonymous_21)
FN:251,(anonymous_22)
FN:254,(anonymous_23)
FN:257,(anonymous_24)
FN:263,(anonymous_25)
FN:264,(anonymous_26)
FN:288,(anonymous_27)
FN:301,(anonymous_28)
FN:342,(anonymous_29)
FN:346,(anonymous_30)
FN:354,(anonymous_31)
FN:368,(anonymous_32)
FN:372,(anonymous_33)
FN:409,(anonymous_34)
FN:410,(anonymous_35)
FN:413,(anonymous_36)
FN:423,(anonymous_37)
FN:432,(anonymous_38)
FN:462,(anonymous_39)
FN:463,(anonymous_40)
FN:466,(anonymous_41)
FN:476,(anonymous_42)
FN:484,(anonymous_43)
FN:507,(anonymous_44)
FN:508,(anonymous_45)
FN:511,(anonymous_46)
FN:521,(anonymous_47)
FN:529,(anonymous_48)
FN:566,(anonymous_49)
FN:570,(anonymous_50)
FN:574,(anonymous_51)
FN:595,(anonymous_52)
FN:598,(anonymous_53)
FN:602,(anonymous_54)
FNF:55
FNH:0
FNDA:0,(anonymous_0)
FNDA:0,(anonymous_1)
FNDA:0,(anonymous_2)
FNDA:0,(anonymous_3)
FNDA:0,(anonymous_4)
FNDA:0,(anonymous_5)
FNDA:0,(anonymous_6)
FNDA:0,(anonymous_7)
FNDA:0,(anonymous_8)
FNDA:0,(anonymous_9)
FNDA:0,(anonymous_10)
FNDA:0,(anonymous_11)
FNDA:0,(anonymous_12)
FNDA:0,(anonymous_13)
FNDA:0,(anonymous_14)
FNDA:0,(anonymous_15)
FNDA:0,(anonymous_16)
FNDA:0,(anonymous_17)
FNDA:0,(anonymous_18)
FNDA:0,(anonymous_19)
FNDA:0,(anonymous_20)
FNDA:0,(anonymous_21)
FNDA:0,(anonymous_22)
FNDA:0,(anonymous_23)
FNDA:0,(anonymous_24)
FNDA:0,(anonymous_25)
FNDA:0,(anonymous_26)
FNDA:0,(anonymous_27)
FNDA:0,(anonymous_28)
FNDA:0,(anonymous_29)
FNDA:0,(anonymous_30)
FNDA:0,(anonymous_31)
FNDA:0,(anonymous_32)
FNDA:0,(anonymous_33)
FNDA:0,(anonymous_34)
FNDA:0,(anonymous_35)
FNDA:0,(anonymous_36)
FNDA:0,(anonymous_37)
FNDA:0,(anonymous_38)
FNDA:0,(anonymous_39)
FNDA:0,(anonymous_40)
FNDA:0,(anonymous_41)
FNDA:0,(anonymous_42)
FNDA:0,(anonymous_43)
FNDA:0,(anonymous_44)
FNDA:0,(anonymous_45)
FNDA:0,(anonymous_46)
FNDA:0,(anonymous_47)
FNDA:0,(anonymous_48)
FNDA:0,(anonymous_49)
FNDA:0,(anonymous_50)
FNDA:0,(anonymous_51)
FNDA:0,(anonymous_52)
FNDA:0,(anonymous_53)
FNDA:0,(anonymous_54)
DA:71,2
DA:72,2
DA:75,2
DA:81,2
DA:91,0
DA:94,0
DA:95,0
DA:96,0
DA:99,0
DA:102,0
DA:103,0
DA:104,0
DA:105,0
DA:108,0
DA:109,0
DA:110,0
DA:113,0
DA:114,0
DA:117,0
DA:120,0
DA:121,0
DA:122,0
DA:125,0
DA:127,0
DA:133,0
DA:134,0
DA:141,0
DA:148,0
DA:157,0
DA:162,0
DA:163,0
DA:165,0
DA:166,0
DA:167,0
DA:168,0
DA:170,0
DA:171,0
DA:181,0
DA:182,0
DA:183,0
DA:185,0
DA:187,0
DA:188,0
DA:189,0
DA:193,0
DA:197,0
DA:198,0
DA:199,0
DA:200,0
DA:201,0
DA:202,0
DA:203,0
DA:204,0
DA:209,0
DA:210,0
DA:211,0
DA:212,0
DA:216,0
DA:217,0
DA:221,0
DA:222,0
DA:223,0
DA:224,0
DA:225,0
DA:226,0
DA:227,0
DA:231,0
DA:232,0
DA:236,0
DA:237,0
DA:238,0
DA:239,0
DA:240,0
DA:241,0
DA:243,0
DA:246,0
DA:251,0
DA:252,0
DA:253,0
DA:254,0
DA:255,0
DA:257,0
DA:258,0
DA:259,0
DA:261,0
DA:262,0
DA:263,0
DA:264,0
DA:265,0
DA:266,0
DA:268,0
DA:269,0
DA:270,0
DA:271,0
DA:272,0
DA:279,0
DA:280,0
DA:281,0
DA:282,0
DA:283,0
DA:288,0
DA:289,0
DA:291,0
DA:292,0
DA:293,0
DA:294,0
DA:296,0
DA:301,0
DA:302,0
DA:304,0
DA:306,0
DA:308,0
DA:310,0
DA:314,0
DA:315,0
DA:318,0
DA:320,0
DA:342,0
DA:347,0
DA:355,0
DA:356,0
DA:369,0
DA:370,0
DA:372,0
DA:410,0
DA:414,0
DA:415,0
DA:416,0
DA:424,0
DA:425,0
DA:432,0
DA:463,0
DA:467,0
DA:468,0
DA:469,0
DA:477,0
DA:478,0
DA:484,0
DA:508,0
DA:512,0
DA:513,0
DA:514,0
DA:522,0
DA:523,0
DA:529,0
DA:567,0
DA:570,0
DA:574,0
DA:595,0
DA:599,0
DA:602,0
LF:151
LH:4
BRDA:85,0,0,0
BRDA:86,1,0,0
BRDA:87,2,0,0
BRDA:88,3,0,0
BRDA:114,4,0,0
BRDA:114,4,1,0
BRDA:114,5,0,0
BRDA:114,5,1,0
BRDA:127,6,0,0
BRDA:127,6,1,0
BRDA:127,6,2,0
BRDA:157,7,0,0
BRDA:157,7,1,0
BRDA:163,8,0,0
BRDA:163,8,1,0
BRDA:163,9,0,0
BRDA:163,9,1,0
BRDA:163,9,2,0
BRDA:177,10,0,0
BRDA:177,10,1,0
BRDA:181,11,0,0
BRDA:181,11,1,0
BRDA:182,12,0,0
BRDA:182,12,1,0
BRDA:183,13,0,0
BRDA:183,13,1,0
BRDA:198,14,0,0
BRDA:198,14,1,0
BRDA:201,15,0,0
BRDA:201,15,1,0
BRDA:201,16,0,0
BRDA:201,16,1,0
BRDA:211,17,0,0
BRDA:211,17,1,0
BRDA:211,18,0,0
BRDA:211,18,1,0
BRDA:222,19,0,0
BRDA:222,19,1,0
BRDA:237,20,0,0
BRDA:237,20,1,0
BRDA:239,21,0,0
BRDA:239,21,1,0
BRDA:240,22,0,0
BRDA:240,22,1,0
BRDA:252,23,0,0
BRDA:252,23,1,0
BRDA:255,24,0,0
BRDA:255,24,1,0
BRDA:261,25,0,0
BRDA:261,25,1,0
BRDA:263,26,0,0
BRDA:263,26,1,0
BRDA:268,27,0,0
BRDA:268,27,1,0
BRDA:268,28,0,0
BRDA:268,28,1,0
BRDA:271,29,0,0
BRDA:271,29,1,0
BRDA:279,30,0,0
BRDA:279,30,1,0
BRDA:282,31,0,0
BRDA:282,31,1,0
BRDA:282,32,0,0
BRDA:282,32,1,0
BRDA:282,32,2,0
BRDA:289,33,0,0
BRDA:289,33,1,0
BRDA:289,34,0,0
BRDA:289,34,1,0
BRDA:302,35,0,0
BRDA:302,35,1,0
BRDA:302,35,2,0
BRDA:302,35,3,0
BRDA:314,36,0,0
BRDA:314,36,1,0
BRDA:314,36,2,0
BRDA:315,37,0,0
BRDA:315,37,1,0
BRDA:315,37,2,0
BRDA:375,38,0,0
BRDA:375,38,1,0
BRDA:381,39,0,0
BRDA:381,39,1,0
BRDA:387,40,0,0
BRDA:387,40,1,0
BRDA:389,41,0,0
BRDA:389,41,1,0
BRDA:389,42,0,0
BRDA:389,42,1,0
BRDA:393,43,0,0
BRDA:393,43,1,0
BRDA:402,44,0,0
BRDA:402,44,1,0
BRDA:410,45,0,0
BRDA:410,45,1,0
BRDA:421,46,0,0
BRDA:421,46,1,0
BRDA:440,47,0,0
BRDA:440,47,1,0
BRDA:454,48,0,0
BRDA:454,48,1,0
BRDA:456,49,0,0
BRDA:456,49,1,0
BRDA:463,50,0,0
BRDA:463,50,1,0
BRDA:474,51,0,0
BRDA:474,51,1,0
BRDA:499,52,0,0
BRDA:499,52,1,0
BRDA:501,53,0,0
BRDA:501,53,1,0
BRDA:501,53,2,0
BRDA:508,54,0,0
BRDA:508,54,1,0
BRDA:519,55,0,0
BRDA:519,55,1,0
BRDA:537,56,0,0
BRDA:537,56,1,0
BRDA:560,57,0,0
BRDA:560,57,1,0
BRDA:564,58,0,0
BRDA:564,58,1,0
BRDA:569,59,0,0
BRDA:569,59,1,0
BRDA:580,60,0,0
BRDA:580,60,1,0
BRDA:594,61,0,0
BRDA:594,61,1,0
BRDA:601,62,0,0
BRDA:601,62,1,0
BRDA:611,63,0,0
BRDA:611,63,1,0
BRDA:636,64,0,0
BRDA:636,64,1,0
BRF:134
BRH:0
end_of_record
TN:
SF:src/components/common/AddPrincipalDialog/index.ts
FNF:0
FNH:0
LF:0
LH:0
BRF:0
BRH:0
end_of_record
TN:
SF:src/components/common/Breadcrumbs/Breadcrumbs.tsx
FN:16,(anonymous_0)
FN:24,(anonymous_1)
FN:40,(anonymous_2)
FNF:3
FNH:0
FNDA:0,(anonymous_0)
FNDA:0,(anonymous_1)
FNDA:0,(anonymous_2)
DA:16,2
DA:17,0
DA:19,0
DA:25,0
DA:27,0
DA:28,0
DA:35,0
DA:41,0
DA:42,0
DA:43,0
LF:10
LH:1
BRDA:27,0,0,0
BRDA:27,0,1,0
BRDA:27,1,0,0
BRDA:27,1,1,0
BRDA:29,2,0,0
BRDA:29,2,1,0
BRDA:42,3,0,0
BRDA:42,3,1,0
BRF:8
BRH:0
end_of_record
TN:
SF:src/components/common/Breadcrumbs/index.ts
FNF:0
FNH:0
LF:0
LH:0
BRF:0
BRH:0
end_of_record
TN:
SF:src/components/common/CommandPalette/CommandPalette.tsx
FN:46,(anonymous_0)
FN:55,(anonymous_1)
FN:57,(anonymous_2)
FN:65,(anonymous_3)
FN:79,(anonymous_4)
FN:87,(anonymous_5)
FN:101,(anonymous_6)
FN:116,(anonymous_7)
FN:123,(anonymous_8)
FN:125,(anonymous_9)
FN:136,(anonymous_10)
FN:140,(anonymous_11)
FN:145,(anonymous_12)
FN:156,(anonymous_13)
FN:180,(anonymous_14)
FN:186,(anonymous_15)
FN:212,(anonymous_16)
FN:216,(anonymous_17)
FN:234,(anonymous_18)
FN:245,(anonymous_19)
FN:256,(anonymous_20)
FN:284,(anonymous_21)
FN:295,(anonymous_22)
FN:306,(anonymous_23)
FN:317,(anonymous_24)
FN:328,(anonymous_25)
FN:339,(anonymous_26)
FNF:27
FNH:3
FNDA:0,(anonymous_0)
FNDA:0,(anonymous_1)
FNDA:0,(anonymous_2)
FNDA:22,(anonymous_3)
FNDA:13,(anonymous_4)
FNDA:13,(anonymous_5)
FNDA:0,(anonymous_6)
FNDA:0,(anonymous_7)
FNDA:0,(anonymous_8)
FNDA:0,(anonymous_9)
FNDA:0,(anonymous_10)
FNDA:0,(anonymous_11)
FNDA:0,(anonymous_12)
FNDA:0,(anonymous_13)
FNDA:0,(anonymous_14)
FNDA:0,(anonymous_15)
FNDA:0,(anonymous_16)
FNDA:0,(anonymous_17)
FNDA:0,(anonymous_18)
FNDA:0,(anonymous_19)
FNDA:0,(anonymous_20)
FNDA:0,(anonymous_21)
FNDA:0,(anonymous_22)
FNDA:0,(anonymous_23)
FNDA:0,(anonymous_24)
FNDA:0,(anonymous_25)
FNDA:0,(anonymous_26)
DA:25,2
DA:26,2
DA:27,2
DA:34,2
DA:40,2
DA:46,2
DA:47,0
DA:48,0
DA:49,0
DA:51,0
DA:55,2
DA:56,0
DA:57,0
DA:58,0
DA:59,0
DA:65,2
DA:66,22
DA:67,22
DA:68,22
DA:69,22
DA:70,22
DA:71,22
DA:73,22
DA:74,22
DA:75,22
DA:76,22
DA:77,22
DA:79,22
DA:80,13
DA:81,0
DA:82,0
DA:83,0
DA:87,22
DA:88,13
DA:90,0
DA:91,0
DA:94,0
DA:95,0
DA:96,0
DA:97,0
DA:100,0
DA:101,0
DA:102,0
DA:103,0
DA:107,0
DA:109,0
DA:110,0
DA:112,0
DA:116,0
DA:117,0
DA:118,0
DA:123,22
DA:125,22
DA:126,0
DA:127,0
DA:128,0
DA:129,0
DA:131,0
DA:132,0
DA:136,22
DA:137,0
DA:140,22
DA:141,0
DA:142,0
DA:145,22
DA:146,0
DA:147,0
DA:150,22
DA:152,0
DA:154,0
DA:156,0
DA:181,0
DA:182,0
DA:186,0
DA:213,0
DA:216,0
DA:234,0
DA:245,0
DA:256,0
DA:284,0
DA:295,0
DA:306,0
DA:317,0
DA:328,0
DA:339,0
LF:85
LH:29
BRDA:49,0,0,0
BRDA:49,0,1,0
BRDA:80,1,0,0
BRDA:80,1,1,13
BRDA:88,2,0,13
BRDA:88,2,1,0
BRDA:88,3,0,13
BRDA:88,3,1,0
BRDA:88,3,2,0
BRDA:90,4,0,0
BRDA:90,4,1,0
BRDA:94,5,0,0
BRDA:94,5,1,0
BRDA:117,6,0,0
BRDA:117,6,1,0
BRDA:127,7,0,0
BRDA:127,7,1,0
BRDA:128,8,0,0
BRDA:128,8,1,0
BRDA:150,9,0,22
BRDA:150,9,1,0
BRDA:166,10,0,0
BRDA:166,10,1,0
BRDA:172,11,0,22
BRDA:172,11,1,0
BRDA:172,11,2,0
BRDA:172,11,3,0
BRDA:178,12,0,22
BRDA:178,12,1,0
BRDA:178,12,2,0
BRDA:178,12,3,0
BRDA:181,13,0,0
BRDA:181,13,1,0
BRDA:195,14,0,0
BRDA:195,14,1,0
BRDA:202,15,0,0
BRDA:202,15,1,0
BRDA:202,16,0,0
BRDA:202,16,1,0
BRDA:210,17,0,22
BRDA:210,17,1,0
BRDA:210,17,2,0
BRDA:229,18,0,22
BRDA:229,18,1,0
BRDA:271,19,0,0
BRDA:271,19,1,0
BRDA:275,20,0,0
BRDA:275,20,1,0
BRF:48
BRH:8
end_of_record
TN:
SF:src/components/common/CommandPalette/index.ts
FNF:0
FNH:0
LF:0
LH:0
BRF:0
BRH:0
end_of_record
TN:
SF:src/components/common/ConfirmDeleteDialog/ConfirmDeleteDialog.tsx
FN:18,(anonymous_0)
FN:30,(anonymous_1)
FNF:2
FNH:0
FNDA:0,(anonymous_0)
FNDA:0,(anonymous_1)
DA:18,2
DA:30,0
DA:31,0
DA:35,0
DA:40,0
LF:5
LH:1
BRDA:22,0,0,0
BRDA:25,1,0,0
BRDA:26,2,0,0
BRDA:27,3,0,0
BRDA:28,4,0,0
BRDA:35,5,0,0
BRDA:35,5,1,0
BRDA:35,6,0,0
BRDA:35,6,1,0
BRDA:79,7,0,0
BRDA:79,7,1,0
BRF:11
BRH:0
end_of_record
TN:
SF:src/components/common/ConfirmDeleteDialog/index.ts
FNF:0
FNH:0
LF:0
LH:0
BRF:0
BRH:0
end_of_record
TN:
SF:src/components/common/DataTable/DataTable.tsx
FN:49,(anonymous_0)
FN:103,(anonymous_1)
FN:109,(anonymous_2)
FN:117,(anonymous_3)
FN:118,(anonymous_4)
FN:124,(anonymous_5)
FN:128,(anonymous_6)
FN:143,(anonymous_7)
FN:156,(anonymous_8)
FN:163,(anonymous_9)
FN:178,(anonymous_10)
FN:183,(anonymous_11)
FN:194,(anonymous_12)
FN:205,(anonymous_13)
FN:207,(anonymous_14)
FN:208,(anonymous_15)
FN:217,(anonymous_16)
FN:218,(anonymous_17)
FN:229,(anonymous_18)
FN:233,(anonymous_19)
FN:237,(anonymous_20)
FN:241,(anonymous_21)
FN:248,(anonymous_22)
FN:287,(anonymous_23)
FN:318,(anonymous_24)
FN:368,(anonymous_25)
FNF:26
FNH:0
FNDA:0,(anonymous_0)
FNDA:0,(anonymous_1)
FNDA:0,(anonymous_2)
FNDA:0,(anonymous_3)
FNDA:0,(anonymous_4)
FNDA:0,(anonymous_5)
FNDA:0,(anonymous_6)
FNDA:0,(anonymous_7)
FNDA:0,(anonymous_8)
FNDA:0,(anonymous_9)
FNDA:0,(anonymous_10)
FNDA:0,(anonymous_11)
FNDA:0,(anonymous_12)
FNDA:0,(anonymous_13)
FNDA:0,(anonymous_14)
FNDA:0,(anonymous_15)
FNDA:0,(anonymous_16)
FNDA:0,(anonymous_17)
FNDA:0,(anonymous_18)
FNDA:0,(anonymous_19)
FNDA:0,(anonymous_20)
FNDA:0,(anonymous_21)
FNDA:0,(anonymous_22)
FNDA:0,(anonymous_23)
FNDA:0,(anonymous_24)
FNDA:0,(anonymous_25)
DA:49,2
DA:86,0
DA:87,0
DA:88,0
DA:89,0
DA:90,0
DA:92,0
DA:94,0
DA:95,0
DA:97,0
DA:98,0
DA:100,0
DA:101,0
DA:103,0
DA:104,0
DA:106,0
DA:107,0
DA:108,0
DA:110,0
DA:116,0
DA:117,0
DA:118,0
DA:122,0
DA:123,0
DA:124,0
DA:127,0
DA:128,0
DA:129,0
DA:131,0
DA:133,0
DA:137,0
DA:142,0
DA:143,0
DA:144,0
DA:145,0
DA:146,0
DA:150,0
DA:153,0
DA:154,0
DA:156,0
DA:157,0
DA:159,0
DA:160,0
DA:162,0
DA:164,0
DA:165,0
DA:166,0
DA:176,0
DA:178,0
DA:179,0
DA:183,0
DA:184,0
DA:185,0
DA:187,0
DA:189,0
DA:190,0
DA:194,0
DA:195,0
DA:196,0
DA:198,0
DA:200,0
DA:201,0
DA:205,0
DA:206,0
DA:207,0
DA:208,0
DA:210,0
DA:213,0
DA:215,0
DA:217,0
DA:218,0
DA:219,0
DA:220,0
DA:221,0
DA:223,0
DA:225,0
DA:229,0
DA:230,0
DA:231,0
DA:233,0
DA:237,0
DA:238,0
DA:241,0
DA:242,0
DA:243,0
DA:244,0
DA:248,0
DA:249,0
DA:250,0
DA:251,0
DA:255,0
DA:287,0
DA:319,0
DA:369,0
LF:94
LH:1
BRDA:51,0,0,0
BRDA:52,1,0,0
BRDA:53,2,0,0
BRDA:54,3,0,0
BRDA:55,4,0,0
BRDA:56,5,0,0
BRDA:57,6,0,0
BRDA:58,7,0,0
BRDA:82,8,0,0
BRDA:94,9,0,0
BRDA:94,9,1,0
BRDA:97,10,0,0
BRDA:97,10,1,0
BRDA:98,11,0,0
BRDA:98,11,1,0
BRDA:100,12,0,0
BRDA:100,12,1,0
BRDA:106,13,0,0
BRDA:106,13,1,0
BRDA:106,14,0,0
BRDA:106,14,1,0
BRDA:110,15,0,0
BRDA:110,15,1,0
BRDA:110,15,2,0
BRDA:116,16,0,0
BRDA:116,16,1,0
BRDA:116,17,0,0
BRDA:116,17,1,0
BRDA:122,18,0,0
BRDA:122,18,1,0
BRDA:122,19,0,0
BRDA:122,19,1,0
BRDA:127,20,0,0
BRDA:127,20,1,0
BRDA:129,21,0,0
BRDA:129,21,1,0
BRDA:129,21,2,0
BRDA:129,21,3,0
BRDA:129,21,4,0
BRDA:142,22,0,0
BRDA:142,22,1,0
BRDA:144,23,0,0
BRDA:144,23,1,0
BRDA:145,24,0,0
BRDA:145,24,1,0
BRDA:157,25,0,0
BRDA:157,25,1,0
BRDA:157,26,0,0
BRDA:157,26,1,0
BRDA:157,26,2,0
BRDA:157,26,3,0
BRDA:160,27,0,0
BRDA:160,27,1,0
BRDA:165,28,0,0
BRDA:165,28,1,0
BRDA:165,29,0,0
BRDA:165,29,1,0
BRDA:165,29,2,0
BRDA:184,30,0,0
BRDA:184,30,1,0
BRDA:189,31,0,0
BRDA:189,31,1,0
BRDA:195,32,0,0
BRDA:195,32,1,0
BRDA:200,33,0,0
BRDA:200,33,1,0
BRDA:213,34,0,0
BRDA:213,34,1,0
BRDA:215,35,0,0
BRDA:215,35,1,0
BRDA:220,36,0,0
BRDA:220,36,1,0
BRDA:230,37,0,0
BRDA:230,37,1,0
BRDA:242,38,0,0
BRDA:242,38,1,0
BRDA:242,39,0,0
BRDA:242,39,1,0
BRDA:249,40,0,0
BRDA:249,40,1,0
BRDA:249,41,0,0
BRDA:249,41,1,0
BRDA:270,42,0,0
BRDA:270,42,1,0
BRDA:270,42,2,0
BRDA:274,43,0,0
BRDA:274,43,1,0
BRDA:282,44,0,0
BRDA:282,44,1,0
BRDA:282,44,2,0
BRDA:292,45,0,0
BRDA:292,45,1,0
BRDA:316,46,0,0
BRDA:316,46,1,0
BRDA:341,47,0,0
BRDA:341,47,1,0
BRDA:348,48,0,0
BRDA:348,48,1,0
BRDA:348,49,0,0
BRDA:348,49,1,0
BRDA:355,50,0,0
BRDA:355,50,1,0
BRDA:355,50,2,0
BRDA:387,51,0,0
BRDA:387,51,1,0
BRDA:388,52,0,0
BRDA:388,52,1,0
BRDA:392,53,0,0
BRDA:392,53,1,0
BRDA:394,54,0,0
BRDA:394,54,1,0
BRF:111
BRH:0
end_of_record
TN:
SF:src/components/common/DataTable/DataTableRow.tsx
FN:66,(anonymous_0)
FN:97,(anonymous_1)
FN:100,(anonymous_2)
FN:110,(anonymous_3)
FN:118,(anonymous_4)
FN:119,(anonymous_5)
FN:128,(anonymous_6)
FN:161,(anonymous_7)
FN:177,(anonymous_8)
FN:178,(anonymous_9)
FN:187,(anonymous_10)
FN:188,(anonymous_11)
FN:191,(anonymous_12)
FN:204,(anonymous_13)
FN:207,(anonymous_14)
FN:217,(anonymous_15)
FN:222,(anonymous_16)
FN:225,(anonymous_17)
FN:235,(anonymous_18)
FN:246,(anonymous_19)
FN:257,(anonymous_20)
FN:267,(anonymous_21)
FN:277,(anonymous_22)
FN:290,(anonymous_23)
FNF:24
FNH:0
FNDA:0,(anonymous_0)
FNDA:0,(anonymous_1)
FNDA:0,(anonymous_2)
FNDA:0,(anonymous_3)
FNDA:0,(anonymous_4)
FNDA:0,(anonymous_5)
FNDA:0,(anonymous_6)
FNDA:0,(anonymous_7)
FNDA:0,(anonymous_8)
FNDA:0,(anonymous_9)
FNDA:0,(anonymous_10)
FNDA:0,(anonymous_11)
FNDA:0,(anonymous_12)
FNDA:0,(anonymous_13)
FNDA:0,(anonymous_14)
FNDA:0,(anonymous_15)
FNDA:0,(anonymous_16)
FNDA:0,(anonymous_17)
FNDA:0,(anonymous_18)
FNDA:0,(anonymous_19)
FNDA:0,(anonymous_20)
FNDA:0,(anonymous_21)
FNDA:0,(anonymous_22)
FNDA:0,(anonymous_23)
DA:64,2
DA:66,2
DA:86,0
DA:87,0
DA:88,0
DA:89,0
DA:90,0
DA:92,0
DA:93,0
DA:94,0
DA:95,0
DA:97,0
DA:98,0
DA:99,0
DA:100,0
DA:101,0
DA:105,0
DA:110,0
DA:118,0
DA:119,0
DA:129,0
DA:130,0
DA:162,0
DA:177,0
DA:178,0
DA:187,0
DA:188,0
DA:192,0
DA:204,0
DA:207,0
DA:217,0
DA:222,0
DA:226,0
DA:227,0
DA:236,0
DA:237,0
DA:247,0
DA:248,0
DA:258,0
DA:259,0
DA:268,0
DA:269,0
DA:278,0
DA:279,0
DA:291,0
DA:292,0
LF:46
LH:2
BRDA:68,0,0,0
BRDA:80,1,0,0
BRDA:82,2,0,0
BRDA:83,3,0,0
BRDA:86,4,0,0
BRDA:86,4,1,0
BRDA:87,5,0,0
BRDA:87,5,1,0
BRDA:93,6,0,0
BRDA:93,6,1,0
BRDA:98,7,0,0
BRDA:98,7,1,0
BRDA:107,8,0,0
BRDA:107,8,1,0
BRDA:107,9,0,0
BRDA:107,9,1,0
BRDA:107,10,0,0
BRDA:107,10,1,0
BRDA:111,11,0,0
BRDA:111,11,1,0
BRDA:115,12,0,0
BRDA:115,12,1,0
BRDA:115,12,2,0
BRDA:124,13,0,0
BRDA:124,13,1,0
BRDA:127,14,0,0
BRDA:127,14,1,0
BRDA:134,15,0,0
BRDA:134,15,1,0
BRDA:137,16,0,0
BRDA:137,16,1,0
BRDA:144,17,0,0
BRDA:144,17,1,0
BRDA:154,18,0,0
BRDA:154,18,1,0
BRDA:166,19,0,0
BRDA:166,19,1,0
BRDA:203,20,0,0
BRDA:203,20,1,0
BRDA:203,20,2,0
BRDA:210,21,0,0
BRDA:210,21,1,0
BRDA:231,22,0,0
BRDA:231,22,1,0
BRDA:231,22,2,0
BRDA:241,23,0,0
BRDA:241,23,1,0
BRDA:241,23,2,0
BRDA:252,24,0,0
BRDA:252,24,1,0
BRDA:252,24,2,0
BRDA:264,25,0,0
BRDA:264,25,1,0
BRDA:264,25,2,0
BRDA:264,25,3,0
BRDA:276,26,0,0
BRDA:276,26,1,0
BRDA:282,27,0,0
BRDA:282,27,1,0
BRDA:283,28,0,0
BRDA:283,28,1,0
BRDA:283,28,2,0
BRF:62
BRH:0
end_of_record
TN:
SF:src/components/common/DataTable/DataTableToolbar.tsx
FN:67,(anonymous_0)
FN:86,(anonymous_1)
FN:87,(anonymous_2)
FN:105,(anonymous_3)
FN:114,(anonymous_4)
FN:120,(anonymous_5)
FN:132,(anonymous_6)
FN:139,(anonymous_7)
FN:150,(anonymous_8)
FN:172,(anonymous_9)
FN:172,(anonymous_10)
FN:201,(anonymous_11)
FN:202,(anonymous_12)
FN:220,(anonymous_13)
FN:221,(anonymous_14)
FNF:15
FNH:0
FNDA:0,(anonymous_0)
FNDA:0,(anonymous_1)
FNDA:0,(anonymous_2)
FNDA:0,(anonymous_3)
FNDA:0,(anonymous_4)
FNDA:0,(anonymous_5)
FNDA:0,(anonymous_6)
FNDA:0,(anonymous_7)
FNDA:0,(anonymous_8)
FNDA:0,(anonymous_9)
FNDA:0,(anonymous_10)
FNDA:0,(anonymous_11)
FNDA:0,(anonymous_12)
FNDA:0,(anonymous_13)
FNDA:0,(anonymous_14)
DA:54,2
DA:61,2
DA:67,2
DA:80,0
DA:81,0
DA:82,0
DA:83,0
DA:86,0
DA:87,0
DA:88,0
DA:91,0
DA:93,0
DA:95,0
DA:96,0
DA:101,0
DA:102,0
DA:105,0
DA:106,0
DA:110,0
DA:114,0
DA:116,0
DA:117,0
DA:120,0
DA:121,0
DA:122,0
DA:123,0
DA:126,0
DA:132,0
DA:139,0
DA:150,0
DA:172,0
DA:202,0
DA:204,0
DA:221,0
LF:34
LH:3
BRDA:68,0,0,0
BRDA:69,1,0,0
BRDA:71,2,0,0
BRDA:73,3,0,0
BRDA:74,4,0,0
BRDA:77,5,0,0
BRDA:78,6,0,0
BRDA:91,7,0,0
BRDA:91,7,1,0
BRDA:91,8,0,0
BRDA:91,8,1,0
BRDA:95,9,0,0
BRDA:95,9,1,0
BRDA:101,10,0,0
BRDA:101,10,1,0
BRDA:111,11,0,0
BRDA:111,11,1,0
BRDA:112,12,0,0
BRDA:112,12,1,0
BRDA:135,13,0,0
BRDA:135,13,1,0
BRDA:146,14,0,0
BRDA:146,14,1,0
BRDA:156,15,0,0
BRDA:156,15,1,0
BRDA:176,16,0,0
BRDA:176,16,1,0
BRDA:223,17,0,0
BRDA:223,17,1,0
BRF:29
BRH:0
end_of_record
TN:
SF:src/components/common/DataTable/index.ts
FNF:0
FNH:0
LF:0
LH:0
BRF:0
BRH:0
end_of_record
TN:
SF:src/components/common/DelayedTooltip/DelayedTooltip.tsx
FN:14,(anonymous_0)
FNF:1
FNH:0
FNDA:0,(anonymous_0)
DA:14,2
DA:20,0
LF:2
LH:1
BRDA:16,0,0,0
BRF:1
BRH:0
end_of_record
TN:
SF:src/components/common/DelayedTooltip/index.ts
FNF:0
FNH:0
LF:0
LH:0
BRF:0
BRH:0
end_of_record
TN:
SF:src/components/common/DetailPageTabs/DetailPageTabs.tsx
FN:24,(anonymous_0)
FN:38,(anonymous_1)
FNF:2
FNH:0
FNDA:0,(anonymous_0)
FNDA:0,(anonymous_1)
DA:24,2
DA:32,0
DA:35,0
DA:36,0
DA:38,0
DA:39,0
DA:41,0
DA:42,0
DA:45,0
DA:49,0
LF:10
LH:1
BRDA:29,0,0,0
BRDA:30,1,0,0
BRDA:36,2,0,0
BRDA:36,2,1,0
BRDA:36,2,2,0
BRDA:39,3,0,0
BRDA:39,3,1,0
BRDA:41,4,0,0
BRDA:41,4,1,0
BRF:9
BRH:0
end_of_record
TN:
SF:src/components/common/DetailPageTabs/index.ts
FNF:0
FNH:0
LF:0
LH:0
BRF:0
BRH:0
end_of_record
TN:
SF:src/components/common/EditRolesDialog/EditRolesDialog.tsx
FN:38,(anonymous_0)
FN:51,(anonymous_1)
FN:64,(anonymous_2)
FN:79,(anonymous_3)
FN:88,(anonymous_4)
FN:95,(anonymous_5)
FN:96,(anonymous_6)
FN:100,(anonymous_7)
FN:107,(anonymous_8)
FN:123,(anonymous_9)
FN:167,(anonymous_10)
FN:171,(anonymous_11)
FN:175,(anonymous_12)
FNF:13
FNH:0
FNDA:0,(anonymous_0)
FNDA:0,(anonymous_1)
FNDA:0,(anonymous_2)
FNDA:0,(anonymous_3)
FNDA:0,(anonymous_4)
FNDA:0,(anonymous_5)
FNDA:0,(anonymous_6)
FNDA:0,(anonymous_7)
FNDA:0,(anonymous_8)
FNDA:0,(anonymous_9)
FNDA:0,(anonymous_10)
FNDA:0,(anonymous_11)
FNDA:0,(anonymous_12)
DA:38,2
DA:39,0
DA:41,0
DA:43,0
DA:45,0
DA:47,0
DA:51,2
DA:52,0
DA:54,0
DA:56,0
DA:58,0
DA:60,0
DA:64,2
DA:74,0
DA:75,0
DA:76,0
DA:79,0
DA:80,0
DA:81,0
DA:82,0
DA:87,0
DA:89,0
DA:95,0
DA:96,0
DA:97,0
DA:99,0
DA:100,0
DA:102,0
DA:107,0
DA:108,0
DA:110,0
DA:111,0
DA:112,0
DA:113,0
DA:115,0
DA:121,0
DA:123,0
DA:125,0
DA:168,0
DA:171,0
DA:175,0
LF:41
LH:3
BRDA:39,0,0,0
BRDA:39,0,1,0
BRDA:39,0,2,0
BRDA:39,0,3,0
BRDA:52,1,0,0
BRDA:52,1,1,0
BRDA:52,1,2,0
BRDA:52,1,3,0
BRDA:80,2,0,0
BRDA:80,2,1,0
BRDA:89,3,0,0
BRDA:89,3,1,0
BRDA:89,3,2,0
BRDA:97,4,0,0
BRDA:97,4,1,0
BRDA:99,5,0,0
BRDA:99,5,1,0
BRDA:108,6,0,0
BRDA:108,6,1,0
BRDA:121,7,0,0
BRDA:121,7,1,0
BRDA:121,7,2,0
BRDA:147,8,0,0
BRDA:147,8,1,0
BRDA:170,9,0,0
BRDA:170,9,1,0
BRDA:181,10,0,0
BRDA:181,10,1,0
BRDA:195,11,0,0
BRDA:195,11,1,0
BRDA:210,12,0,0
BRDA:210,12,1,0
BRF:32
BRH:0
end_of_record
TN:
SF:src/components/common/EditRolesDialog/index.ts
FNF:0
FNH:0
LF:0
LH:0
BRF:0
BRH:0
end_of_record
TN:
SF:src/components/common/EntityAvatar/EntityAvatar.tsx
FN:45,(anonymous_0)
FNF:1
FNH:0
FNDA:0,(anonymous_0)
DA:22,2
DA:29,2
DA:37,2
DA:45,2
DA:46,0
DA:47,0
DA:48,0
DA:50,0
LF:8
LH:4
BRDA:45,0,0,0
BRDA:46,1,0,0
BRDA:46,1,1,0
BRDA:47,2,0,0
BRDA:47,2,1,0
BRDA:48,3,0,0
BRDA:48,3,1,0
BRF:7
BRH:0
end_of_record
TN:
SF:src/components/common/EntityAvatar/index.ts
FNF:0
FNH:0
LF:0
LH:0
BRF:0
BRH:0
end_of_record
TN:
SF:src/components/common/EntityDetailsForm/EntityDetailsForm.tsx
FN:50,EntityDetailsForm
FN:63,(anonymous_1)
FN:67,(anonymous_2)
FN:80,(anonymous_3)
FN:84,(anonymous_4)
FN:94,(anonymous_5)
FN:98,(anonymous_6)
FN:103,(anonymous_7)
FN:113,(anonymous_8)
FN:138,(anonymous_9)
FN:166,(anonymous_10)
FN:240,(anonymous_11)
FN:250,(anonymous_12)
FN:302,(anonymous_13)
FNF:14
FNH:0
FNDA:0,EntityDetailsForm
FNDA:0,(anonymous_1)
FNDA:0,(anonymous_2)
FNDA:0,(anonymous_3)
FNDA:0,(anonymous_4)
FNDA:0,(anonymous_5)
FNDA:0,(anonymous_6)
FNDA:0,(anonymous_7)
FNDA:0,(anonymous_8)
FNDA:0,(anonymous_9)
FNDA:0,(anonymous_10)
FNDA:0,(anonymous_11)
FNDA:0,(anonymous_12)
FNDA:0,(anonymous_13)
DA:59,0
DA:60,0
DA:63,0
DA:64,0
DA:65,0
DA:66,0
DA:67,0
DA:68,0
DA:69,0
DA:72,0
DA:75,0
DA:80,0
DA:81,0
DA:82,0
DA:83,0
DA:84,0
DA:85,0
DA:86,0
DA:89,0
DA:90,0
DA:94,0
DA:95,0
DA:98,0
DA:99,0
DA:100,0
DA:103,0
DA:104,0
DA:105,0
DA:106,0
DA:107,0
DA:109,0
DA:113,0
DA:114,0
DA:115,0
DA:117,0
DA:118,0
DA:122,0
DA:123,0
DA:134,0
DA:135,0
DA:138,0
DA:143,0
DA:144,0
DA:146,0
DA:158,0
DA:159,0
DA:167,0
DA:182,0
DA:194,0
DA:206,0
DA:208,0
DA:220,0
DA:235,0
DA:240,0
DA:245,0
DA:250,0
DA:256,0
DA:260,0
DA:303,0
LF:59
LH:0
BRDA:52,0,0,0
BRDA:55,1,0,0
BRDA:57,2,0,0
BRDA:64,3,0,0
BRDA:64,3,1,0
BRDA:68,4,0,0
BRDA:68,4,1,0
BRDA:69,5,0,0
BRDA:69,5,1,0
BRDA:81,6,0,0
BRDA:81,6,1,0
BRDA:85,7,0,0
BRDA:85,7,1,0
BRDA:86,8,0,0
BRDA:86,8,1,0
BRDA:115,9,0,0
BRDA:115,9,1,0
BRDA:117,10,0,0
BRDA:117,10,1,0
BRDA:118,11,0,0
BRDA:118,11,1,0
BRDA:122,12,0,0
BRDA:122,12,1,0
BRDA:128,13,0,0
BRDA:128,13,1,0
BRDA:134,14,0,0
BRDA:134,14,1,0
BRDA:134,15,0,0
BRDA:134,15,1,0
BRDA:143,16,0,0
BRDA:143,16,1,0
BRDA:144,17,0,0
BRDA:144,17,1,0
BRDA:144,17,2,0
BRDA:144,17,3,0
BRDA:151,18,0,0
BRDA:151,18,1,0
BRDA:152,19,0,0
BRDA:152,19,1,0
BRDA:164,20,0,0
BRDA:164,20,1,0
BRDA:164,21,0,0
BRDA:164,21,1,0
BRDA:188,22,0,0
BRDA:188,22,1,0
BRDA:199,23,0,0
BRDA:199,23,1,0
BRDA:206,24,0,0
BRDA:206,24,1,0
BRDA:206,24,2,0
BRDA:206,24,3,0
BRDA:206,24,4,0
BRDA:249,25,0,0
BRDA:249,25,1,0
BRDA:267,26,0,0
BRDA:267,26,1,0
BRDA:267,26,2,0
BRDA:269,27,0,0
BRDA:269,27,1,0
BRDA:308,28,0,0
BRDA:308,28,1,0
BRF:61
BRH:0
end_of_record
TN:
SF:src/components/common/EntityDetailsForm/index.ts
FNF:0
FNH:0
LF:0
LH:0
BRF:0
BRH:0
end_of_record
TN:
SF:src/components/common/GenerateWithAIButton/GenerateWithAIButton.tsx
FN:19,(anonymous_0)
FN:35,(anonymous_1)
FNF:2
FNH:0
FNDA:0,(anonymous_0)
FNDA:0,(anonymous_1)
DA:19,2
DA:27,0
DA:28,0
DA:29,0
DA:31,0
DA:32,0
DA:35,0
DA:36,0
DA:38,0
DA:39,0
DA:40,0
DA:46,0
DA:50,0
DA:54,0
LF:14
LH:1
BRDA:25,0,0,0
BRDA:31,1,0,0
BRDA:31,1,1,0
BRDA:36,2,0,0
BRDA:36,2,1,0
BRDA:36,3,0,0
BRDA:36,3,1,0
BRDA:36,3,2,0
BRDA:60,4,0,0
BRDA:60,4,1,0
BRDA:60,4,2,0
BRDA:63,5,0,0
BRDA:63,5,1,0
BRF:13
BRH:0
end_of_record
TN:
SF:src/components/common/GenerateWithAIButton/index.ts
FNF:0
FNH:0
LF:0
LH:0
BRF:0
BRH:0
end_of_record
TN:
SF:src/components/common/ManageAccessTable/ManageAccessTable.tsx
FN:82,(anonymous_0)
FN:95,(anonymous_1)
FN:108,(anonymous_2)
FN:132,(anonymous_3)
FN:156,(anonymous_4)
FN:163,(anonymous_5)
FN:173,(anonymous_6)
FN:174,(anonymous_7)
FN:179,(anonymous_8)
FN:189,(anonymous_9)
FN:199,(anonymous_10)
FN:212,(anonymous_11)
FN:229,(anonymous_12)
FN:233,(anonymous_13)
FN:244,(anonymous_14)
FN:273,(anonymous_15)
FN:300,(anonymous_16)
FN:328,(anonymous_17)
FN:369,(anonymous_18)
FN:382,(anonymous_19)
FN:404,(anonymous_20)
FN:427,(anonymous_21)
FNF:22
FNH:0
FNDA:0,(anonymous_0)
FNDA:0,(anonymous_1)
FNDA:0,(anonymous_2)
FNDA:0,(anonymous_3)
FNDA:0,(anonymous_4)
FNDA:0,(anonymous_5)
FNDA:0,(anonymous_6)
FNDA:0,(anonymous_7)
FNDA:0,(anonymous_8)
FNDA:0,(anonymous_9)
FNDA:0,(anonymous_10)
FNDA:0,(anonymous_11)
FNDA:0,(anonymous_12)
FNDA:0,(anonymous_13)
FNDA:0,(anonymous_14)
FNDA:0,(anonymous_15)
FNDA:0,(anonymous_16)
FNDA:0,(anonymous_17)
FNDA:0,(anonymous_18)
FNDA:0,(anonymous_19)
FNDA:0,(anonymous_20)
FNDA:0,(anonymous_21)
DA:68,2
DA:74,2
DA:76,2
DA:82,2
DA:83,0
DA:85,0
DA:87,0
DA:89,0
DA:91,0
DA:95,2
DA:96,0
DA:98,0
DA:100,0
DA:102,0
DA:104,0
DA:108,2
DA:122,0
DA:125,0
DA:132,0
DA:133,0
DA:137,0
DA:138,0
DA:141,0
DA:144,0
DA:147,0
DA:153,0
DA:156,0
DA:157,0
DA:160,0
DA:161,0
DA:162,0
DA:164,0
DA:172,0
DA:173,0
DA:174,0
DA:179,0
DA:180,0
DA:181,0
DA:182,0
DA:185,0
DA:189,0
DA:190,0
DA:199,0
DA:200,0
DA:201,0
DA:202,0
DA:203,0
DA:204,0
DA:206,0
DA:211,0
DA:214,0
DA:220,0
DA:226,0
DA:228,0
DA:229,0
DA:230,0
DA:231,0
DA:233,0
DA:234,0
DA:235,0
DA:236,0
DA:244,0
DA:245,0
DA:248,0
DA:249,0
DA:256,0
DA:257,0
DA:264,0
DA:273,0
DA:301,0
DA:330,0
DA:331,0
DA:332,0
DA:335,0
DA:338,0
DA:340,0
DA:370,0
DA:383,0
DA:384,0
DA:405,0
DA:406,0
DA:427,0
LF:82
LH:6
BRDA:83,0,0,0
BRDA:83,0,1,0
BRDA:83,0,2,0
BRDA:83,0,3,0
BRDA:96,1,0,0
BRDA:96,1,1,0
BRDA:96,1,2,0
BRDA:96,1,3,0
BRDA:110,2,0,0
BRDA:111,3,0,0
BRDA:112,4,0,0
BRDA:116,5,0,0
BRDA:117,6,0,0
BRDA:118,7,0,0
BRDA:119,8,0,0
BRDA:160,9,0,0
BRDA:160,9,1,0
BRDA:164,10,0,0
BRDA:164,10,1,0
BRDA:164,10,2,0
BRDA:164,10,3,0
BRDA:172,11,0,0
BRDA:172,11,1,0
BRDA:180,12,0,0
BRDA:180,12,1,0
BRDA:181,13,0,0
BRDA:181,13,1,0
BRDA:200,14,0,0
BRDA:200,14,1,0
BRDA:214,15,0,0
BRDA:214,15,1,0
BRDA:215,16,0,0
BRDA:215,16,1,0
BRDA:215,16,2,0
BRDA:215,16,3,0
BRDA:248,17,0,0
BRDA:248,17,1,0
BRDA:256,18,0,0
BRDA:256,18,1,0
BRDA:307,19,0,0
BRDA:307,19,1,0
BRDA:313,20,0,0
BRDA:313,20,1,0
BRDA:314,21,0,0
BRDA:314,21,1,0
BRDA:316,22,0,0
BRDA:316,22,1,0
BRDA:319,23,0,0
BRDA:319,23,1,0
BRDA:331,24,0,0
BRDA:331,24,1,0
BRDA:331,24,2,0
BRDA:335,25,0,0
BRDA:335,25,1,0
BRDA:347,26,0,0
BRDA:347,26,1,0
BRDA:347,27,0,0
BRDA:347,27,1,0
BRDA:350,28,0,0
BRDA:350,28,1,0
BRDA:356,29,0,0
BRDA:356,29,1,0
BRDA:356,29,2,0
BRDA:371,30,0,0
BRDA:371,30,1,0
BRDA:383,31,0,0
BRDA:383,31,1,0
BRDA:395,32,0,0
BRDA:395,32,1,0
BRDA:398,33,0,0
BRDA:398,33,1,0
BRDA:405,34,0,0
BRDA:405,34,1,0
BRDA:430,35,0,0
BRDA:430,35,1,0
BRF:75
BRH:0
end_of_record
TN:
SF:src/components/common/ManageAccessTable/index.ts
FNF:0
FNH:0
LF:0
LH:0
BRF:0
BRH:0
end_of_record
TN:
SF:src/components/common/ManageTenantAccessTable/ManageTenantAccessTable.tsx
FN:129,(anonymous_0)
FN:142,(anonymous_1)
FN:156,(anonymous_2)
FN:170,(anonymous_3)
FN:172,(anonymous_4)
FN:177,(anonymous_5)
FN:180,(anonymous_6)
FN:190,(anonymous_7)
FN:191,(anonymous_8)
FN:199,(anonymous_9)
FN:209,(anonymous_10)
FN:231,(anonymous_11)
FN:232,(anonymous_12)
FN:233,(anonymous_13)
FN:247,(anonymous_14)
FN:248,(anonymous_15)
FN:251,(anonymous_16)
FN:270,(anonymous_17)
FN:314,(anonymous_18)
FN:321,(anonymous_19)
FN:328,(anonymous_20)
FN:333,(anonymous_21)
FN:341,(anonymous_22)
FN:345,(anonymous_23)
FN:355,(anonymous_24)
FN:359,(anonymous_25)
FN:370,(anonymous_26)
FN:382,(anonymous_27)
FN:387,(anonymous_28)
FN:388,(anonymous_29)
FN:484,(anonymous_30)
FN:490,(anonymous_31)
FN:532,(anonymous_32)
FN:537,(anonymous_33)
FN:552,(anonymous_34)
FN:557,(anonymous_35)
FN:563,(anonymous_36)
FN:593,(anonymous_37)
FNF:38
FNH:0
FNDA:0,(anonymous_0)
FNDA:0,(anonymous_1)
FNDA:0,(anonymous_2)
FNDA:0,(anonymous_3)
FNDA:0,(anonymous_4)
FNDA:0,(anonymous_5)
FNDA:0,(anonymous_6)
FNDA:0,(anonymous_7)
FNDA:0,(anonymous_8)
FNDA:0,(anonymous_9)
FNDA:0,(anonymous_10)
FNDA:0,(anonymous_11)
FNDA:0,(anonymous_12)
FNDA:0,(anonymous_13)
FNDA:0,(anonymous_14)
FNDA:0,(anonymous_15)
FNDA:0,(anonymous_16)
FNDA:0,(anonymous_17)
FNDA:0,(anonymous_18)
FNDA:0,(anonymous_19)
FNDA:0,(anonymous_20)
FNDA:0,(anonymous_21)
FNDA:0,(anonymous_22)
FNDA:0,(anonymous_23)
FNDA:0,(anonymous_24)
FNDA:0,(anonymous_25)
FNDA:0,(anonymous_26)
FNDA:0,(anonymous_27)
FNDA:0,(anonymous_28)
FNDA:0,(anonymous_29)
FNDA:0,(anonymous_30)
FNDA:0,(anonymous_31)
FNDA:0,(anonymous_32)
FNDA:0,(anonymous_33)
FNDA:0,(anonymous_34)
FNDA:0,(anonymous_35)
FNDA:0,(anonymous_36)
FNDA:0,(anonymous_37)
DA:31,2
DA:56,2
DA:77,2
DA:129,2
DA:130,0
DA:132,0
DA:134,0
DA:136,0
DA:138,0
DA:142,2
DA:143,0
DA:145,0
DA:147,0
DA:149,0
DA:151,0
DA:156,2
DA:157,0
DA:159,0
DA:161,0
DA:163,0
DA:165,0
DA:170,2
DA:171,0
DA:172,0
DA:173,0
DA:177,2
DA:179,0
DA:180,0
DA:181,0
DA:183,0
DA:184,0
DA:185,0
DA:186,0
DA:190,2
DA:191,0
DA:192,0
DA:193,0
DA:194,0
DA:199,2
DA:200,0
DA:202,0
DA:203,0
DA:204,0
DA:205,0
DA:207,0
DA:210,0
DA:231,0
DA:232,0
DA:233,0
DA:247,0
DA:248,0
DA:252,0
DA:270,2
DA:290,0
DA:292,0
DA:295,0
DA:296,0
DA:299,0
DA:302,0
DA:305,0
DA:311,0
DA:314,0
DA:315,0
DA:316,0
DA:321,0
DA:322,0
DA:323,0
DA:328,0
DA:329,0
DA:333,0
DA:334,0
DA:335,0
DA:336,0
DA:341,0
DA:342,0
DA:344,0
DA:346,0
DA:347,0
DA:353,0
DA:355,0
DA:359,0
DA:360,0
DA:361,0
DA:370,0
DA:371,0
DA:372,0
DA:373,0
DA:374,0
DA:375,0
DA:377,0
DA:382,0
DA:383,0
DA:387,0
DA:388,0
DA:393,0
DA:394,0
DA:395,0
DA:396,0
DA:397,0
DA:400,0
DA:402,0
DA:485,0
DA:487,0
DA:490,0
DA:532,0
DA:538,0
DA:539,0
DA:552,0
DA:557,0
DA:563,0
DA:593,0
LF:111
LH:11
BRDA:130,0,0,0
BRDA:130,0,1,0
BRDA:130,0,2,0
BRDA:130,0,3,0
BRDA:143,1,0,0
BRDA:143,1,1,0
BRDA:143,1,2,0
BRDA:143,1,3,0
BRDA:157,2,0,0
BRDA:157,2,1,0
BRDA:157,2,2,0
BRDA:157,2,3,0
BRDA:171,3,0,0
BRDA:171,3,1,0
BRDA:173,4,0,0
BRDA:173,4,1,0
BRDA:179,5,0,0
BRDA:179,5,1,0
BRDA:181,6,0,0
BRDA:181,6,1,0
BRDA:181,7,0,0
BRDA:181,7,1,0
BRDA:181,7,2,0
BRDA:183,8,0,0
BRDA:183,8,1,0
BRDA:183,9,0,0
BRDA:183,9,1,0
BRDA:184,10,0,0
BRDA:184,10,1,0
BRDA:185,11,0,0
BRDA:185,11,1,0
BRDA:192,12,0,0
BRDA:192,12,1,0
BRDA:193,13,0,0
BRDA:193,13,1,0
BRDA:220,14,0,0
BRDA:220,14,1,0
BRDA:272,15,0,0
BRDA:273,16,0,0
BRDA:274,17,0,0
BRDA:275,18,0,0
BRDA:276,19,0,0
BRDA:287,20,0,0
BRDA:290,21,0,0
BRDA:290,21,1,0
BRDA:295,22,0,0
BRDA:295,22,1,0
BRDA:299,23,0,0
BRDA:299,23,1,0
BRDA:315,24,0,0
BRDA:315,24,1,0
BRDA:315,25,0,0
BRDA:315,25,1,0
BRDA:322,26,0,0
BRDA:322,26,1,0
BRDA:335,27,0,0
BRDA:335,27,1,0
BRDA:342,28,0,0
BRDA:342,28,1,0
BRDA:342,29,0,0
BRDA:342,29,1,0
BRDA:342,29,2,0
BRDA:342,29,3,0
BRDA:346,30,0,0
BRDA:346,30,1,0
BRDA:346,31,0,0
BRDA:346,31,1,0
BRDA:346,31,2,0
BRDA:371,32,0,0
BRDA:371,32,1,0
BRDA:393,33,0,0
BRDA:393,33,1,0
BRDA:394,34,0,0
BRDA:394,34,1,0
BRDA:396,35,0,0
BRDA:396,35,1,0
BRDA:397,36,0,0
BRDA:397,36,1,0
BRDA:400,37,0,0
BRDA:400,37,1,0
BRDA:441,38,0,0
BRDA:441,38,1,0
BRDA:448,39,0,0
BRDA:448,39,1,0
BRDA:448,39,2,0
BRDA:458,40,0,0
BRDA:458,40,1,0
BRDA:468,41,0,0
BRDA:468,41,1,0
BRDA:473,42,0,0
BRDA:473,42,1,0
BRDA:474,43,0,0
BRDA:474,43,1,0
BRDA:474,44,0,0
BRDA:474,44,1,0
BRDA:484,45,0,0
BRDA:484,45,1,0
BRDA:490,46,0,0
BRDA:490,46,1,0
BRDA:491,47,0,0
BRDA:491,47,1,0
BRDA:501,48,0,0
BRDA:501,48,1,0
BRDA:503,49,0,0
BRDA:503,49,1,0
BRDA:506,50,0,0
BRDA:506,50,1,0
BRDA:511,51,0,0
BRDA:511,51,1,0
BRDA:511,51,2,0
BRDA:513,52,0,0
BRDA:513,52,1,0
BRDA:513,52,2,0
BRDA:515,53,0,0
BRDA:515,53,1,0
BRDA:531,54,0,0
BRDA:531,54,1,0
BRDA:536,55,0,0
BRDA:536,55,1,0
BRDA:538,56,0,0
BRDA:538,56,1,0
BRDA:538,57,0,0
BRDA:538,57,1,0
BRDA:544,58,0,0
BRDA:544,58,1,0
BRDA:545,59,0,0
BRDA:545,59,1,0
BRDA:558,60,0,0
BRDA:558,60,1,0
BRDA:558,60,2,0
BRDA:578,61,0,0
BRDA:578,61,1,0
BRDA:580,62,0,0
BRDA:580,62,1,0
BRDA:595,63,0,0
BRDA:595,63,1,0
BRF:136
BRH:0
end_of_record
TN:
SF:src/components/common/ManageTenantAccessTable/index.ts
FNF:0
FNH:0
LF:0
LH:0
BRF:0
BRH:0
end_of_record
TN:
SF:src/components/common/MarkdownRenderer/MarkdownRenderer.tsx
FN:10,(anonymous_0)
FNF:1
FNH:0
FNDA:0,(anonymous_0)
DA:10,2
DA:11,0
LF:2
LH:1
BRF:0
BRH:0
end_of_record
TN:
SF:src/components/common/MarkdownRenderer/index.ts
FNF:0
FNH:0
LF:0
LH:0
BRF:0
BRH:0
end_of_record
TN:
SF:src/components/common/OrganizationAccessPanel/OrganizationAccessPanel.tsx
FN:30,(anonymous_0)
FN:31,(anonymous_1)
FN:40,(anonymous_2)
FN:47,(anonymous_3)
FN:61,(anonymous_4)
FN:84,(anonymous_5)
FN:85,(anonymous_6)
FN:86,(anonymous_7)
FN:103,(anonymous_8)
FN:108,(anonymous_9)
FN:115,(anonymous_10)
FN:120,(anonymous_11)
FN:123,(anonymous_12)
FN:123,(anonymous_13)
FN:128,(anonymous_14)
FN:134,(anonymous_15)
FN:174,(anonymous_16)
FN:198,(anonymous_17)
FN:201,(anonymous_18)
FN:238,(anonymous_19)
FN:247,(anonymous_20)
FN:257,(anonymous_21)
FNF:22
FNH:0
FNDA:0,(anonymous_0)
FNDA:0,(anonymous_1)
FNDA:0,(anonymous_2)
FNDA:0,(anonymous_3)
FNDA:0,(anonymous_4)
FNDA:0,(anonymous_5)
FNDA:0,(anonymous_6)
FNDA:0,(anonymous_7)
FNDA:0,(anonymous_8)
FNDA:0,(anonymous_9)
FNDA:0,(anonymous_10)
FNDA:0,(anonymous_11)
FNDA:0,(anonymous_12)
FNDA:0,(anonymous_13)
FNDA:0,(anonymous_14)
FNDA:0,(anonymous_15)
FNDA:0,(anonymous_16)
FNDA:0,(anonymous_17)
FNDA:0,(anonymous_18)
FNDA:0,(anonymous_19)
FNDA:0,(anonymous_20)
FNDA:0,(anonymous_21)
DA:21,2
DA:27,2
DA:30,2
DA:31,0
DA:40,0
DA:47,2
DA:48,0
DA:49,0
DA:51,0
DA:52,0
DA:53,0
DA:54,0
DA:55,0
DA:56,0
DA:57,0
DA:58,0
DA:59,0
DA:61,0
DA:62,0
DA:64,0
DA:65,0
DA:66,0
DA:68,0
DA:71,0
DA:72,0
DA:80,0
DA:81,0
DA:82,0
DA:84,0
DA:85,0
DA:86,0
DA:87,0
DA:89,0
DA:92,0
DA:93,0
DA:97,0
DA:98,0
DA:103,0
DA:104,0
DA:108,0
DA:109,0
DA:110,0
DA:115,0
DA:116,0
DA:120,0
DA:122,0
DA:123,0
DA:128,0
DA:129,0
DA:133,0
DA:135,0
DA:137,0
DA:138,0
DA:139,0
DA:142,0
DA:143,0
DA:144,0
DA:153,0
DA:154,0
DA:155,0
DA:163,0
DA:164,0
DA:173,0
DA:175,0
DA:177,0
DA:178,0
DA:179,0
DA:180,0
DA:187,0
DA:188,0
DA:197,0
DA:199,0
DA:201,0
DA:202,0
DA:204,0
DA:205,0
DA:206,0
DA:212,0
DA:220,0
DA:221,0
DA:228,0
DA:238,0
DA:247,0
DA:257,0
LF:84
LH:4
BRDA:61,0,0,0
BRDA:62,1,0,0
BRDA:62,1,1,0
BRDA:62,2,0,0
BRDA:62,2,1,0
BRDA:64,3,0,0
BRDA:64,3,1,0
BRDA:73,4,0,0
BRDA:73,4,1,0
BRDA:75,5,0,0
BRDA:75,5,1,0
BRDA:80,6,0,0
BRDA:80,6,1,0
BRDA:109,7,0,0
BRDA:109,7,1,0
BRDA:109,8,0,0
BRDA:109,8,1,0
BRDA:135,9,0,0
BRDA:135,9,1,0
BRDA:135,10,0,0
BRDA:135,10,1,0
BRDA:135,10,2,0
BRDA:143,11,0,0
BRDA:143,11,1,0
BRDA:154,12,0,0
BRDA:154,12,1,0
BRDA:175,13,0,0
BRDA:175,13,1,0
BRDA:175,14,0,0
BRDA:175,14,1,0
BRDA:199,15,0,0
BRDA:199,15,1,0
BRDA:199,16,0,0
BRDA:199,16,1,0
BRDA:202,17,0,0
BRDA:202,17,1,0
BRDA:220,18,0,0
BRDA:220,18,1,0
BRDA:237,19,0,0
BRDA:237,19,1,0
BRDA:259,20,0,0
BRDA:259,20,1,0
BRDA:259,20,2,0
BRDA:260,21,0,0
BRDA:260,21,1,0
BRDA:261,22,0,0
BRDA:261,22,1,0
BRDA:263,23,0,0
BRDA:263,23,1,0
BRF:49
BRH:0
end_of_record
TN:
SF:src/components/common/OrganizationAccessPanel/index.ts
FNF:0
FNH:0
LF:0
LH:0
BRF:0
BRH:0
end_of_record
TN:
SF:src/components/common/OrganizationSettingsPanel/OrganizationSettingsPanel.tsx
FN:32,(anonymous_0)
FN:47,(anonymous_1)
FN:56,(anonymous_2)
FN:77,(anonymous_3)
FN:81,(anonymous_4)
FNF:5
FNH:0
FNDA:0,(anonymous_0)
FNDA:0,(anonymous_1)
FNDA:0,(anonymous_2)
FNDA:0,(anonymous_3)
FNDA:0,(anonymous_4)
DA:32,2
DA:33,0
DA:34,0
DA:35,0
DA:37,0
DA:38,0
DA:39,0
DA:41,0
DA:48,0
DA:49,0
DA:51,0
DA:56,0
DA:57,0
DA:58,0
DA:59,0
DA:60,0
DA:61,0
DA:62,0
DA:66,0
DA:73,0
DA:77,0
DA:78,0
DA:81,0
DA:82,0
DA:83,0
DA:85,0
DA:86,0
DA:87,0
DA:91,0
DA:95,0
DA:99,0
DA:100,0
DA:107,0
DA:108,0
DA:115,0
LF:35
LH:1
BRDA:48,0,0,0
BRDA:48,0,1,0
BRDA:48,1,0,0
BRDA:48,1,1,0
BRDA:57,2,0,0
BRDA:57,2,1,0
BRDA:57,3,0,0
BRDA:57,3,1,0
BRDA:63,4,0,0
BRDA:63,4,1,0
BRDA:64,5,0,0
BRDA:64,5,1,0
BRDA:67,6,0,0
BRDA:67,6,1,0
BRDA:68,7,0,0
BRDA:68,7,1,0
BRDA:83,8,0,0
BRDA:83,8,1,0
BRDA:83,9,0,0
BRDA:83,9,1,0
BRDA:89,10,0,0
BRDA:89,10,1,0
BRDA:99,11,0,0
BRDA:99,11,1,0
BRDA:107,12,0,0
BRDA:107,12,1,0
BRDA:135,13,0,0
BRDA:135,13,1,0
BRDA:145,14,0,0
BRDA:145,14,1,0
BRF:30
BRH:0
end_of_record
TN:
SF:src/components/common/OrganizationSettingsPanel/index.ts
FNF:0
FNH:0
LF:0
LH:0
BRF:0
BRH:0
end_of_record
TN:
SF:src/components/common/PageHeader/PageHeader.tsx
FN:21,(anonymous_0)
FNF:1
FNH:0
FNDA:0,(anonymous_0)
DA:21,2
DA:29,0
LF:2
LH:1
BRDA:27,0,0,0
BRDA:36,1,0,0
BRDA:36,1,1,0
BRDA:45,2,0,0
BRDA:45,2,1,0
BRDA:45,2,2,0
BRF:6
BRH:0
end_of_record
TN:
SF:src/components/common/PageHeader/index.ts
FNF:0
FNH:0
LF:0
LH:0
BRF:0
BRH:0
end_of_record
TN:
SF:src/components/common/PermissionGate/PermissionGate.tsx
FN:19,(anonymous_0)
FN:67,(anonymous_1)
FNF:2
FNH:2
FNDA:14,(anonymous_0)
FNDA:1,(anonymous_1)
DA:19,3
DA:29,14
DA:30,14
DA:32,14
DA:34,14
DA:35,5
DA:36,9
DA:37,2
DA:40,14
DA:41,8
DA:43,0
DA:44,0
DA:46,4
DA:47,4
DA:49,4
DA:50,4
DA:54,14
DA:55,7
DA:58,7
DA:59,6
DA:62,1
DA:64,14
DA:68,1
DA:69,1
DA:71,0
LF:25
LH:22
BRDA:24,0,0,14
BRDA:25,1,0,14
BRDA:26,2,0,14
BRDA:34,3,0,5
BRDA:34,3,1,9
BRDA:36,4,0,2
BRDA:36,4,1,7
BRDA:36,5,0,9
BRDA:36,5,1,2
BRDA:40,6,0,8
BRDA:40,6,1,6
BRDA:40,7,0,14
BRDA:40,7,1,11
BRDA:41,8,0,0
BRDA:41,8,1,4
BRDA:41,8,2,4
BRDA:54,9,0,7
BRDA:54,9,1,7
BRDA:58,10,0,6
BRDA:58,10,1,1
BRDA:62,11,0,1
BRDA:62,11,1,1
BRDA:68,12,0,1
BRDA:68,12,1,0
BRF:24
BRH:22
end_of_record
TN:
SF:src/components/common/PermissionGate/index.ts
FNF:0
FNH:0
LF:0
LH:0
BRF:0
BRH:0
end_of_record
TN:
SF:src/components/common/SecretField/SecretField.tsx
FN:30,(anonymous_0)
FN:44,(anonymous_1)
FN:51,(anonymous_2)
FN:55,(anonymous_3)
FN:107,(anonymous_4)
FNF:5
FNH:0
FNDA:0,(anonymous_0)
FNDA:0,(anonymous_1)
FNDA:0,(anonymous_2)
FNDA:0,(anonymous_3)
FNDA:0,(anonymous_4)
DA:30,2
DA:42,0
DA:44,0
DA:45,0
DA:47,0
DA:51,0
DA:52,0
DA:53,0
DA:55,0
DA:58,0
DA:62,0
DA:108,0
LF:12
LH:1
BRDA:33,0,0,0
BRDA:36,1,0,0
BRDA:38,2,0,0
BRDA:39,3,0,0
BRDA:45,4,0,0
BRDA:45,4,1,0
BRDA:52,5,0,0
BRDA:52,5,1,0
BRDA:58,6,0,0
BRDA:58,6,1,0
BRDA:58,7,0,0
BRDA:58,7,1,0
BRDA:60,8,0,0
BRDA:60,8,1,0
BRDA:69,9,0,0
BRDA:69,9,1,0
BRDA:78,10,0,0
BRDA:78,10,1,0
BRDA:78,11,0,0
BRDA:78,11,1,0
BRDA:85,12,0,0
BRDA:85,12,1,0
BRDA:86,13,0,0
BRDA:86,13,1,0
BRDA:93,14,0,0
BRDA:93,14,1,0
BRDA:101,15,0,0
BRDA:101,15,1,0
BRDA:105,16,0,0
BRDA:105,16,1,0
BRDA:105,16,2,0
BRDA:108,17,0,0
BRDA:108,17,1,0
BRDA:111,18,0,0
BRDA:111,18,1,0
BRDA:115,19,0,0
BRDA:115,19,1,0
BRDA:122,20,0,0
BRDA:122,20,1,0
BRF:39
BRH:0
end_of_record
TN:
SF:src/components/common/SecretField/index.ts
FNF:0
FNH:0
LF:0
LH:0
BRF:0
BRH:0
end_of_record
TN:
SF:src/components/common/TagInput/TagInput.tsx
FN:18,(anonymous_0)
FN:40,(anonymous_1)
FN:62,(anonymous_2)
FN:63,(anonymous_3)
FN:91,(anonymous_4)
FN:92,(anonymous_5)
FN:118,(anonymous_6)
FN:119,(anonymous_7)
FN:126,(anonymous_8)
FN:129,(anonymous_9)
FN:143,(anonymous_10)
FN:144,(anonymous_11)
FN:148,(anonymous_12)
FN:163,(anonymous_13)
FN:168,(anonymous_14)
FN:175,(anonymous_15)
FN:182,(anonymous_16)
FN:186,(anonymous_17)
FN:208,(anonymous_18)
FN:215,(anonymous_19)
FN:231,(anonymous_20)
FN:237,(anonymous_21)
FN:264,(anonymous_22)
FN:268,(anonymous_23)
FN:272,(anonymous_24)
FNF:25
FNH:0
FNDA:0,(anonymous_0)
FNDA:0,(anonymous_1)
FNDA:0,(anonymous_2)
FNDA:0,(anonymous_3)
FNDA:0,(anonymous_4)
FNDA:0,(anonymous_5)
FNDA:0,(anonymous_6)
FNDA:0,(anonymous_7)
FNDA:0,(anonymous_8)
FNDA:0,(anonymous_9)
FNDA:0,(anonymous_10)
FNDA:0,(anonymous_11)
FNDA:0,(anonymous_12)
FNDA:0,(anonymous_13)
FNDA:0,(anonymous_14)
FNDA:0,(anonymous_15)
FNDA:0,(anonymous_16)
FNDA:0,(anonymous_17)
FNDA:0,(anonymous_18)
FNDA:0,(anonymous_19)
FNDA:0,(anonymous_20)
FNDA:0,(anonymous_21)
FNDA:0,(anonymous_22)
FNDA:0,(anonymous_23)
FNDA:0,(anonymous_24)
DA:18,2
DA:28,0
DA:29,0
DA:30,0
DA:31,0
DA:32,0
DA:33,0
DA:34,0
DA:35,0
DA:36,0
DA:37,0
DA:40,0
DA:41,0
DA:42,0
DA:43,0
DA:52,0
DA:53,0
DA:56,0
DA:59,0
DA:62,0
DA:63,0
DA:65,0
DA:66,0
DA:67,0
DA:71,0
DA:72,0
DA:73,0
DA:74,0
DA:76,0
DA:79,0
DA:80,0
DA:81,0
DA:85,0
DA:86,0
DA:87,0
DA:89,0
DA:90,0
DA:91,0
DA:93,0
DA:98,0
DA:103,0
DA:104,0
DA:105,0
DA:107,0
DA:108,0
DA:110,0
DA:114,0
DA:118,0
DA:119,0
DA:120,0
DA:121,0
DA:125,0
DA:126,0
DA:129,0
DA:130,0
DA:131,0
DA:132,0
DA:133,0
DA:135,0
DA:136,0
DA:137,0
DA:138,0
DA:139,0
DA:140,0
DA:143,0
DA:144,0
DA:145,0
DA:148,0
DA:149,0
DA:150,0
DA:151,0
DA:152,0
DA:153,0
DA:154,0
DA:155,0
DA:156,0
DA:157,0
DA:159,0
DA:160,0
DA:161,0
DA:162,0
DA:163,0
DA:164,0
DA:166,0
DA:167,0
DA:168,0
DA:169,0
DA:170,0
DA:171,0
DA:175,0
DA:176,0
DA:177,0
DA:178,0
DA:182,0
DA:183,0
DA:186,0
DA:187,0
DA:190,0
DA:209,0
DA:216,0
DA:217,0
DA:232,0
DA:233,0
DA:234,0
DA:238,0
DA:265,0
DA:269,0
DA:270,0
DA:272,0
LF:109
LH:1
BRDA:19,0,0,0
BRDA:21,1,0,0
BRDA:25,2,0,0
BRDA:41,3,0,0
BRDA:41,3,1,0
BRDA:41,4,0,0
BRDA:41,4,1,0
BRDA:65,5,0,0
BRDA:65,5,1,0
BRDA:65,6,0,0
BRDA:65,6,1,0
BRDA:65,6,2,0
BRDA:65,6,3,0
BRDA:71,7,0,0
BRDA:71,7,1,0
BRDA:76,8,0,0
BRDA:76,8,1,0
BRDA:76,9,0,0
BRDA:76,9,1,0
BRDA:76,9,2,0
BRDA:89,10,0,0
BRDA:89,10,1,0
BRDA:89,11,0,0
BRDA:89,11,1,0
BRDA:93,12,0,0
BRDA:93,12,1,0
BRDA:120,13,0,0
BRDA:120,13,1,0
BRDA:120,14,0,0
BRDA:120,14,1,0
BRDA:131,15,0,0
BRDA:131,15,1,0
BRDA:132,16,0,0
BRDA:132,16,1,0
BRDA:133,17,0,0
BRDA:133,17,1,0
BRDA:133,18,0,0
BRDA:133,18,1,0
BRDA:149,19,0,0
BRDA:149,19,1,0
BRDA:149,20,0,0
BRDA:149,20,1,0
BRDA:152,21,0,0
BRDA:152,21,1,0
BRDA:154,22,0,0
BRDA:154,22,1,0
BRDA:154,23,0,0
BRDA:154,23,1,0
BRDA:156,24,0,0
BRDA:156,24,1,0
BRDA:159,25,0,0
BRDA:159,25,1,0
BRDA:159,26,0,0
BRDA:159,26,1,0
BRDA:159,26,2,0
BRDA:161,27,0,0
BRDA:161,27,1,0
BRDA:164,28,0,0
BRDA:164,28,1,0
BRDA:166,29,0,0
BRDA:166,29,1,0
BRDA:168,30,0,0
BRDA:168,30,1,0
BRDA:169,31,0,0
BRDA:169,31,1,0
BRDA:177,32,0,0
BRDA:177,32,1,0
BRDA:192,33,0,0
BRDA:192,33,1,0
BRDA:197,34,0,0
BRDA:197,34,1,0
BRDA:204,35,0,0
BRDA:204,35,1,0
BRDA:204,36,0,0
BRDA:204,36,1,0
BRDA:211,37,0,0
BRDA:211,37,1,0
BRDA:233,38,0,0
BRDA:233,38,1,0
BRDA:233,39,0,0
BRDA:233,39,1,0
BRDA:240,40,0,0
BRDA:240,40,1,0
BRDA:241,41,0,0
BRDA:241,41,1,0
BRDA:241,41,2,0
BRDA:245,42,0,0
BRDA:245,42,1,0
BRDA:251,43,0,0
BRDA:251,43,1,0
BRDA:251,43,2,0
BRDA:267,44,0,0
BRDA:267,44,1,0
BRDA:281,45,0,0
BRDA:281,45,1,0
BRF:95
BRH:0
end_of_record
TN:
SF:src/components/common/TagInput/index.ts
FNF:0
FNH:0
LF:0
LH:0
BRF:0
BRH:0
end_of_record
TN:
SF:src/components/common/TracesTable/TracesTable.tsx
FN:84,formatRelativeTime
FN:104,(anonymous_1)
FN:125,(anonymous_2)
FN:129,(anonymous_3)
FN:134,(anonymous_4)
FN:148,(anonymous_5)
FN:152,(anonymous_6)
FN:160,(anonymous_7)
FN:165,(anonymous_8)
FN:235,(anonymous_9)
FN:273,(anonymous_10)
FN:277,(anonymous_11)
FN:321,(anonymous_12)
FN:326,(anonymous_13)
FN:330,(anonymous_14)
FN:339,(anonymous_15)
FNF:16
FNH:0
FNDA:0,formatRelativeTime
FNDA:0,(anonymous_1)
FNDA:0,(anonymous_2)
FNDA:0,(anonymous_3)
FNDA:0,(anonymous_4)
FNDA:0,(anonymous_5)
FNDA:0,(anonymous_6)
FNDA:0,(anonymous_7)
FNDA:0,(anonymous_8)
FNDA:0,(anonymous_9)
FNDA:0,(anonymous_10)
FNDA:0,(anonymous_11)
FNDA:0,(anonymous_12)
FNDA:0,(anonymous_13)
FNDA:0,(anonymous_14)
FNDA:0,(anonymous_15)
DA:67,2
DA:75,2
DA:85,0
DA:86,0
DA:87,0
DA:88,0
DA:89,0
DA:90,0
DA:91,0
DA:93,0
DA:94,0
DA:95,0
DA:96,0
DA:97,0
DA:104,2
DA:121,0
DA:122,0
DA:123,0
DA:125,0
DA:126,0
DA:129,0
DA:130,0
DA:131,0
DA:133,0
DA:135,0
DA:136,0
DA:137,0
DA:147,0
DA:148,0
DA:151,0
DA:153,0
DA:154,0
DA:160,0
DA:161,0
DA:164,0
DA:166,0
DA:167,0
DA:173,0
DA:175,0
DA:236,0
DA:274,0
DA:277,0
DA:321,0
[...]
DA:653,0
DA:657,0
DA:658,0
DA:659,0
DA:663,0
DA:664,0
DA:666,0
DA:668,0
DA:669,0
DA:675,0
DA:677,0
DA:681,0
DA:682,0
DA:683,0
DA:685,0
DA:686,0
DA:688,0
DA:689,0
DA:691,0
DA:692,0
DA:694,0
DA:695,0
DA:700,0
DA:701,0
DA:702,0
DA:707,0
DA:708,0
DA:709,0
DA:714,0
DA:715,0
DA:716,0
DA:721,0
DA:722,0
DA:723,0
DA:728,0
DA:729,0
DA:730,0
DA:735,0
DA:736,0
DA:738,0
DA:739,0
DA:740,0
DA:744,0
DA:745,0
DA:749,0
DA:753,0
DA:754,0
DA:756,0
DA:757,0
DA:758,0
DA:759,0
DA:760,0
DA:765,0
DA:769,0
DA:770,0
DA:774,0
DA:775,0
DA:778,0
DA:780,0
DA:782,0
DA:784,0
DA:785,0
DA:788,0
DA:789,0
DA:790,0
DA:799,0
DA:800,0
DA:801,0
DA:809,0
DA:811,0
DA:819,0
DA:821,0
DA:824,0
DA:825,0
DA:827,0
DA:828,0
DA:829,0
DA:836,0
DA:844,0
DA:846,0
DA:848,0
DA:849,0
DA:851,0
DA:852,0
DA:859,0
DA:861,0
DA:869,0
DA:871,0
DA:873,0
DA:874,0
DA:876,0
DA:877,0
DA:878,0
DA:885,0
DA:892,0
DA:893,0
DA:895,0
DA:896,0
DA:897,0
DA:898,0
DA:899,0
DA:903,0
DA:907,0
DA:908,0
DA:909,0
DA:912,0
DA:913,0
DA:914,0
DA:918,0
DA:919,0
DA:921,0
DA:922,0
DA:923,0
DA:924,0
DA:925,0
DA:929,0
DA:933,0
DA:934,0
DA:935,0
DA:938,0
DA:939,0
DA:940,0
DA:943,0
DA:944,0
DA:948,0
DA:949,0
DA:951,0
DA:952,0
DA:953,0
DA:954,0
DA:955,0
DA:959,0
DA:963,0
DA:964,0
DA:965,0
DA:968,0
DA:969,0
DA:970,0
DA:973,0
DA:974,0
DA:978,0
DA:979,0
DA:981,0
DA:982,0
DA:983,0
DA:984,0
DA:985,0
DA:989,0
DA:994,0
DA:995,0
DA:1000,0
DA:1001,0
DA:1009,0
DA:1010,0
DA:1019,0
DA:1125,0
DA:1154,0
DA:1181,0
DA:1187,0
DA:1211,0
DA:1239,0
DA:1242,0
DA:1264,0
DA:1273,0
DA:1274,0
DA:1282,0
DA:1283,0
DA:1293,0
DA:1294,0
DA:1346,0
DA:1361,0
DA:1386,0
DA:1415,0
DA:1418,0
DA:1445,0
DA:1455,0
DA:1456,0
DA:1465,0
DA:1466,0
DA:1478,0
DA:1479,0
DA:1532,0
DA:1538,0
DA:1563,0
DA:1592,0
DA:1595,0
DA:1622,0
DA:1632,0
DA:1633,0
DA:1642,0
DA:1643,0
DA:1655,0
DA:1656,0
DA:1708,0
DA:1731,0
DA:1758,0
DA:1790,0
DA:1793,0
DA:1821,0
DA:1841,0
DA:1850,0
DA:1851,0
DA:1861,0
DA:1862,0
DA:1931,0
DA:1942,0
DA:1956,0
DA:1968,0
DA:1980,0
DA:1981,0
DA:1991,0
DA:1997,0
DA:2007,0
DA:2008,0
DA:2024,0
DA:2034,0
DA:2035,0
DA:2051,0
DA:2061,0
DA:2062,0
DA:2068,0
DA:2069,0
DA:2076,0
LF:511
LH:0
BRDA:86,0,0,0
BRDA:86,0,1,0
BRDA:89,1,0,0
BRDA:89,1,1,0
BRDA:104,2,0,0
BRDA:104,2,1,0
BRDA:109,3,0,0
BRDA:109,3,1,0
BRDA:109,4,0,0
BRDA:109,4,1,0
BRDA:127,5,0,0
BRDA:127,5,1,0
BRDA:128,6,0,0
BRDA:128,6,1,0
BRDA:132,7,0,0
BRDA:132,7,1,0
BRDA:132,8,0,0
BRDA:132,8,1,0
BRDA:230,9,0,0
BRDA:230,9,1,0
BRDA:230,9,2,0
BRDA:264,10,0,0
BRDA:264,10,1,0
BRDA:265,11,0,0
BRDA:265,11,1,0
BRDA:266,12,0,0
BRDA:266,12,1,0
BRDA:267,13,0,0
BRDA:267,13,1,0
BRDA:285,14,0,0
BRDA:285,14,1,0
BRDA:285,14,2,0
BRDA:285,14,3,0
BRDA:285,14,4,0
BRDA:285,14,5,0
BRDA:285,14,6,0
BRDA:285,14,7,0
BRDA:307,15,0,0
BRDA:307,15,1,0
BRDA:310,16,0,0
BRDA:310,16,1,0
BRDA:317,17,0,0
BRDA:318,18,0,0
BRDA:318,18,1,0
BRDA:318,19,0,0
BRDA:318,19,1,0
BRDA:320,20,0,0
BRDA:320,20,1,0
BRDA:321,21,0,0
BRDA:321,21,1,0
BRDA:328,22,0,0
BRDA:328,22,1,0
BRDA:334,23,0,0
BRDA:334,23,1,0
BRDA:335,24,0,0
BRDA:335,24,1,0
BRDA:345,25,0,0
BRDA:345,25,1,0
BRDA:346,26,0,0
BRDA:346,26,1,0
BRDA:347,27,0,0
BRDA:347,27,1,0
BRDA:348,28,0,0
BRDA:348,28,1,0
BRDA:353,29,0,0
BRDA:353,29,1,0
BRDA:393,30,0,0
BRDA:393,30,1,0
BRDA:393,31,0,0
BRDA:393,31,1,0
BRDA:399,32,0,0
BRDA:400,33,0,0
BRDA:400,33,1,0
BRDA:400,34,0,0
BRDA:400,34,1,0
BRDA:402,35,0,0
BRDA:402,35,1,0
BRDA:403,36,0,0
BRDA:403,36,1,0
BRDA:410,37,0,0
BRDA:410,37,1,0
BRDA:416,38,0,0
BRDA:416,38,1,0
BRDA:419,39,0,0
BRDA:419,39,1,0
BRDA:444,40,0,0
BRDA:444,40,1,0
BRDA:444,41,0,0
BRDA:444,41,1,0
BRDA:451,42,0,0
BRDA:451,42,1,0
BRDA:451,43,0,0
BRDA:451,43,1,0
BRDA:451,43,2,0
BRDA:451,43,3,0
BRDA:455,44,0,0
BRDA:455,44,1,0
BRDA:455,45,0,0
BRDA:455,45,1,0
BRDA:455,45,2,0
BRDA:468,46,0,0
BRDA:469,47,0,0
BRDA:469,47,1,0
BRDA:469,48,0,0
BRDA:469,48,1,0
BRDA:471,49,0,0
BRDA:471,49,1,0
BRDA:472,50,0,0
BRDA:472,50,1,0
BRDA:479,51,0,0
BRDA:479,51,1,0
BRDA:485,52,0,0
BRDA:485,52,1,0
BRDA:490,53,0,0
BRDA:490,53,1,0
BRDA:515,54,0,0
BRDA:515,54,1,0
BRDA:515,55,0,0
BRDA:515,55,1,0
BRDA:522,56,0,0
BRDA:522,56,1,0
BRDA:522,57,0,0
BRDA:522,57,1,0
BRDA:522,57,2,0
BRDA:522,57,3,0
BRDA:526,58,0,0
BRDA:526,58,1,0
BRDA:526,59,0,0
BRDA:526,59,1,0
BRDA:526,59,2,0
BRDA:539,60,0,0
BRDA:540,61,0,0
BRDA:540,61,1,0
BRDA:540,62,0,0
BRDA:540,62,1,0
BRDA:542,63,0,0
BRDA:542,63,1,0
BRDA:543,64,0,0
BRDA:543,64,1,0
BRDA:550,65,0,0
BRDA:550,65,1,0
BRDA:556,66,0,0
BRDA:556,66,1,0
BRDA:557,67,0,0
BRDA:557,67,1,0
BRDA:562,68,0,0
BRDA:562,68,1,0
BRDA:587,69,0,0
BRDA:587,69,1,0
BRDA:587,70,0,0
BRDA:587,70,1,0
BRDA:594,71,0,0
BRDA:594,71,1,0
BRDA:594,72,0,0
BRDA:594,72,1,0
BRDA:594,72,2,0
BRDA:594,72,3,0
BRDA:598,73,0,0
BRDA:598,73,1,0
BRDA:598,74,0,0
BRDA:598,74,1,0
BRDA:598,74,2,0
BRDA:611,75,0,0
BRDA:612,76,0,0
BRDA:612,76,1,0
BRDA:612,77,0,0
BRDA:612,77,1,0
BRDA:614,78,0,0
BRDA:614,78,1,0
BRDA:615,79,0,0
BRDA:615,79,1,0
BRDA:622,80,0,0
BRDA:622,80,1,0
BRDA:628,81,0,0
BRDA:628,81,1,0
BRDA:629,82,0,0
BRDA:629,82,1,0
BRDA:630,83,0,0
BRDA:630,83,1,0
BRDA:635,84,0,0
BRDA:635,84,1,0
BRDA:658,85,0,0
BRDA:658,85,1,0
BRDA:658,86,0,0
BRDA:658,86,1,0
BRDA:664,87,0,0
BRDA:664,87,1,0
BRDA:664,88,0,0
BRDA:664,88,1,0
BRDA:664,88,2,0
BRDA:664,88,3,0
BRDA:668,89,0,0
BRDA:668,89,1,0
BRDA:668,90,0,0
BRDA:668,90,1,0
BRDA:668,90,2,0
BRDA:682,91,0,0
BRDA:682,91,1,0
BRDA:682,92,0,0
BRDA:682,92,1,0
BRDA:685,93,0,0
BRDA:685,93,1,0
BRDA:685,94,0,0
BRDA:685,94,1,0
BRDA:688,95,0,0
BRDA:688,95,1,0
BRDA:688,96,0,0
BRDA:688,96,1,0
BRDA:691,97,0,0
BRDA:691,97,1,0
BRDA:691,98,0,0
BRDA:691,98,1,0
BRDA:694,99,0,0
BRDA:694,99,1,0
BRDA:694,100,0,0
BRDA:694,100,1,0
BRDA:701,101,0,0
BRDA:701,101,1,0
BRDA:701,102,0,0
BRDA:701,102,1,0
BRDA:708,103,0,0
BRDA:708,103,1,0
BRDA:708,104,0,0
BRDA:708,104,1,0
BRDA:715,105,0,0
BRDA:715,105,1,0
BRDA:715,106,0,0
BRDA:715,106,1,0
BRDA:722,107,0,0
BRDA:722,107,1,0
BRDA:722,108,0,0
BRDA:722,108,1,0
BRDA:729,109,0,0
BRDA:729,109,1,0
BRDA:729,110,0,0
BRDA:729,110,1,0
BRDA:736,111,0,0
BRDA:736,111,1,0
BRDA:736,112,0,0
BRDA:736,112,1,0
BRDA:742,113,0,0
BRDA:742,113,1,0
BRDA:754,114,0,0
BRDA:754,114,1,0
BRDA:754,115,0,0
BRDA:754,115,1,0
BRDA:780,116,0,0
BRDA:780,116,1,0
BRDA:780,117,0,0
BRDA:780,117,1,0
BRDA:780,117,2,0
BRDA:789,118,0,0
BRDA:789,118,1,0
BRDA:800,119,0,0
BRDA:800,119,1,0
BRDA:821,120,0,0
BRDA:821,120,1,0
BRDA:821,121,0,0
BRDA:821,121,1,0
BRDA:825,122,0,0
BRDA:825,122,1,0
BRDA:846,123,0,0
BRDA:846,123,1,0
BRDA:846,124,0,0
BRDA:846,124,1,0
BRDA:871,125,0,0
BRDA:871,125,1,0
BRDA:871,126,0,0
BRDA:871,126,1,0
BRDA:878,127,0,0
BRDA:878,127,1,0
BRDA:878,128,0,0
BRDA:878,128,1,0
BRDA:893,129,0,0
BRDA:893,129,1,0
BRDA:893,130,0,0
BRDA:893,130,1,0
BRDA:893,130,2,0
BRDA:907,131,0,0
BRDA:919,132,0,0
BRDA:919,132,1,0
BRDA:919,133,0,0
BRDA:919,133,1,0
BRDA:919,133,2,0
BRDA:933,134,0,0
BRDA:949,135,0,0
BRDA:949,135,1,0
BRDA:949,136,0,0
BRDA:949,136,1,0
BRDA:949,136,2,0
BRDA:963,137,0,0
BRDA:979,138,0,0
BRDA:979,138,1,0
BRDA:979,139,0,0
BRDA:979,139,1,0
BRDA:979,139,2,0
BRDA:1009,140,0,0
BRDA:1009,140,1,0
BRDA:1035,141,0,0
BRDA:1035,141,1,0
BRDA:1043,142,0,0
BRDA:1043,142,1,0
BRDA:1096,143,0,0
BRDA:1096,143,1,0
BRDA:1111,144,0,0
BRDA:1111,144,1,0
BRDA:1184,145,0,0
BRDA:1184,145,1,0
BRDA:1207,146,0,0
BRDA:1207,146,1,0
BRDA:1207,147,0,0
BRDA:1207,147,1,0
BRDA:1208,148,0,0
BRDA:1208,148,1,0
BRDA:1219,149,0,0
BRDA:1219,149,1,0
BRDA:1225,150,0,0
BRDA:1225,150,1,0
BRDA:1230,151,0,0
BRDA:1230,151,1,0
BRDA:1254,152,0,0
BRDA:1254,152,1,0
BRDA:1315,153,0,0
BRDA:1315,153,1,0
BRDA:1317,154,0,0
BRDA:1317,154,1,0
BRDA:1358,155,0,0
BRDA:1358,155,1,0
BRDA:1382,156,0,0
BRDA:1382,156,1,0
BRDA:1382,157,0,0
BRDA:1382,157,1,0
BRDA:1383,158,0,0
BRDA:1383,158,1,0
BRDA:1395,159,0,0
BRDA:1395,159,1,0
BRDA:1401,160,0,0
BRDA:1401,160,1,0
BRDA:1406,161,0,0
BRDA:1406,161,1,0
BRDA:1430,162,0,0
BRDA:1430,162,1,0
BRDA:1435,163,0,0
BRDA:1435,163,1,0
BRDA:1451,164,0,0
BRDA:1451,164,1,0
BRDA:1451,164,2,0
BRDA:1470,165,0,0
BRDA:1470,165,1,0
BRDA:1470,165,2,0
BRDA:1502,166,0,0
BRDA:1502,166,1,0
BRDA:1504,167,0,0
BRDA:1504,167,1,0
BRDA:1535,168,0,0
BRDA:1535,168,1,0
BRDA:1559,169,0,0
BRDA:1559,169,1,0
BRDA:1559,170,0,0
BRDA:1559,170,1,0
BRDA:1560,171,0,0
BRDA:1560,171,1,0
BRDA:1572,172,0,0
BRDA:1572,172,1,0
BRDA:1578,173,0,0
BRDA:1578,173,1,0
BRDA:1583,174,0,0
BRDA:1583,174,1,0
BRDA:1612,175,0,0
BRDA:1612,175,1,0
BRDA:1628,176,0,0
BRDA:1628,176,1,0
BRDA:1628,176,2,0
BRDA:1647,177,0,0
BRDA:1647,177,1,0
BRDA:1647,177,2,0
BRDA:1679,178,0,0
BRDA:1679,178,1,0
BRDA:1681,179,0,0
BRDA:1681,179,1,0
BRDA:1727,180,0,0
BRDA:1727,180,1,0
BRDA:1727,180,2,0
BRDA:1754,181,0,0
BRDA:1754,181,1,0
BRDA:1754,182,0,0
BRDA:1754,182,1,0
BRDA:1755,183,0,0
BRDA:1755,183,1,0
BRDA:1770,184,0,0
BRDA:1770,184,1,0
BRDA:1776,185,0,0
BRDA:1776,185,1,0
BRDA:1781,186,0,0
BRDA:1781,186,1,0
BRDA:1781,187,0,0
BRDA:1781,187,1,0
BRDA:1781,187,2,0
BRDA:1805,188,0,0
BRDA:1805,188,1,0
BRDA:1814,189,0,0
BRDA:1814,189,1,0
BRDA:1815,190,0,0
BRDA:1815,190,1,0
BRDA:1820,191,0,0
BRDA:1820,191,1,0
BRDA:1831,192,0,0
BRDA:1831,192,1,0
BRDA:1882,193,0,0
BRDA:1882,193,1,0
BRDA:1884,194,0,0
BRDA:1884,194,1,0
BRDA:1970,195,0,0
BRDA:1970,195,1,0
BRDA:1970,195,2,0
BRDA:1971,196,0,0
BRDA:1971,196,1,0
BRDA:1972,197,0,0
BRDA:1972,197,1,0
BRDA:1974,198,0,0
BRDA:1974,198,1,0
BRF:421
BRH:0
end_of_record
TN:
SF:src/pages/TenantSettingsPage/index.ts
FNF:0
FNH:0
LF:0
LH:0
BRF:0
BRH:0
end_of_record
TN:
SF:src/pages/TracingDialogDevelopmentPage/TracingDialogDevelopmentPage.tsx
FN:39,(anonymous_0)
FN:66,(anonymous_1)
FN:108,(anonymous_2)
FN:121,(anonymous_3)
FN:129,(anonymous_4)
FN:135,(anonymous_5)
FN:169,(anonymous_6)
FN:171,(anonymous_7)
FN:187,(anonymous_8)
FN:189,(anonymous_9)
FNF:10
FNH:0
FNDA:0,(anonymous_0)
FNDA:0,(anonymous_1)
FNDA:0,(anonymous_2)
FNDA:0,(anonymous_3)
FNDA:0,(anonymous_4)
FNDA:0,(anonymous_5)
FNDA:0,(anonymous_6)
FNDA:0,(anonymous_7)
FNDA:0,(anonymous_8)
FNDA:0,(anonymous_9)
DA:39,0
DA:40,0
DA:41,0
DA:42,0
DA:45,0
DA:46,0
DA:47,0
DA:48,0
DA:51,0
DA:54,0
DA:59,0
DA:60,0
DA:61,0
DA:66,0
DA:67,0
DA:68,0
DA:69,0
DA:72,0
DA:73,0
DA:76,0
DA:77,0
DA:79,0
DA:82,0
DA:83,0
DA:87,0
DA:88,0
DA:93,0
DA:96,0
DA:98,0
DA:99,0
DA:101,0
DA:108,0
DA:109,0
DA:110,0
DA:111,0
DA:113,0
DA:114,0
DA:121,0
DA:122,0
DA:123,0
DA:129,0
DA:130,0
DA:131,0
DA:135,0
DA:136,0
DA:137,0
DA:141,0
DA:169,0
DA:171,0
DA:187,0
DA:189,0
LF:51
LH:0
BRDA:52,0,0,0
BRDA:52,0,1,0
BRDA:55,1,0,0
BRDA:55,1,1,0
BRDA:61,2,0,0
BRDA:61,2,1,0
BRDA:67,3,0,0
BRDA:67,3,1,0
BRDA:67,4,0,0
BRDA:67,4,1,0
BRDA:72,5,0,0
BRDA:72,5,1,0
BRDA:72,6,0,0
BRDA:72,6,1,0
BRDA:82,7,0,0
BRDA:82,7,1,0
BRDA:87,8,0,0
BRDA:87,8,1,0
BRDA:96,9,0,0
BRDA:96,9,1,0
BRDA:99,10,0,0
BRDA:99,10,1,0
BRDA:109,11,0,0
BRDA:109,11,1,0
BRDA:130,12,0,0
BRDA:130,12,1,0
BRDA:136,13,0,0
BRDA:136,13,1,0
BRDA:155,14,0,0
BRDA:155,14,1,0
BRDA:171,15,0,0
BRDA:171,15,1,0
BRDA:189,16,0,0
BRDA:189,16,1,0
BRDA:203,17,0,0
BRDA:203,17,1,0
BRDA:208,18,0,0
BRDA:208,18,1,0
BRF:38
BRH:0
end_of_record
TN:
SF:src/pages/TracingDialogDevelopmentPage/index.ts
FNF:0
FNH:0
LF:0
LH:0
BRF:0
BRH:0
end_of_record
TN:
SF:src/pages/WidgetDesignerPage/FieldPalette.tsx
FN:12,(anonymous_0)
FN:18,(anonymous_1)
FN:26,(anonymous_2)
FNF:3
FNH:0
FNDA:0,(anonymous_0)
FNDA:0,(anonymous_1)
FNDA:0,(anonymous_2)
DA:6,0
DA:12,0
DA:13,0
DA:15,0
DA:19,0
DA:20,0
DA:26,0
LF:7
LH:0
BRF:0
BRH:0
end_of_record
TN:
SF:src/pages/WidgetDesignerPage/FieldPreview.tsx
FN:22,(anonymous_0)
FN:33,(anonymous_1)
FNF:2
FNH:0
FNDA:0,(anonymous_0)
FNDA:0,(anonymous_1)
DA:22,0
DA:23,0
DA:25,0
DA:26,0
DA:31,0
DA:34,0
DA:36,0
DA:47,0
DA:59,0
DA:65,0
DA:76,0
DA:87,0
DA:96,0
DA:100,0
DA:111,0
LF:15
LH:0
BRDA:25,0,0,0
BRDA:25,0,1,0
BRDA:34,1,0,0
BRDA:34,1,1,0
BRDA:34,1,2,0
BRDA:34,1,3,0
BRDA:34,1,4,0
BRDA:34,1,5,0
BRDA:34,1,6,0
BRDA:34,1,7,0
BRDA:34,1,8,0
BRDA:61,2,0,0
BRDA:61,2,1,0
BRDA:70,3,0,0
BRDA:70,3,1,0
BRDA:81,4,0,0
BRDA:81,4,1,0
BRDA:96,5,0,0
BRDA:96,5,1,0
BRF:19
BRH:0
end_of_record
TN:
SF:src/pages/WidgetDesignerPage/FieldProperties.tsx
FN:24,(anonymous_0)
FN:37,(anonymous_1)
FN:41,(anonymous_2)
FN:48,(anonymous_3)
FN:50,(anonymous_4)
FN:63,(anonymous_5)
FN:73,(anonymous_6)
FN:79,(anonymous_7)
FN:85,(anonymous_8)
FN:97,(anonymous_9)
FN:108,(anonymous_10)
FN:119,(anonymous_11)
FN:124,(anonymous_12)
FN:128,(anonymous_13)
FN:136,(anonymous_14)
FN:145,(anonymous_15)
FN:149,(anonymous_16)
FN:167,(anonymous_17)
FN:177,(anonymous_18)
FN:183,(anonymous_19)
FN:198,(anonymous_20)
FN:198,(anonymous_21)
FN:204,(anonymous_22)
FNF:23
FNH:0
FNDA:0,(anonymous_0)
FNDA:0,(anonymous_1)
FNDA:0,(anonymous_2)
FNDA:0,(anonymous_3)
FNDA:0,(anonymous_4)
FNDA:0,(anonymous_5)
FNDA:0,(anonymous_6)
FNDA:0,(anonymous_7)
FNDA:0,(anonymous_8)
FNDA:0,(anonymous_9)
FNDA:0,(anonymous_10)
FNDA:0,(anonymous_11)
FNDA:0,(anonymous_12)
FNDA:0,(anonymous_13)
FNDA:0,(anonymous_14)
FNDA:0,(anonymous_15)
FNDA:0,(anonymous_16)
FNDA:0,(anonymous_17)
FNDA:0,(anonymous_18)
FNDA:0,(anonymous_19)
FNDA:0,(anonymous_20)
FNDA:0,(anonymous_21)
FNDA:0,(anonymous_22)
DA:24,0
DA:25,0
DA:26,0
DA:28,0
DA:29,0
DA:37,0
DA:38,0
DA:41,0
DA:42,0
DA:43,0
DA:44,0
DA:48,0
DA:49,0
DA:50,0
DA:54,0
DA:63,0
DA:73,0
DA:79,0
DA:85,0
DA:97,0
DA:108,0
DA:119,0
DA:125,0
DA:129,0
DA:130,0
DA:131,0
DA:136,0
DA:145,0
DA:150,0
DA:151,0
DA:152,0
DA:167,0
DA:177,0
DA:183,0
DA:198,0
DA:204,0
LF:36
LH:0
BRDA:28,0,0,0
BRDA:28,0,1,0
BRDA:42,1,0,0
BRDA:42,1,1,0
BRDA:42,2,0,0
BRDA:42,2,1,0
BRDA:49,3,0,0
BRDA:49,3,1,0
BRDA:59,4,0,0
BRDA:59,4,1,0
BRDA:59,4,2,0
BRDA:65,5,0,0
BRDA:65,5,1,0
BRDA:65,5,2,0
BRDA:72,6,0,0
BRDA:72,6,1,0
BRDA:78,7,0,0
BRDA:78,7,1,0
BRDA:84,8,0,0
BRDA:84,8,1,0
BRDA:85,9,0,0
BRDA:85,9,1,0
BRDA:93,10,0,0
BRDA:93,10,1,0
BRDA:96,11,0,0
BRDA:96,11,1,0
BRDA:97,12,0,0
BRDA:97,12,1,0
BRDA:104,13,0,0
BRDA:104,13,1,0
BRDA:107,14,0,0
BRDA:107,14,1,0
BRDA:111,15,0,0
BRDA:111,15,1,0
BRDA:111,15,2,0
BRDA:118,16,0,0
BRDA:118,16,1,0
BRDA:129,17,0,0
BRDA:129,17,1,0
BRDA:150,18,0,0
BRDA:150,18,1,0
BRDA:163,19,0,0
BRDA:163,19,1,0
BRDA:172,20,0,0
BRDA:172,20,1,0
BRDA:176,21,0,0
BRDA:176,21,1,0
BRDA:182,22,0,0
BRDA:182,22,1,0
BRDA:183,23,0,0
BRDA:183,23,1,0
BRDA:193,24,0,0
BRDA:193,24,1,0
BRDA:197,25,0,0
BRDA:197,25,1,0
BRDA:203,26,0,0
BRDA:203,26,1,0
BRDA:204,27,0,0
BRDA:204,27,1,0
BRF:59
BRH:0
end_of_record
TN:
SF:src/pages/WidgetDesignerPage/WidgetDesignerPage.tsx
FN:28,(anonymous_0)
FN:41,(anonymous_1)
FN:46,(anonymous_2)
FN:52,(anonymous_3)
FN:53,(anonymous_4)
FN:57,(anonymous_5)
FN:57,(anonymous_6)
FN:61,(anonymous_7)
FN:63,(anonymous_8)
FN:67,(anonymous_9)
FN:68,(anonymous_10)
FN:68,(anonymous_11)
FN:74,(anonymous_12)
FN:75,(anonymous_13)
FN:75,(anonymous_14)
FN:78,(anonymous_15)
FN:79,(anonymous_16)
FN:80,(anonymous_17)
FN:91,(anonymous_18)
FN:105,(anonymous_19)
FN:136,(anonymous_20)
FN:144,(anonymous_21)
FN:157,(anonymous_22)
FN:165,(anonymous_23)
FN:174,(anonymous_24)
FNF:25
FNH:0
FNDA:0,(anonymous_0)
FNDA:0,(anonymous_1)
FNDA:0,(anonymous_2)
FNDA:0,(anonymous_3)
FNDA:0,(anonymous_4)
FNDA:0,(anonymous_5)
FNDA:0,(anonymous_6)
FNDA:0,(anonymous_7)
FNDA:0,(anonymous_8)
FNDA:0,(anonymous_9)
FNDA:0,(anonymous_10)
FNDA:0,(anonymous_11)
FNDA:0,(anonymous_12)
FNDA:0,(anonymous_13)
FNDA:0,(anonymous_14)
FNDA:0,(anonymous_15)
FNDA:0,(anonymous_16)
FNDA:0,(anonymous_17)
FNDA:0,(anonymous_18)
FNDA:0,(anonymous_19)
FNDA:0,(anonymous_20)
FNDA:0,(anonymous_21)
FNDA:0,(anonymous_22)
FNDA:0,(anonymous_23)
FNDA:0,(anonymous_24)
DA:28,0
DA:29,0
DA:30,0
DA:31,0
DA:32,0
DA:33,0
DA:34,0
DA:35,0
DA:36,0
DA:37,0
DA:39,0
DA:41,0
DA:42,0
DA:44,0
DA:45,0
DA:47,0
DA:48,0
DA:49,0
DA:50,0
DA:53,0
DA:56,0
DA:57,0
DA:61,0
DA:62,0
DA:63,0
DA:64,0
DA:67,0
DA:68,0
DA:69,0
DA:70,0
DA:74,0
DA:75,0
DA:78,0
DA:79,0
DA:80,0
DA:81,0
DA:82,0
DA:83,0
DA:84,0
DA:85,0
DA:86,0
DA:87,0
DA:91,0
DA:92,0
DA:93,0
DA:96,0
DA:99,0
DA:105,0
DA:137,0
DA:138,0
DA:144,0
DA:157,0
DA:165,0
DA:174,0
LF:54
LH:0
BRDA:42,0,0,0
BRDA:42,0,1,0
BRDA:42,1,0,0
BRDA:42,1,1,0
BRDA:42,1,2,0
BRDA:48,2,0,0
BRDA:48,2,1,0
BRDA:57,3,0,0
BRDA:57,3,1,0
BRDA:69,4,0,0
BRDA:69,4,1,0
BRDA:75,5,0,0
BRDA:75,5,1,0
BRDA:81,6,0,0
BRDA:81,6,1,0
BRDA:82,7,0,0
BRDA:82,7,1,0
BRDA:82,8,0,0
BRDA:82,8,1,0
BRDA:83,9,0,0
BRDA:83,9,1,0
BRDA:83,10,0,0
BRDA:83,10,1,0
BRDA:85,11,0,0
BRDA:85,11,1,0
BRDA:92,12,0,0
BRDA:92,12,1,0
BRDA:92,13,0,0
BRDA:92,13,1,0
BRDA:92,13,2,0
BRDA:108,14,0,0
BRDA:108,14,1,0
BRDA:130,15,0,0
BRDA:130,15,1,0
BRDA:141,16,0,0
BRDA:141,16,1,0
BRDA:150,17,0,0
BRDA:150,17,1,0
BRDA:150,17,2,0
BRF:39
BRH:0
end_of_record
TN:
SF:src/pages/WidgetDesignerPage/index.ts
FNF:0
FNH:0
LF:0
LH:0
BRF:0
BRH:0
end_of_record
TN:
SF:src/pages/WidgetDesignerPage/types.ts
FN:56,(anonymous_0)
FNF:1
FNH:0
FNDA:0,(anonymous_0)
DA:32,0
DA:43,0
DA:54,0
DA:56,0
DA:57,0
DA:58,0
LF:6
LH:0
BRDA:61,0,0,0
BRDA:61,0,1,0
BRF:2
BRH:0
end_of_record
TN:
SF:src/routes/ProtectedRoute.tsx
FN:10,(anonymous_0)
FNF:1
FNH:0
FNDA:0,(anonymous_0)
DA:10,0
DA:11,0
DA:12,0
DA:15,0
DA:16,0
DA:23,0
DA:25,0
DA:26,0
DA:29,0
LF:9
LH:0
BRDA:15,0,0,0
BRDA:15,0,1,0
BRDA:23,1,0,0
BRDA:23,1,1,0
BRF:4
BRH:0
end_of_record
TN:
SF:src/routes/index.tsx
FN:21,(anonymous_0)
FNF:1
FNH:0
FNDA:0,(anonymous_0)
DA:21,0
DA:22,0
LF:2
LH:0
BRF:0
BRH:0
end_of_record
TN:
SF:src/theme/colors.ts
FNF:0
FNH:0
DA:4,0
DA:106,0
LF:2
LH:0
BRF:0
BRH:0
end_of_record
TN:
SF:src/theme/index.ts
FNF:0
FNH:0
LF:0
LH:0
BRF:0
BRH:0
end_of_record
TN:
SF:src/theme/mantineTheme.ts
FNF:0
FNH:0
DA:4,0
DA:139,0
LF:2
LH:0
BRF:0
BRH:0
end_of_record
TN:
SF:src/theme/spacing.ts
FNF:0
FNH:0
DA:2,0
LF:1
LH:0
BRF:0
BRH:0
end_of_record
TN:
SF:src/utils/fileUtils.ts
FN:11,(anonymous_0)
FN:21,(anonymous_1)
FN:27,(anonymous_2)
FN:28,(anonymous_3)
FN:30,(anonymous_4)
FN:40,(anonymous_5)
FN:63,(anonymous_6)
FNF:7
FNH:1
FNDA:9,(anonymous_0)
FNDA:0,(anonymous_1)
FNDA:0,(anonymous_2)
FNDA:0,(anonymous_3)
FNDA:0,(anonymous_4)
FNDA:0,(anonymous_5)
FNDA:0,(anonymous_6)
DA:5,4
DA:11,4
DA:12,9
DA:13,3
DA:15,6
DA:16,1
DA:18,5
DA:21,4
DA:22,0
DA:23,0
DA:24,0
DA:27,4
DA:28,0
DA:29,0
DA:30,0
DA:31,0
DA:32,0
DA:33,0
DA:35,0
DA:36,0
DA:40,4
DA:41,0
DA:42,0
DA:43,0
DA:45,0
DA:46,0
DA:55,0
DA:63,4
DA:66,0
LF:29
LH:11
BRDA:12,0,0,3
BRDA:12,0,1,6
BRDA:15,1,0,1
BRDA:15,1,1,5
BRDA:15,2,0,6
BRDA:15,2,1,1
BRDA:22,3,0,0
BRDA:22,3,1,0
BRDA:23,4,0,0
BRDA:23,4,1,0
BRDA:45,5,0,0
BRDA:45,5,1,0
BRF:12
BRH:6
end_of_record
TN:
SF:src/utils/toolConfigValidator.ts
FN:11,validateMCPServerConfig
FN:35,(anonymous_1)
FN:50,validateOpenAPIConfig
FN:78,(anonymous_3)
FN:79,(anonymous_4)
FN:89,normalizeToolConfig
FN:99,validateToolConfig
FNF:7
FNH:0
FNDA:0,validateMCPServerConfig
FNDA:0,(anonymous_1)
FNDA:0,validateOpenAPIConfig
FNDA:0,(anonymous_3)
FNDA:0,(anonymous_4)
FNDA:0,normalizeToolConfig
FNDA:0,validateToolConfig
DA:9,2
DA:12,0
DA:13,0
DA:15,0
DA:16,0
DA:18,0
DA:19,0
DA:21,0
DA:25,0
DA:26,0
DA:27,0
DA:28,0
DA:31,0
DA:32,0
DA:33,0
DA:35,0
DA:36,0
DA:37,0
DA:38,0
DA:40,0
DA:41,0
DA:47,0
DA:51,0
DA:52,0
DA:54,0
DA:56,0
DA:57,0
DA:58,0
DA:59,0
DA:60,0
DA:63,0
DA:64,0
DA:67,0
DA:68,0
DA:69,0
DA:70,0
DA:73,0
DA:74,0
DA:75,0
DA:76,0
DA:77,0
DA:78,0
DA:79,0
DA:80,0
DA:81,0
DA:86,0
DA:93,0
DA:94,0
DA:95,0
DA:96,0
DA:100,0
DA:101,0
DA:105,0
DA:106,0
DA:108,0
DA:111,0
DA:112,0
DA:115,0
DA:117,0
DA:119,0
DA:121,0
LF:61
LH:1
BRDA:15,0,0,0
BRDA:15,0,1,0
BRDA:15,1,0,0
BRDA:15,1,1,0
BRDA:25,2,0,0
BRDA:25,2,1,0
BRDA:25,3,0,0
BRDA:25,3,1,0
BRDA:27,4,0,0
BRDA:27,4,1,0
BRDA:31,5,0,0
BRDA:31,5,1,0
BRDA:32,6,0,0
BRDA:32,6,1,0
BRDA:37,7,0,0
BRDA:37,7,1,0
BRDA:37,8,0,0
BRDA:37,8,1,0
BRDA:40,9,0,0
BRDA:40,9,1,0
BRDA:40,10,0,0
BRDA:40,10,1,0
BRDA:54,11,0,0
BRDA:54,11,1,0
BRDA:57,12,0,0
BRDA:57,12,1,0
BRDA:57,13,0,0
BRDA:57,13,1,0
BRDA:59,14,0,0
BRDA:59,14,1,0
BRDA:63,15,0,0
BRDA:63,15,1,0
BRDA:63,16,0,0
BRDA:63,16,1,0
BRDA:67,17,0,0
BRDA:67,17,1,0
BRDA:68,18,0,0
BRDA:68,18,1,0
BRDA:69,19,0,0
BRDA:69,19,1,0
BRDA:69,20,0,0
BRDA:69,20,1,0
BRDA:73,21,0,0
BRDA:73,21,1,0
BRDA:73,22,0,0
BRDA:73,22,1,0
BRDA:75,23,0,0
BRDA:75,23,1,0
BRDA:75,24,0,0
BRDA:75,24,1,0
BRDA:80,25,0,0
BRDA:80,25,1,0
BRDA:93,26,0,0
BRDA:93,26,1,0
BRDA:94,27,0,0
BRDA:94,27,1,0
BRDA:95,28,0,0
BRDA:95,28,1,0
BRDA:95,29,0,0
BRDA:95,29,1,0
BRDA:100,30,0,0
BRDA:100,30,1,0
BRDA:111,31,0,0
BRDA:111,31,1,0
BRDA:111,32,0,0
BRDA:111,32,1,0
BRDA:111,32,2,0
BRDA:115,33,0,0
BRDA:115,33,1,0
BRDA:115,33,2,0
BRF:70
BRH:0
end_of_record
